2025-12-20 16:21:39,273 - __main__ - INFO - log_config_info - ============================================================
2025-12-20 16:21:39,276 - __main__ - INFO - log_config_info - Iris SVM Classification System Started
2025-12-20 16:21:39,278 - __main__ - INFO - log_config_info - ============================================================
2025-12-20 16:21:39,280 - __main__ - INFO - log_config_info - Configuration: {'train_split': 0.75, 'test_split': 0.25, 'random_state': 42, 'num_iterations': 5, 'svm_kernel': 'rbf', 'svm_c': 1.0, 'svm_gamma': 'scale'}
2025-12-20 16:21:39,282 - __main__ - INFO - log_config_info - Log directory: /mnt/c/Users/yair0/AI_continue/Lesson23/Lesson23_SVM/log
2025-12-20 16:21:39,311 - __main__ - INFO - log_config_info - Log rotation: 20 files × 16MB
2025-12-20 16:21:39,315 - __main__ - INFO - log_config_info - ============================================================
2025-12-20 16:21:39,317 - __main__ - INFO - main - Starting Iris SVM Classification System
2025-12-20 16:21:39,321 - iris_classifier.iteration_runner - INFO - run_with_multiprocessing - Using multiprocessing with 5 workers
2025-12-20 16:21:39,382 - iris_classifier.iteration_runner - INFO - run_single_iteration - 
============================================================
2025-12-20 16:21:39,383 - iris_classifier.iteration_runner - INFO - run_single_iteration - 
============================================================
2025-12-20 16:21:39,382 - iris_classifier.iteration_runner - INFO - run_single_iteration - 
============================================================
2025-12-20 16:21:39,385 - iris_classifier.iteration_runner - INFO - run_single_iteration - Starting Iteration 1/5
2025-12-20 16:21:39,383 - iris_classifier.iteration_runner - INFO - run_single_iteration - 
============================================================
2025-12-20 16:21:39,383 - iris_classifier.iteration_runner - INFO - run_single_iteration - 
============================================================
2025-12-20 16:21:39,388 - iris_classifier.iteration_runner - INFO - run_single_iteration - ============================================================
2025-12-20 16:21:39,387 - iris_classifier.iteration_runner - INFO - run_single_iteration - Starting Iteration 2/5
2025-12-20 16:21:39,390 - iris_classifier.iteration_runner - INFO - run_single_iteration - Starting Iteration 4/5
2025-12-20 16:21:39,387 - iris_classifier.iteration_runner - INFO - run_single_iteration - Starting Iteration 5/5
2025-12-20 16:21:39,390 - iris_classifier.iteration_runner - INFO - run_single_iteration - Starting Iteration 3/5
2025-12-20 16:21:39,391 - tasks.task_stage1 - INFO - run_stage1 - ============================================================
2025-12-20 16:21:39,392 - iris_classifier.iteration_runner - INFO - run_single_iteration - ============================================================
2025-12-20 16:21:39,393 - iris_classifier.iteration_runner - INFO - run_single_iteration - ============================================================
2025-12-20 16:21:39,393 - iris_classifier.iteration_runner - INFO - run_single_iteration - ============================================================
2025-12-20 16:21:39,396 - tasks.task_stage1 - INFO - run_stage1 - ============================================================
2025-12-20 16:21:39,395 - tasks.task_stage1 - INFO - run_stage1 - ITERATION 1 - STAGE 1: Group A vs Group B
2025-12-20 16:21:39,394 - iris_classifier.iteration_runner - INFO - run_single_iteration - ============================================================
2025-12-20 16:21:39,397 - tasks.task_stage1 - INFO - run_stage1 - ============================================================
2025-12-20 16:21:39,399 - tasks.task_stage1 - INFO - run_stage1 - ============================================================
2025-12-20 16:21:39,398 - tasks.task_stage1 - INFO - run_stage1 - ITERATION 2 - STAGE 1: Group A vs Group B
2025-12-20 16:21:39,397 - tasks.task_stage1 - INFO - run_stage1 - ============================================================
2025-12-20 16:21:39,400 - tasks.task_stage1 - INFO - run_stage1 - ITERATION 5 - STAGE 1: Group A vs Group B
2025-12-20 16:21:39,402 - tasks.task_stage1 - INFO - run_stage1 - ============================================================
2025-12-20 16:21:39,400 - tasks.task_stage1 - INFO - run_stage1 - ============================================================
2025-12-20 16:21:39,404 - tasks.task_stage1 - INFO - run_stage1 - ============================================================
2025-12-20 16:21:39,405 - iris_classifier.data_loader - INFO - load_iris_data - Loading data from: /mnt/c/Users/yair0/AI_continue/Lesson23/Lesson23_SVM/iris.csv
2025-12-20 16:21:39,401 - iris_classifier.data_loader - INFO - load_iris_data - Loading data from: /mnt/c/Users/yair0/AI_continue/Lesson23/Lesson23_SVM/iris.csv
2025-12-20 16:21:39,403 - tasks.task_stage1 - INFO - run_stage1 - ITERATION 4 - STAGE 1: Group A vs Group B
2025-12-20 16:21:39,405 - tasks.task_stage1 - INFO - run_stage1 - ITERATION 3 - STAGE 1: Group A vs Group B
2025-12-20 16:21:39,406 - iris_classifier.data_loader - INFO - load_iris_data - Loading data from: /mnt/c/Users/yair0/AI_continue/Lesson23/Lesson23_SVM/iris.csv
2025-12-20 16:21:39,408 - tasks.task_stage1 - INFO - run_stage1 - ============================================================
2025-12-20 16:21:39,408 - tasks.task_stage1 - INFO - run_stage1 - ============================================================
2025-12-20 16:21:39,410 - iris_classifier.data_loader - INFO - load_iris_data - Loading data from: /mnt/c/Users/yair0/AI_continue/Lesson23/Lesson23_SVM/iris.csv
2025-12-20 16:21:39,411 - iris_classifier.data_loader - INFO - load_iris_data - Loading data from: /mnt/c/Users/yair0/AI_continue/Lesson23/Lesson23_SVM/iris.csv
2025-12-20 16:21:39,435 - iris_classifier.data_loader - INFO - load_iris_data - Data loaded successfully: 150 samples, 5 features
2025-12-20 16:21:39,436 - iris_classifier.data_loader - INFO - load_iris_data - Data loaded successfully: 150 samples, 5 features
2025-12-20 16:21:39,435 - iris_classifier.data_loader - INFO - load_iris_data - Data loaded successfully: 150 samples, 5 features
2025-12-20 16:21:39,435 - iris_classifier.data_loader - INFO - load_iris_data - Data loaded successfully: 150 samples, 5 features
2025-12-20 16:21:39,435 - iris_classifier.data_loader - INFO - load_iris_data - Data loaded successfully: 150 samples, 5 features
2025-12-20 16:21:39,444 - tasks.task_stage1 - INFO - run_stage1 - Class mapping: {'setosa': 0, 'versicolor': 1, 'virginica': 2}
2025-12-20 16:21:39,444 - tasks.task_stage1 - INFO - run_stage1 - Class mapping: {'setosa': 0, 'versicolor': 1, 'virginica': 2}
2025-12-20 16:21:39,444 - tasks.task_stage1 - INFO - run_stage1 - Class mapping: {'setosa': 0, 'versicolor': 1, 'virginica': 2}
2025-12-20 16:21:39,444 - tasks.task_stage1 - INFO - run_stage1 - Class mapping: {'setosa': 0, 'versicolor': 1, 'virginica': 2}
2025-12-20 16:21:39,444 - tasks.task_stage1 - INFO - run_stage1 - Class mapping: {'setosa': 0, 'versicolor': 1, 'virginica': 2}
2025-12-20 16:21:39,445 - iris_classifier.data_loader - INFO - split_data - Splitting data: 75% train, 25% test
2025-12-20 16:21:39,446 - iris_classifier.data_loader - INFO - split_data - Splitting data: 75% train, 25% test
2025-12-20 16:21:39,447 - iris_classifier.data_loader - INFO - split_data - Splitting data: 75% train, 25% test
2025-12-20 16:21:39,446 - iris_classifier.data_loader - INFO - split_data - Splitting data: 75% train, 25% test
2025-12-20 16:21:39,447 - iris_classifier.data_loader - INFO - split_data - Splitting data: 75% train, 25% test
2025-12-20 16:21:39,457 - iris_classifier.data_loader - INFO - split_data - Train set: 112 samples
2025-12-20 16:21:39,457 - iris_classifier.data_loader - INFO - split_data - Train set: 112 samples
2025-12-20 16:21:39,457 - iris_classifier.data_loader - INFO - split_data - Train set: 112 samples
2025-12-20 16:21:39,458 - iris_classifier.data_loader - INFO - split_data - Test set: 38 samples
2025-12-20 16:21:39,459 - iris_classifier.data_loader - INFO - split_data - Test set: 38 samples
2025-12-20 16:21:39,457 - iris_classifier.data_loader - INFO - split_data - Train set: 112 samples
2025-12-20 16:21:39,457 - iris_classifier.data_loader - INFO - split_data - Train set: 112 samples
2025-12-20 16:21:39,460 - iris_classifier.data_loader - INFO - split_data - Train class distribution: [38 37 37]
2025-12-20 16:21:39,459 - iris_classifier.data_loader - INFO - split_data - Test set: 38 samples
2025-12-20 16:21:39,461 - iris_classifier.data_loader - INFO - split_data - Train class distribution: [38 37 37]
2025-12-20 16:21:39,461 - iris_classifier.data_loader - INFO - split_data - Test set: 38 samples
2025-12-20 16:21:39,462 - iris_classifier.data_loader - INFO - split_data - Test class distribution: [12 13 13]
2025-12-20 16:21:39,461 - iris_classifier.data_loader - INFO - split_data - Test set: 38 samples
2025-12-20 16:21:39,463 - iris_classifier.data_loader - INFO - split_data - Train class distribution: [37 37 38]
2025-12-20 16:21:39,462 - iris_classifier.data_loader - INFO - split_data - Train class distribution: [37 38 37]
2025-12-20 16:21:39,463 - iris_classifier.data_loader - INFO - split_data - Test class distribution: [12 13 13]
2025-12-20 16:21:39,464 - iris_classifier.preprocessor - INFO - group_classes_stage1 - Grouping classes for Stage 1: [0] vs [1, 2]
2025-12-20 16:21:39,465 - iris_classifier.data_loader - INFO - split_data - Test class distribution: [13 13 12]
2025-12-20 16:21:39,465 - iris_classifier.preprocessor - INFO - group_classes_stage1 - Grouping classes for Stage 1: [0] vs [1, 2]
2025-12-20 16:21:39,465 - iris_classifier.data_loader - INFO - split_data - Train class distribution: [38 37 37]
2025-12-20 16:21:39,465 - iris_classifier.data_loader - INFO - split_data - Test class distribution: [13 12 13]
2025-12-20 16:21:39,466 - iris_classifier.preprocessor - INFO - group_classes_stage1 - Grouping classes for Stage 1: [0] vs [1, 2]
2025-12-20 16:21:39,467 - iris_classifier.preprocessor - INFO - group_classes_stage1 - Stage 1 class distribution: [38 74]
2025-12-20 16:21:39,467 - iris_classifier.data_loader - INFO - split_data - Test class distribution: [12 13 13]
2025-12-20 16:21:39,466 - iris_classifier.preprocessor - INFO - group_classes_stage1 - Stage 1 class distribution: [38 74]
2025-12-20 16:21:39,468 - iris_classifier.preprocessor - INFO - group_classes_stage1 - Stage 1 class distribution: [37 75]
2025-12-20 16:21:39,467 - iris_classifier.preprocessor - INFO - group_classes_stage1 - Grouping classes for Stage 1: [0] vs [1, 2]
2025-12-20 16:21:39,468 - iris_classifier.preprocessor - INFO - group_classes_stage1 - Grouping classes for Stage 1: [0] vs [1, 2]
2025-12-20 16:21:39,469 - iris_classifier.preprocessor - INFO - group_classes_stage1 - Grouping classes for Stage 1: [0] vs [1, 2]
2025-12-20 16:21:39,470 - iris_classifier.preprocessor - INFO - group_classes_stage1 - Grouping classes for Stage 1: [0] vs [1, 2]
2025-12-20 16:21:39,469 - iris_classifier.preprocessor - INFO - group_classes_stage1 - Grouping classes for Stage 1: [0] vs [1, 2]
2025-12-20 16:21:39,471 - iris_classifier.preprocessor - INFO - group_classes_stage1 - Stage 1 class distribution: [37 75]
2025-12-20 16:21:39,471 - iris_classifier.preprocessor - INFO - group_classes_stage1 - Stage 1 class distribution: [12 26]
2025-12-20 16:21:39,472 - iris_classifier.preprocessor - INFO - group_classes_stage1 - Stage 1 class distribution: [38 74]
2025-12-20 16:21:39,472 - iris_classifier.preprocessor - INFO - group_classes_stage1 - Grouping classes for Stage 1: [0] vs [1, 2]
2025-12-20 16:21:39,472 - iris_classifier.preprocessor - INFO - group_classes_stage1 - Stage 1 class distribution: [13 25]
2025-12-20 16:21:39,472 - iris_classifier.preprocessor - INFO - group_classes_stage1 - Stage 1 class distribution: [12 26]
2025-12-20 16:21:39,473 - iris_classifier.preprocessor - INFO - normalize_features - Normalizing features with StandardScaler
2025-12-20 16:21:39,473 - iris_classifier.preprocessor - INFO - group_classes_stage1 - Grouping classes for Stage 1: [0] vs [1, 2]
2025-12-20 16:21:39,474 - iris_classifier.preprocessor - INFO - group_classes_stage1 - Stage 1 class distribution: [13 25]
2025-12-20 16:21:39,474 - iris_classifier.preprocessor - INFO - normalize_features - Normalizing features with StandardScaler
2025-12-20 16:21:39,475 - iris_classifier.preprocessor - INFO - normalize_features - Normalizing features with StandardScaler
2025-12-20 16:21:39,476 - iris_classifier.preprocessor - INFO - normalize_features - Normalizing features with StandardScaler
2025-12-20 16:21:39,476 - iris_classifier.preprocessor - INFO - group_classes_stage1 - Stage 1 class distribution: [12 26]
2025-12-20 16:21:39,477 - iris_classifier.preprocessor - INFO - normalize_features - Normalizing features with StandardScaler
2025-12-20 16:21:39,478 - iris_classifier.preprocessor - INFO - normalize_features - Feature scaling complete - Mean: [5.87767857 3.06160714 3.76517857 1.19285714], Std: [0.84944413 0.43879818 1.7746081  0.76808136]
2025-12-20 16:21:39,479 - iris_classifier.svm_trainer - INFO - train_svm - Training SVM: kernel=rbf, C=1.0, gamma=scale, class_weight=None
2025-12-20 16:21:39,479 - iris_classifier.preprocessor - INFO - normalize_features - Feature scaling complete - Mean: [5.85803571 3.05982143 3.76696429 1.19732143], Std: [0.86660652 0.42813128 1.78857427 0.77407316]
2025-12-20 16:21:39,479 - iris_classifier.preprocessor - INFO - normalize_features - Feature scaling complete - Mean: [5.825      3.05892857 3.73571429 1.19553571], Std: [0.81267855 0.44169996 1.71635292 0.75691908]
2025-12-20 16:21:39,479 - iris_classifier.preprocessor - INFO - normalize_features - Feature scaling complete - Mean: [5.84375    3.08125    3.76428571 1.21964286], Std: [0.77468672 0.43966937 1.73934805 0.76611721]
2025-12-20 16:21:39,481 - iris_classifier.svm_trainer - INFO - train_svm - Training SVM: kernel=rbf, C=1.0, gamma=scale, class_weight=None
2025-12-20 16:21:39,480 - iris_classifier.svm_trainer - INFO - train_svm - Training samples: 112, Features: 4
2025-12-20 16:21:39,482 - iris_classifier.svm_trainer - INFO - train_svm - Training SVM: kernel=rbf, C=1.0, gamma=scale, class_weight=None
2025-12-20 16:21:39,482 - iris_classifier.svm_trainer - INFO - train_svm - Training samples: 112, Features: 4
2025-12-20 16:21:39,481 - iris_classifier.svm_trainer - INFO - train_svm - Training SVM: kernel=rbf, C=1.0, gamma=scale, class_weight=None
2025-12-20 16:21:39,483 - iris_classifier.svm_trainer - INFO - train_svm - Training samples: 112, Features: 4
2025-12-20 16:21:39,480 - iris_classifier.preprocessor - INFO - normalize_features - Feature scaling complete - Mean: [5.86160714 3.04821429 3.75446429 1.2       ], Std: [0.83657951 0.42215056 1.76720564 0.77309674]
2025-12-20 16:21:39,484 - iris_classifier.svm_trainer - INFO - train_svm - Training samples: 112, Features: 4
2025-12-20 16:21:39,485 - iris_classifier.svm_trainer - INFO - train_svm - Training SVM: kernel=rbf, C=1.0, gamma=scale, class_weight=None
2025-12-20 16:21:39,486 - iris_classifier.svm_trainer - INFO - train_svm - Training samples: 112, Features: 4
2025-12-20 16:21:39,490 - iris_classifier.svm_trainer - INFO - train_svm - SVM training completed in 0.004 seconds
2025-12-20 16:21:39,489 - iris_classifier.svm_trainer - INFO - train_svm - SVM training completed in 0.006 seconds
2025-12-20 16:21:39,489 - iris_classifier.svm_trainer - INFO - train_svm - SVM training completed in 0.007 seconds
2025-12-20 16:21:39,489 - iris_classifier.svm_trainer - INFO - train_svm - SVM training completed in 0.005 seconds
2025-12-20 16:21:39,491 - iris_classifier.svm_trainer - INFO - train_svm - Support vectors: [ 6 10]
2025-12-20 16:21:39,492 - iris_classifier.svm_trainer - INFO - train_svm - Support vectors: [ 6 10]
2025-12-20 16:21:39,491 - iris_classifier.svm_trainer - INFO - train_svm - SVM training completed in 0.003 seconds
2025-12-20 16:21:39,493 - iris_classifier.svm_trainer - INFO - predict_svm - Making predictions on 38 test samples
2025-12-20 16:21:39,492 - iris_classifier.svm_trainer - INFO - train_svm - Support vectors: [6 8]
2025-12-20 16:21:39,492 - iris_classifier.svm_trainer - INFO - train_svm - Support vectors: [6 8]
2025-12-20 16:21:39,493 - iris_classifier.svm_trainer - INFO - predict_svm - Making predictions on 38 test samples
2025-12-20 16:21:39,494 - iris_classifier.svm_trainer - INFO - predict_svm - Predictions complete: 38 samples
2025-12-20 16:21:39,494 - iris_classifier.svm_trainer - INFO - train_svm - Support vectors: [6 9]
2025-12-20 16:21:39,494 - iris_classifier.svm_trainer - INFO - predict_svm - Making predictions on 38 test samples
2025-12-20 16:21:39,494 - iris_classifier.svm_trainer - INFO - predict_svm - Making predictions on 38 test samples
2025-12-20 16:21:39,496 - iris_classifier.svm_trainer - INFO - predict_svm - Making predictions on 38 test samples
2025-12-20 16:21:39,496 - iris_classifier.svm_trainer - INFO - predict_svm - Predictions complete: 38 samples
2025-12-20 16:21:39,496 - iris_classifier.evaluator - INFO - evaluate_predictions - Evaluating predictions for Stage 1
2025-12-20 16:21:39,497 - iris_classifier.svm_trainer - INFO - predict_svm - Predictions complete: 38 samples
2025-12-20 16:21:39,498 - iris_classifier.evaluator - INFO - evaluate_predictions - Evaluating predictions for Stage 1
2025-12-20 16:21:39,498 - iris_classifier.svm_trainer - INFO - predict_svm - Predictions complete: 38 samples
2025-12-20 16:21:39,499 - iris_classifier.evaluator - INFO - evaluate_predictions - Evaluating predictions for Stage 1
2025-12-20 16:21:39,498 - iris_classifier.svm_trainer - INFO - predict_svm - Predictions complete: 38 samples
2025-12-20 16:21:39,500 - iris_classifier.evaluator - INFO - evaluate_predictions - Evaluating predictions for Stage 1
2025-12-20 16:21:39,500 - iris_classifier.evaluator - INFO - evaluate_predictions - Evaluating predictions for Stage 1
2025-12-20 16:21:39,510 - iris_classifier.evaluator - INFO - evaluate_predictions - Stage 1 Accuracy: 1.0000
2025-12-20 16:21:39,510 - iris_classifier.evaluator - INFO - evaluate_predictions - Stage 1 Accuracy: 1.0000
2025-12-20 16:21:39,510 - iris_classifier.evaluator - INFO - evaluate_predictions - Stage 1 Accuracy: 1.0000
2025-12-20 16:21:39,510 - iris_classifier.evaluator - INFO - evaluate_predictions - Stage 1 Accuracy: 1.0000
2025-12-20 16:21:39,512 - iris_classifier.evaluator - INFO - evaluate_predictions - Stage 1 Precision: 1.0000
2025-12-20 16:21:39,509 - iris_classifier.evaluator - INFO - evaluate_predictions - Stage 1 Accuracy: 0.9737
2025-12-20 16:21:39,512 - iris_classifier.evaluator - INFO - evaluate_predictions - Stage 1 Precision: 1.0000
2025-12-20 16:21:39,514 - iris_classifier.evaluator - INFO - evaluate_predictions - Stage 1 Recall: 1.0000
2025-12-20 16:21:39,512 - iris_classifier.evaluator - INFO - evaluate_predictions - Stage 1 Precision: 1.0000
2025-12-20 16:21:39,514 - iris_classifier.evaluator - INFO - evaluate_predictions - Stage 1 Precision: 0.9815
2025-12-20 16:21:39,513 - iris_classifier.evaluator - INFO - evaluate_predictions - Stage 1 Precision: 1.0000
2025-12-20 16:21:39,515 - iris_classifier.evaluator - INFO - evaluate_predictions - Stage 1 Recall: 1.0000
2025-12-20 16:21:39,516 - iris_classifier.evaluator - INFO - evaluate_predictions - Stage 1 Recall: 1.0000
2025-12-20 16:21:39,515 - iris_classifier.evaluator - INFO - evaluate_predictions - Stage 1 F1-Score: 1.0000
2025-12-20 16:21:39,517 - iris_classifier.evaluator - INFO - evaluate_predictions - Stage 1 Recall: 0.9583
2025-12-20 16:21:39,518 - iris_classifier.evaluator - INFO - evaluate_predictions - Stage 1 F1-Score: 1.0000
2025-12-20 16:21:39,517 - iris_classifier.evaluator - INFO - evaluate_predictions - Stage 1 Recall: 1.0000
2025-12-20 16:21:39,518 - iris_classifier.evaluator - INFO - evaluate_predictions - Stage 1 F1-Score: 1.0000
2025-12-20 16:21:39,519 - iris_classifier.evaluator - INFO - evaluate_predictions - Stage 1 Confusion Matrix:
[[12  0]
 [ 0 26]]
2025-12-20 16:21:39,519 - iris_classifier.evaluator - INFO - evaluate_predictions - Stage 1 F1-Score: 0.9688
2025-12-20 16:21:39,520 - iris_classifier.evaluator - INFO - evaluate_predictions - Stage 1 Confusion Matrix:
[[13  0]
 [ 0 25]]
2025-12-20 16:21:39,521 - tasks.task_stage1 - INFO - run_stage1 - Stage 1 completed successfully
2025-12-20 16:21:39,520 - iris_classifier.evaluator - INFO - evaluate_predictions - Stage 1 Confusion Matrix:
[[12  0]
 [ 0 26]]
2025-12-20 16:21:39,521 - iris_classifier.evaluator - INFO - evaluate_predictions - Stage 1 Confusion Matrix:
[[11  1]
 [ 0 26]]
2025-12-20 16:21:39,520 - iris_classifier.evaluator - INFO - evaluate_predictions - Stage 1 F1-Score: 1.0000
2025-12-20 16:21:39,521 - tasks.task_stage1 - INFO - run_stage1 - Stage 1 completed successfully
2025-12-20 16:21:39,522 - tasks.task_stage2 - INFO - run_stage2 - ============================================================
2025-12-20 16:21:39,522 - tasks.task_stage1 - INFO - run_stage1 - Stage 1 completed successfully
2025-12-20 16:21:39,523 - tasks.task_stage1 - INFO - run_stage1 - Stage 1 completed successfully
2025-12-20 16:21:39,523 - iris_classifier.evaluator - INFO - evaluate_predictions - Stage 1 Confusion Matrix:
[[13  0]
 [ 0 25]]
2025-12-20 16:21:39,524 - tasks.task_stage2 - INFO - run_stage2 - ITERATION 1 - STAGE 2: Class 1 vs Class 2
2025-12-20 16:21:39,524 - tasks.task_stage2 - INFO - run_stage2 - ============================================================
2025-12-20 16:21:39,525 - tasks.task_stage1 - INFO - run_stage1 - Stage 1 completed successfully
2025-12-20 16:21:39,524 - tasks.task_stage2 - INFO - run_stage2 - ============================================================
2025-12-20 16:21:39,525 - tasks.task_stage2 - INFO - run_stage2 - ============================================================
2025-12-20 16:21:39,525 - tasks.task_stage2 - INFO - run_stage2 - ============================================================
2025-12-20 16:21:39,526 - tasks.task_stage2 - INFO - run_stage2 - ============================================================
2025-12-20 16:21:39,526 - tasks.task_stage2 - INFO - run_stage2 - ITERATION 3 - STAGE 2: Class 1 vs Class 2
2025-12-20 16:21:39,526 - tasks.task_stage2 - INFO - run_stage2 - ITERATION 5 - STAGE 2: Class 1 vs Class 2
2025-12-20 16:21:39,526 - iris_classifier.data_loader - INFO - load_iris_data - Loading data from: /mnt/c/Users/yair0/AI_continue/Lesson23/Lesson23_SVM/iris.csv
2025-12-20 16:21:39,527 - tasks.task_stage2 - INFO - run_stage2 - ITERATION 2 - STAGE 2: Class 1 vs Class 2
2025-12-20 16:21:39,526 - tasks.task_stage2 - INFO - run_stage2 - ITERATION 4 - STAGE 2: Class 1 vs Class 2
2025-12-20 16:21:39,527 - tasks.task_stage2 - INFO - run_stage2 - ============================================================
2025-12-20 16:21:39,527 - tasks.task_stage2 - INFO - run_stage2 - ============================================================
2025-12-20 16:21:39,528 - tasks.task_stage2 - INFO - run_stage2 - ============================================================
2025-12-20 16:21:39,528 - tasks.task_stage2 - INFO - run_stage2 - ============================================================
2025-12-20 16:21:39,529 - iris_classifier.data_loader - INFO - load_iris_data - Loading data from: /mnt/c/Users/yair0/AI_continue/Lesson23/Lesson23_SVM/iris.csv
2025-12-20 16:21:39,529 - iris_classifier.data_loader - INFO - load_iris_data - Loading data from: /mnt/c/Users/yair0/AI_continue/Lesson23/Lesson23_SVM/iris.csv
2025-12-20 16:21:39,530 - iris_classifier.data_loader - INFO - load_iris_data - Loading data from: /mnt/c/Users/yair0/AI_continue/Lesson23/Lesson23_SVM/iris.csv
2025-12-20 16:21:39,530 - iris_classifier.data_loader - INFO - load_iris_data - Loading data from: /mnt/c/Users/yair0/AI_continue/Lesson23/Lesson23_SVM/iris.csv
2025-12-20 16:21:39,533 - iris_classifier.data_loader - INFO - load_iris_data - Data loaded successfully: 150 samples, 5 features
2025-12-20 16:21:39,534 - iris_classifier.data_loader - INFO - load_iris_data - Data loaded successfully: 150 samples, 5 features
2025-12-20 16:21:39,534 - iris_classifier.data_loader - INFO - load_iris_data - Data loaded successfully: 150 samples, 5 features
2025-12-20 16:21:39,534 - iris_classifier.data_loader - INFO - load_iris_data - Data loaded successfully: 150 samples, 5 features
2025-12-20 16:21:39,535 - tasks.task_stage2 - INFO - run_stage2 - Class mapping: {'setosa': 0, 'versicolor': 1, 'virginica': 2}
2025-12-20 16:21:39,534 - iris_classifier.data_loader - INFO - load_iris_data - Data loaded successfully: 150 samples, 5 features
2025-12-20 16:21:39,535 - tasks.task_stage2 - INFO - run_stage2 - Class mapping: {'setosa': 0, 'versicolor': 1, 'virginica': 2}
2025-12-20 16:21:39,536 - iris_classifier.data_loader - INFO - split_data - Splitting data: 75% train, 25% test
2025-12-20 16:21:39,536 - tasks.task_stage2 - INFO - run_stage2 - Class mapping: {'setosa': 0, 'versicolor': 1, 'virginica': 2}
2025-12-20 16:21:39,536 - tasks.task_stage2 - INFO - run_stage2 - Class mapping: {'setosa': 0, 'versicolor': 1, 'virginica': 2}
2025-12-20 16:21:39,536 - iris_classifier.data_loader - INFO - split_data - Splitting data: 75% train, 25% test
2025-12-20 16:21:39,537 - tasks.task_stage2 - INFO - run_stage2 - Class mapping: {'setosa': 0, 'versicolor': 1, 'virginica': 2}
2025-12-20 16:21:39,537 - iris_classifier.data_loader - INFO - split_data - Splitting data: 75% train, 25% test
2025-12-20 16:21:39,537 - iris_classifier.data_loader - INFO - split_data - Splitting data: 75% train, 25% test
2025-12-20 16:21:39,538 - iris_classifier.data_loader - INFO - split_data - Splitting data: 75% train, 25% test
2025-12-20 16:21:39,538 - iris_classifier.data_loader - INFO - split_data - Train set: 112 samples
2025-12-20 16:21:39,539 - iris_classifier.data_loader - INFO - split_data - Train set: 112 samples
2025-12-20 16:21:39,539 - iris_classifier.data_loader - INFO - split_data - Test set: 38 samples
2025-12-20 16:21:39,539 - iris_classifier.data_loader - INFO - split_data - Train set: 112 samples
2025-12-20 16:21:39,539 - iris_classifier.data_loader - INFO - split_data - Train set: 112 samples
2025-12-20 16:21:39,540 - iris_classifier.data_loader - INFO - split_data - Train set: 112 samples
2025-12-20 16:21:39,539 - iris_classifier.data_loader - INFO - split_data - Test set: 38 samples
2025-12-20 16:21:39,540 - iris_classifier.data_loader - INFO - split_data - Train class distribution: [38 37 37]
2025-12-20 16:21:39,540 - iris_classifier.data_loader - INFO - split_data - Test set: 38 samples
2025-12-20 16:21:39,540 - iris_classifier.data_loader - INFO - split_data - Test set: 38 samples
2025-12-20 16:21:39,541 - iris_classifier.data_loader - INFO - split_data - Test set: 38 samples
2025-12-20 16:21:39,541 - iris_classifier.data_loader - INFO - split_data - Train class distribution: [38 37 37]
2025-12-20 16:21:39,541 - iris_classifier.data_loader - INFO - split_data - Test class distribution: [12 13 13]
2025-12-20 16:21:39,541 - iris_classifier.data_loader - INFO - split_data - Train class distribution: [37 37 38]
2025-12-20 16:21:39,542 - iris_classifier.data_loader - INFO - split_data - Train class distribution: [38 37 37]
2025-12-20 16:21:39,542 - tasks.task_stage2 - INFO - run_stage2 - Training set - Group B samples: 74
2025-12-20 16:21:39,542 - iris_classifier.data_loader - INFO - split_data - Train class distribution: [37 38 37]
2025-12-20 16:21:39,543 - iris_classifier.data_loader - INFO - split_data - Test class distribution: [13 13 12]
2025-12-20 16:21:39,542 - iris_classifier.data_loader - INFO - split_data - Test class distribution: [12 13 13]
2025-12-20 16:21:39,543 - iris_classifier.data_loader - INFO - split_data - Test class distribution: [12 13 13]
2025-12-20 16:21:39,543 - tasks.task_stage2 - INFO - run_stage2 - Training set - Class distribution: [ 0 37 37]
2025-12-20 16:21:39,543 - iris_classifier.data_loader - INFO - split_data - Test class distribution: [13 12 13]
2025-12-20 16:21:39,544 - tasks.task_stage2 - INFO - run_stage2 - Training set - Group B samples: 75
2025-12-20 16:21:39,544 - tasks.task_stage2 - INFO - run_stage2 - Training set - Group B samples: 74
2025-12-20 16:21:39,544 - tasks.task_stage2 - INFO - run_stage2 - Training set - Group B samples: 74
2025-12-20 16:21:39,544 - tasks.task_stage2 - INFO - run_stage2 - Test set - Predicted as Group B: 26
2025-12-20 16:21:39,545 - tasks.task_stage2 - INFO - run_stage2 - Training set - Group B samples: 75
2025-12-20 16:21:39,545 - tasks.task_stage2 - INFO - run_stage2 - Training set - Class distribution: [ 0 37 38]
2025-12-20 16:21:39,545 - tasks.task_stage2 - INFO - run_stage2 - Training set - Class distribution: [ 0 37 37]
2025-12-20 16:21:39,546 - tasks.task_stage2 - INFO - run_stage2 - Test set - Actual class distribution: [ 0 13 13]
2025-12-20 16:21:39,546 - tasks.task_stage2 - INFO - run_stage2 - Training set - Class distribution: [ 0 37 37]
2025-12-20 16:21:39,546 - tasks.task_stage2 - INFO - run_stage2 - Training set - Class distribution: [ 0 38 37]
2025-12-20 16:21:39,547 - iris_classifier.preprocessor - INFO - normalize_features - Normalizing features with StandardScaler
2025-12-20 16:21:39,547 - tasks.task_stage2 - INFO - run_stage2 - Test set - Predicted as Group B: 27
2025-12-20 16:21:39,546 - tasks.task_stage2 - INFO - run_stage2 - Test set - Predicted as Group B: 25
2025-12-20 16:21:39,547 - tasks.task_stage2 - INFO - run_stage2 - Test set - Predicted as Group B: 26
2025-12-20 16:21:39,547 - tasks.task_stage2 - INFO - run_stage2 - Test set - Predicted as Group B: 25
2025-12-20 16:21:39,548 - tasks.task_stage2 - INFO - run_stage2 - Test set - Actual class distribution: [ 1 13 13]
2025-12-20 16:21:39,548 - tasks.task_stage2 - INFO - run_stage2 - Test set - Actual class distribution: [ 0 13 12]
2025-12-20 16:21:39,548 - tasks.task_stage2 - INFO - run_stage2 - Test set - Actual class distribution: [ 0 13 13]
2025-12-20 16:21:39,548 - tasks.task_stage2 - INFO - run_stage2 - Test set - Actual class distribution: [ 0 12 13]
2025-12-20 16:21:39,549 - iris_classifier.preprocessor - INFO - normalize_features - Normalizing features with StandardScaler
2025-12-20 16:21:39,549 - iris_classifier.preprocessor - INFO - normalize_features - Normalizing features with StandardScaler
2025-12-20 16:21:39,549 - iris_classifier.preprocessor - INFO - normalize_features - Normalizing features with StandardScaler
2025-12-20 16:21:39,549 - iris_classifier.preprocessor - INFO - normalize_features - Normalizing features with StandardScaler
2025-12-20 16:21:39,549 - iris_classifier.preprocessor - INFO - normalize_features - Feature scaling complete - Mean: [6.33108108 2.86891892 4.93648649 1.67972973], Std: [0.66290223 0.33888756 0.84334827 0.43339631]
2025-12-20 16:21:39,551 - iris_classifier.preprocessor - INFO - normalize_features - Feature scaling complete - Mean: [6.30675676 2.87432432 4.94189189 1.69054054], Std: [0.69871138 0.36244694 0.86976337 0.43001223]
2025-12-20 16:21:39,551 - tasks.task_stage2 - INFO - run_stage2 - Features normalized for Stage 2
2025-12-20 16:21:39,551 - iris_classifier.preprocessor - INFO - normalize_features - Feature scaling complete - Mean: [6.3027027  2.87567568 4.92567568 1.69189189], Std: [0.65243266 0.32458323 0.81804989 0.43019692]
2025-12-20 16:21:39,551 - iris_classifier.preprocessor - INFO - normalize_features - Feature scaling complete - Mean: [6.23066667 2.87066667 4.85466667 1.668     ], Std: [0.64228204 0.31865272 0.76998586 0.41734398]
2025-12-20 16:21:39,552 - tasks.task_stage2 - INFO - run_stage2 - Features normalized for Stage 2
2025-12-20 16:21:39,552 - tasks.task_stage2 - INFO - run_stage2 - Features normalized for Stage 2
2025-12-20 16:21:39,552 - tasks.task_stage2 - INFO - run_stage2 - Features normalized for Stage 2
2025-12-20 16:21:39,552 - iris_classifier.svm_trainer - INFO - train_svm - Training SVM: kernel=rbf, C=1.0, gamma=scale, class_weight=balanced
2025-12-20 16:21:39,551 - iris_classifier.preprocessor - INFO - normalize_features - Feature scaling complete - Mean: [6.24133333 2.90666667 4.904      1.7       ], Std: [0.59331685 0.34344658 0.75761732 0.4150502 ]
2025-12-20 16:21:39,553 - iris_classifier.svm_trainer - INFO - train_svm - Training SVM: kernel=rbf, C=1.0, gamma=scale, class_weight=balanced
2025-12-20 16:21:39,553 - iris_classifier.svm_trainer - INFO - train_svm - Training SVM: kernel=rbf, C=1.0, gamma=scale, class_weight=balanced
2025-12-20 16:21:39,554 - tasks.task_stage2 - INFO - run_stage2 - Features normalized for Stage 2
2025-12-20 16:21:39,553 - iris_classifier.svm_trainer - INFO - train_svm - Training SVM: kernel=rbf, C=1.0, gamma=scale, class_weight=balanced
2025-12-20 16:21:39,553 - iris_classifier.svm_trainer - INFO - train_svm - Training samples: 74, Features: 4
2025-12-20 16:21:39,555 - iris_classifier.svm_trainer - INFO - train_svm - Training SVM: kernel=rbf, C=1.0, gamma=scale, class_weight=balanced
2025-12-20 16:21:39,554 - iris_classifier.svm_trainer - INFO - train_svm - Training samples: 74, Features: 4
2025-12-20 16:21:39,554 - iris_classifier.svm_trainer - INFO - train_svm - Training samples: 75, Features: 4
2025-12-20 16:21:39,555 - iris_classifier.svm_trainer - INFO - train_svm - Training samples: 74, Features: 4
2025-12-20 16:21:39,556 - iris_classifier.svm_trainer - INFO - train_svm - Training samples: 75, Features: 4
2025-12-20 16:21:39,557 - iris_classifier.svm_trainer - INFO - train_svm - SVM training completed in 0.002 seconds
2025-12-20 16:21:39,558 - iris_classifier.svm_trainer - INFO - train_svm - SVM training completed in 0.002 seconds
2025-12-20 16:21:39,558 - iris_classifier.svm_trainer - INFO - train_svm - SVM training completed in 0.002 seconds
2025-12-20 16:21:39,558 - iris_classifier.svm_trainer - INFO - train_svm - SVM training completed in 0.002 seconds
2025-12-20 16:21:39,559 - iris_classifier.svm_trainer - INFO - train_svm - Support vectors: [13 14]
2025-12-20 16:21:39,558 - iris_classifier.svm_trainer - INFO - train_svm - SVM training completed in 0.002 seconds
2025-12-20 16:21:39,559 - iris_classifier.svm_trainer - INFO - train_svm - Support vectors: [14 15]
2025-12-20 16:21:39,559 - iris_classifier.svm_trainer - INFO - train_svm - Support vectors: [13 13]
2025-12-20 16:21:39,560 - iris_classifier.svm_trainer - INFO - predict_svm - Making predictions on 26 test samples
2025-12-20 16:21:39,559 - iris_classifier.svm_trainer - INFO - train_svm - Support vectors: [15 14]
2025-12-20 16:21:39,561 - iris_classifier.svm_trainer - INFO - predict_svm - Making predictions on 25 test samples
2025-12-20 16:21:39,560 - iris_classifier.svm_trainer - INFO - predict_svm - Making predictions on 27 test samples
2025-12-20 16:21:39,560 - iris_classifier.svm_trainer - INFO - train_svm - Support vectors: [15 16]
2025-12-20 16:21:39,561 - iris_classifier.svm_trainer - INFO - predict_svm - Making predictions on 26 test samples
2025-12-20 16:21:39,561 - iris_classifier.svm_trainer - INFO - predict_svm - Predictions complete: 26 samples
2025-12-20 16:21:39,562 - iris_classifier.svm_trainer - INFO - predict_svm - Predictions complete: 25 samples
2025-12-20 16:21:39,562 - iris_classifier.svm_trainer - INFO - predict_svm - Predictions complete: 27 samples
2025-12-20 16:21:39,562 - iris_classifier.svm_trainer - INFO - predict_svm - Making predictions on 25 test samples
2025-12-20 16:21:39,562 - iris_classifier.svm_trainer - INFO - predict_svm - Predictions complete: 26 samples
2025-12-20 16:21:39,562 - tasks.task_stage2 - INFO - run_stage2 - Stage 2 predictions distribution: [ 0 13 13]
2025-12-20 16:21:39,563 - tasks.task_stage2 - INFO - run_stage2 - Stage 2 predictions distribution: [ 0 13 12]
2025-12-20 16:21:39,563 - tasks.task_stage2 - INFO - run_stage2 - Stage 2 predictions distribution: [ 0 15 12]
2025-12-20 16:21:39,563 - iris_classifier.evaluator - INFO - evaluate_predictions - Evaluating predictions for Stage 2
2025-12-20 16:21:39,563 - iris_classifier.svm_trainer - INFO - predict_svm - Predictions complete: 25 samples
2025-12-20 16:21:39,564 - iris_classifier.evaluator - INFO - evaluate_predictions - Evaluating predictions for Stage 2
2025-12-20 16:21:39,563 - tasks.task_stage2 - INFO - run_stage2 - Stage 2 predictions distribution: [ 0 14 12]
2025-12-20 16:21:39,564 - iris_classifier.evaluator - INFO - evaluate_predictions - Evaluating predictions for Stage 2
2025-12-20 16:21:39,565 - tasks.task_stage2 - INFO - run_stage2 - Stage 2 predictions distribution: [ 0 14 11]
2025-12-20 16:21:39,565 - iris_classifier.evaluator - INFO - evaluate_predictions - Evaluating predictions for Stage 2
2025-12-20 16:21:39,566 - iris_classifier.evaluator - INFO - evaluate_predictions - Evaluating predictions for Stage 2
2025-12-20 16:21:39,570 - iris_classifier.evaluator - INFO - evaluate_predictions - Stage 2 Accuracy: 0.9231
2025-12-20 16:21:39,570 - iris_classifier.evaluator - INFO - evaluate_predictions - Stage 2 Accuracy: 0.8889
2025-12-20 16:21:39,571 - iris_classifier.evaluator - INFO - evaluate_predictions - Stage 2 Precision: 0.9231
2025-12-20 16:21:39,571 - iris_classifier.evaluator - INFO - evaluate_predictions - Stage 2 Precision: 0.5944
2025-12-20 16:21:39,571 - iris_classifier.evaluator - INFO - evaluate_predictions - Stage 2 Accuracy: 0.9600
2025-12-20 16:21:39,572 - iris_classifier.evaluator - INFO - evaluate_predictions - Stage 2 Recall: 0.9231
2025-12-20 16:21:39,572 - iris_classifier.evaluator - INFO - evaluate_predictions - Stage 2 Recall: 0.6154
2025-12-20 16:21:39,572 - iris_classifier.evaluator - INFO - evaluate_predictions - Stage 2 Accuracy: 0.9615
2025-12-20 16:21:39,573 - iris_classifier.evaluator - INFO - evaluate_predictions - Stage 2 F1-Score: 0.9231
2025-12-20 16:21:39,572 - iris_classifier.evaluator - INFO - evaluate_predictions - Stage 2 Precision: 0.9615
2025-12-20 16:21:39,573 - iris_classifier.evaluator - INFO - evaluate_predictions - Stage 2 Accuracy: 0.9600
2025-12-20 16:21:39,573 - iris_classifier.evaluator - INFO - evaluate_predictions - Stage 2 F1-Score: 0.6029
2025-12-20 16:21:39,573 - iris_classifier.evaluator - INFO - evaluate_predictions - Stage 2 Precision: 0.9643
2025-12-20 16:21:39,574 - iris_classifier.evaluator - INFO - evaluate_predictions - Stage 2 Confusion Matrix:
[[12  1]
 [ 1 12]]
2025-12-20 16:21:39,574 - iris_classifier.evaluator - INFO - evaluate_predictions - Stage 2 Recall: 0.9615
2025-12-20 16:21:39,576 - iris_classifier.evaluator - INFO - evaluate_predictions - Stage 2 Recall: 0.9615
2025-12-20 16:21:39,576 - iris_classifier.evaluator - INFO - evaluate_predictions - Stage 2 Confusion Matrix:
[[ 0  0  1]
 [ 0 13  0]
 [ 0  2 11]]
2025-12-20 16:21:39,575 - iris_classifier.evaluator - INFO - evaluate_predictions - Stage 2 Precision: 0.9643
2025-12-20 16:21:39,576 - tasks.task_stage2 - INFO - run_stage2 - Stage 2 completed successfully
2025-12-20 16:21:39,576 - iris_classifier.evaluator - INFO - evaluate_predictions - Stage 2 F1-Score: 0.9600
2025-12-20 16:21:39,577 - tasks.task_stage2 - INFO - run_stage2 - Stage 2 completed successfully
2025-12-20 16:21:39,577 - iris_classifier.evaluator - INFO - evaluate_predictions - Stage 2 F1-Score: 0.9615
2025-12-20 16:21:39,578 - iris_classifier.evaluator - INFO - evaluate_predictions - Stage 2 Recall: 0.9583
2025-12-20 16:21:39,579 - iris_classifier.evaluator - INFO - combine_stage_predictions - Combining Stage 1 and Stage 2 predictions
2025-12-20 16:21:39,578 - iris_classifier.evaluator - INFO - combine_stage_predictions - Combining Stage 1 and Stage 2 predictions
2025-12-20 16:21:39,579 - iris_classifier.evaluator - INFO - evaluate_predictions - Stage 2 Confusion Matrix:
[[13  0]
 [ 1 12]]
2025-12-20 16:21:39,580 - iris_classifier.evaluator - INFO - evaluate_predictions - Stage 2 F1-Score: 0.9597
2025-12-20 16:21:39,579 - iris_classifier.evaluator - INFO - evaluate_predictions - Stage 2 Confusion Matrix:
[[12  0]
 [ 1 12]]
2025-12-20 16:21:39,580 - iris_classifier.evaluator - INFO - combine_stage_predictions - Final prediction distribution: [12 13 13]
2025-12-20 16:21:39,580 - iris_classifier.evaluator - INFO - combine_stage_predictions - Final prediction distribution: [11 15 12]
2025-12-20 16:21:39,580 - tasks.task_stage2 - INFO - run_stage2 - Stage 2 completed successfully
2025-12-20 16:21:39,581 - iris_classifier.evaluator - INFO - evaluate_predictions - Evaluating predictions for Overall
2025-12-20 16:21:39,580 - iris_classifier.evaluator - INFO - evaluate_predictions - Stage 2 Confusion Matrix:
[[13  0]
 [ 1 11]]
2025-12-20 16:21:39,582 - iris_classifier.evaluator - INFO - combine_stage_predictions - Combining Stage 1 and Stage 2 predictions
2025-12-20 16:21:39,581 - tasks.task_stage2 - INFO - run_stage2 - Stage 2 completed successfully
2025-12-20 16:21:39,581 - iris_classifier.evaluator - INFO - evaluate_predictions - Evaluating predictions for Overall
2025-12-20 16:21:39,582 - tasks.task_stage2 - INFO - run_stage2 - Stage 2 completed successfully
2025-12-20 16:21:39,583 - iris_classifier.evaluator - INFO - combine_stage_predictions - Final prediction distribution: [12 14 12]
2025-12-20 16:21:39,583 - iris_classifier.evaluator - INFO - combine_stage_predictions - Combining Stage 1 and Stage 2 predictions
2025-12-20 16:21:39,583 - iris_classifier.evaluator - INFO - evaluate_predictions - Evaluating predictions for Overall
2025-12-20 16:21:39,583 - iris_classifier.evaluator - INFO - combine_stage_predictions - Combining Stage 1 and Stage 2 predictions
2025-12-20 16:21:39,584 - iris_classifier.evaluator - INFO - combine_stage_predictions - Final prediction distribution: [13 13 12]
2025-12-20 16:21:39,586 - iris_classifier.evaluator - INFO - combine_stage_predictions - Final prediction distribution: [13 14 11]
2025-12-20 16:21:39,587 - iris_classifier.evaluator - INFO - evaluate_predictions - Evaluating predictions for Overall
2025-12-20 16:21:39,587 - iris_classifier.evaluator - INFO - evaluate_predictions - Overall Accuracy: 0.9474
2025-12-20 16:21:39,588 - iris_classifier.evaluator - INFO - evaluate_predictions - Evaluating predictions for Overall
2025-12-20 16:21:39,588 - iris_classifier.evaluator - INFO - evaluate_predictions - Overall Accuracy: 0.9211
2025-12-20 16:21:39,589 - iris_classifier.evaluator - INFO - evaluate_predictions - Overall Precision: 0.9487
2025-12-20 16:21:39,591 - iris_classifier.evaluator - INFO - evaluate_predictions - Overall Accuracy: 0.9737
2025-12-20 16:21:39,591 - iris_classifier.evaluator - INFO - evaluate_predictions - Overall Precision: 0.9278
2025-12-20 16:21:39,591 - iris_classifier.evaluator - INFO - evaluate_predictions - Overall Recall: 0.9487
2025-12-20 16:21:39,592 - iris_classifier.evaluator - INFO - evaluate_predictions - Overall Precision: 0.9762
2025-12-20 16:21:39,593 - iris_classifier.evaluator - INFO - evaluate_predictions - Overall Recall: 0.9209
2025-12-20 16:21:39,593 - iris_classifier.evaluator - INFO - evaluate_predictions - Overall F1-Score: 0.9487
2025-12-20 16:21:39,593 - iris_classifier.evaluator - INFO - evaluate_predictions - Overall Accuracy: 0.9737
2025-12-20 16:21:39,594 - iris_classifier.evaluator - INFO - evaluate_predictions - Overall Recall: 0.9744
2025-12-20 16:21:39,595 - iris_classifier.evaluator - INFO - evaluate_predictions - Overall Accuracy: 0.9737
2025-12-20 16:21:39,597 - iris_classifier.evaluator - INFO - evaluate_predictions - Overall Precision: 0.9744
2025-12-20 16:21:39,597 - iris_classifier.evaluator - INFO - evaluate_predictions - Overall Confusion Matrix:
[[12  0  0]
 [ 0 12  1]
 [ 0  1 12]]
2025-12-20 16:21:39,596 - iris_classifier.evaluator - INFO - evaluate_predictions - Overall F1-Score: 0.9217
2025-12-20 16:21:39,598 - iris_classifier.evaluator - INFO - evaluate_predictions - Overall F1-Score: 0.9743
2025-12-20 16:21:39,599 - iris_classifier.evaluator - INFO - evaluate_predictions - Overall Precision: 0.9762
2025-12-20 16:21:39,600 - iris_classifier.evaluator - INFO - evaluate_predictions - Overall Recall: 0.9744
2025-12-20 16:21:39,601 - iris_classifier.iteration_runner - INFO - run_single_iteration - Iteration 1 completed successfully
2025-12-20 16:21:39,602 - iris_classifier.evaluator - INFO - evaluate_predictions - Overall Confusion Matrix:
[[11  0  1]
 [ 0 13  0]
 [ 0  2 11]]
2025-12-20 16:21:39,602 - iris_classifier.evaluator - INFO - evaluate_predictions - Overall Confusion Matrix:
[[12  0  0]
 [ 0 13  0]
 [ 0  1 12]]
2025-12-20 16:21:39,603 - iris_classifier.evaluator - INFO - evaluate_predictions - Overall Recall: 0.9722
2025-12-20 16:21:39,604 - iris_classifier.evaluator - INFO - evaluate_predictions - Overall F1-Score: 0.9733
2025-12-20 16:21:39,606 - iris_classifier.iteration_runner - INFO - run_single_iteration - Overall Accuracy: 0.9474
2025-12-20 16:21:39,606 - iris_classifier.iteration_runner - INFO - run_single_iteration - Iteration 4 completed successfully
2025-12-20 16:21:39,607 - iris_classifier.iteration_runner - INFO - run_single_iteration - Iteration 5 completed successfully
2025-12-20 16:21:39,607 - iris_classifier.evaluator - INFO - evaluate_predictions - Overall F1-Score: 0.9732
2025-12-20 16:21:39,609 - iris_classifier.iteration_runner - INFO - run_single_iteration - Overall Accuracy: 0.9211
2025-12-20 16:21:39,608 - iris_classifier.evaluator - INFO - evaluate_predictions - Overall Confusion Matrix:
[[13  0  0]
 [ 0 12  0]
 [ 0  1 12]]
2025-12-20 16:21:39,609 - iris_classifier.iteration_runner - INFO - run_single_iteration - Overall Accuracy: 0.9737
2025-12-20 16:21:39,610 - iris_classifier.evaluator - INFO - evaluate_predictions - Overall Confusion Matrix:
[[13  0  0]
 [ 0 13  0]
 [ 0  1 11]]
2025-12-20 16:21:39,611 - iris_classifier.iteration_runner - INFO - run_single_iteration - Iteration 2 completed successfully
2025-12-20 16:21:39,612 - iris_classifier.iteration_runner - INFO - run_single_iteration - Iteration 3 completed successfully
2025-12-20 16:21:39,613 - iris_classifier.iteration_runner - INFO - run_single_iteration - Overall Accuracy: 0.9737
2025-12-20 16:21:39,614 - iris_classifier.iteration_runner - INFO - run_single_iteration - Overall Accuracy: 0.9737
2025-12-20 16:21:39,622 - iris_classifier.iteration_runner - INFO - run_with_multiprocessing - All iterations completed via multiprocessing
2025-12-20 16:21:39,624 - tasks.task_analysis - INFO - analyze_results - ============================================================
2025-12-20 16:21:39,625 - tasks.task_analysis - INFO - analyze_results - ANALYZING RESULTS FROM ALL ITERATIONS
2025-12-20 16:21:39,627 - tasks.task_analysis - INFO - analyze_results - ============================================================
2025-12-20 16:21:39,628 - iris_classifier.statistics - INFO - aggregate_results - Aggregating results from 5 iterations
2025-12-20 16:21:39,631 - iris_classifier.statistics - INFO - aggregate_results - ============================================================
2025-12-20 16:21:39,632 - iris_classifier.statistics - INFO - aggregate_results - AGGREGATED RESULTS SUMMARY
2025-12-20 16:21:39,634 - iris_classifier.statistics - INFO - aggregate_results - ============================================================
2025-12-20 16:21:39,636 - iris_classifier.statistics - INFO - aggregate_results - 
STAGE1:
2025-12-20 16:21:39,637 - iris_classifier.statistics - INFO - aggregate_results -   Accuracy: 0.9947 ± 0.0105
2025-12-20 16:21:39,638 - iris_classifier.statistics - INFO - aggregate_results -   Range: [0.9737, 1.0000]
2025-12-20 16:21:39,640 - iris_classifier.statistics - INFO - aggregate_results - 
STAGE2:
2025-12-20 16:21:39,641 - iris_classifier.statistics - INFO - aggregate_results -   Accuracy: 0.9387 ± 0.0288
2025-12-20 16:21:39,644 - iris_classifier.statistics - INFO - aggregate_results -   Range: [0.8889, 0.9615]
2025-12-20 16:21:39,646 - iris_classifier.statistics - INFO - aggregate_results - 
OVERALL:
2025-12-20 16:21:39,647 - iris_classifier.statistics - INFO - aggregate_results -   Accuracy: 0.9579 ± 0.0211
2025-12-20 16:21:39,649 - iris_classifier.statistics - INFO - aggregate_results -   Range: [0.9211, 0.9737]
2025-12-20 16:21:39,651 - iris_classifier.statistics - INFO - aggregate_results - ============================================================
2025-12-20 16:21:39,654 - iris_classifier.visualizer - INFO - generate_all_plots - Generating all visualization plots
2025-12-20 16:21:39,656 - iris_classifier.visualizer - INFO - plot_accuracy_distribution - Creating accuracy distribution plot
2025-12-20 16:21:41,715 - iris_classifier.visualizer - INFO - plot_accuracy_distribution - Accuracy distribution plot saved to: /mnt/c/Users/yair0/AI_continue/Lesson23/Lesson23_SVM/results/accuracy_distribution.png
2025-12-20 16:21:41,717 - iris_classifier.visualizer - INFO - plot_confusion_matrix - Creating confusion matrix plot
2025-12-20 16:21:42,681 - iris_classifier.visualizer - INFO - plot_confusion_matrix - Confusion matrix plot saved to: /mnt/c/Users/yair0/AI_continue/Lesson23/Lesson23_SVM/results/confusion_matrix.png
2025-12-20 16:21:42,696 - iris_classifier.visualizer - INFO - plot_metrics_comparison - Creating metrics comparison plot
2025-12-20 16:21:43,771 - iris_classifier.visualizer - INFO - plot_metrics_comparison - Metrics comparison plot saved to: /mnt/c/Users/yair0/AI_continue/Lesson23/Lesson23_SVM/results/metrics_comparison.png
2025-12-20 16:21:43,782 - iris_classifier.visualizer - INFO - generate_all_plots - All plots generated successfully
2025-12-20 16:21:43,791 - tasks.task_analysis - INFO - save_summary - Saving results summary
2025-12-20 16:21:43,802 - tasks.task_analysis - INFO - save_summary - Results summary saved to: /mnt/c/Users/yair0/AI_continue/Lesson23/Lesson23_SVM/results/results_summary.json
2025-12-20 16:21:43,804 - tasks.task_analysis - INFO - analyze_results - Results analysis completed successfully
2025-12-20 16:21:43,806 - __main__ - INFO - main - Total runtime: 4.49 seconds
2025-12-20 16:21:43,808 - iris_classifier.output_formatter - INFO - print_summary - Summary printed to console
2025-12-20 16:21:43,822 - __main__ - INFO - main - Program completed successfully
