2025-12-20 16:39:20,540 - __main__ - INFO - log_config_info - ============================================================
2025-12-20 16:39:20,544 - __main__ - INFO - log_config_info - Iris SVM Classification System Started
2025-12-20 16:39:20,547 - __main__ - INFO - log_config_info - ============================================================
2025-12-20 16:39:20,550 - __main__ - INFO - log_config_info - Configuration: {'train_split': 0.75, 'test_split': 0.25, 'random_state': 42, 'num_iterations': 5, 'svm_kernel': 'rbf', 'svm_c': 1.0, 'svm_gamma': 'scale'}
2025-12-20 16:39:20,553 - __main__ - INFO - log_config_info - Log directory: /mnt/c/Users/yair0/AI_continue/Lesson23/Lesson23_SVM/log
2025-12-20 16:39:20,582 - __main__ - INFO - log_config_info - Log rotation: 20 files × 16MB
2025-12-20 16:39:20,585 - __main__ - INFO - log_config_info - ============================================================
2025-12-20 16:39:20,589 - __main__ - INFO - main - Starting Iris SVM Classification System
2025-12-20 16:39:20,593 - iris_classifier.iteration_runner - INFO - run_with_multiprocessing - Using multiprocessing with 5 workers
2025-12-20 16:39:20,648 - iris_classifier.iteration_runner - INFO - run_single_iteration - 
============================================================
2025-12-20 16:39:20,649 - iris_classifier.iteration_runner - INFO - run_single_iteration - 
============================================================
2025-12-20 16:39:20,649 - iris_classifier.iteration_runner - INFO - run_single_iteration - 
============================================================
2025-12-20 16:39:20,653 - iris_classifier.iteration_runner - INFO - run_single_iteration - Starting Iteration 4/5
2025-12-20 16:39:20,648 - iris_classifier.iteration_runner - INFO - run_single_iteration - 
============================================================
2025-12-20 16:39:20,652 - iris_classifier.iteration_runner - INFO - run_single_iteration - Starting Iteration 2/5
2025-12-20 16:39:20,650 - iris_classifier.iteration_runner - INFO - run_single_iteration - 
============================================================
2025-12-20 16:39:20,654 - iris_classifier.iteration_runner - INFO - run_single_iteration - Starting Iteration 3/5
2025-12-20 16:39:20,655 - iris_classifier.iteration_runner - INFO - run_single_iteration - ============================================================
2025-12-20 16:39:20,656 - iris_classifier.iteration_runner - INFO - run_single_iteration - Starting Iteration 1/5
2025-12-20 16:39:20,660 - iris_classifier.iteration_runner - INFO - run_single_iteration - ============================================================
2025-12-20 16:39:20,657 - iris_classifier.iteration_runner - INFO - run_single_iteration - ============================================================
2025-12-20 16:39:20,659 - iris_classifier.iteration_runner - INFO - run_single_iteration - Starting Iteration 5/5
2025-12-20 16:39:20,663 - tasks.task_stage1 - INFO - run_stage1 - ============================================================
2025-12-20 16:39:20,665 - tasks.task_stage1 - INFO - run_stage1 - ============================================================
2025-12-20 16:39:20,666 - iris_classifier.iteration_runner - INFO - run_single_iteration - ============================================================
2025-12-20 16:39:20,662 - iris_classifier.iteration_runner - INFO - run_single_iteration - ============================================================
2025-12-20 16:39:20,661 - tasks.task_stage1 - INFO - run_stage1 - ============================================================
2025-12-20 16:39:20,666 - tasks.task_stage1 - INFO - run_stage1 - ITERATION 3 - STAGE 1: Group A vs Group B
2025-12-20 16:39:20,669 - tasks.task_stage1 - INFO - run_stage1 - ============================================================
2025-12-20 16:39:20,667 - tasks.task_stage1 - INFO - run_stage1 - ITERATION 2 - STAGE 1: Group A vs Group B
2025-12-20 16:39:20,668 - tasks.task_stage1 - INFO - run_stage1 - ============================================================
2025-12-20 16:39:20,671 - tasks.task_stage1 - INFO - run_stage1 - ITERATION 4 - STAGE 1: Group A vs Group B
2025-12-20 16:39:20,673 - tasks.task_stage1 - INFO - run_stage1 - ============================================================
2025-12-20 16:39:20,672 - tasks.task_stage1 - INFO - run_stage1 - ============================================================
2025-12-20 16:39:20,672 - tasks.task_stage1 - INFO - run_stage1 - ITERATION 1 - STAGE 1: Group A vs Group B
2025-12-20 16:39:20,674 - tasks.task_stage1 - INFO - run_stage1 - ITERATION 5 - STAGE 1: Group A vs Group B
2025-12-20 16:39:20,675 - tasks.task_stage1 - INFO - run_stage1 - ============================================================
2025-12-20 16:39:20,677 - iris_classifier.data_loader - INFO - load_iris_data - Loading data from: /mnt/c/Users/yair0/AI_continue/Lesson23/Lesson23_SVM/iris.csv
2025-12-20 16:39:20,677 - iris_classifier.data_loader - INFO - load_iris_data - Loading data from: /mnt/c/Users/yair0/AI_continue/Lesson23/Lesson23_SVM/iris.csv
2025-12-20 16:39:20,680 - tasks.task_stage1 - INFO - run_stage1 - ============================================================
2025-12-20 16:39:20,681 - iris_classifier.data_loader - INFO - load_iris_data - Loading data from: /mnt/c/Users/yair0/AI_continue/Lesson23/Lesson23_SVM/iris.csv
2025-12-20 16:39:20,678 - tasks.task_stage1 - INFO - run_stage1 - ============================================================
2025-12-20 16:39:20,687 - iris_classifier.data_loader - INFO - load_iris_data - Loading data from: /mnt/c/Users/yair0/AI_continue/Lesson23/Lesson23_SVM/iris.csv
2025-12-20 16:39:20,690 - iris_classifier.data_loader - INFO - load_iris_data - Loading data from: /mnt/c/Users/yair0/AI_continue/Lesson23/Lesson23_SVM/iris.csv
2025-12-20 16:39:20,724 - iris_classifier.data_loader - INFO - load_iris_data - Data loaded successfully: 150 samples, 5 features
2025-12-20 16:39:20,725 - iris_classifier.data_loader - INFO - load_iris_data - Data loaded successfully: 150 samples, 5 features
2025-12-20 16:39:20,725 - iris_classifier.data_loader - INFO - load_iris_data - Data loaded successfully: 150 samples, 5 features
2025-12-20 16:39:20,724 - iris_classifier.data_loader - INFO - load_iris_data - Data loaded successfully: 150 samples, 5 features
2025-12-20 16:39:20,725 - iris_classifier.data_loader - INFO - load_iris_data - Data loaded successfully: 150 samples, 5 features
2025-12-20 16:39:20,735 - tasks.task_stage1 - INFO - run_stage1 - Class mapping: {'setosa': 0, 'versicolor': 1, 'virginica': 2}
2025-12-20 16:39:20,735 - tasks.task_stage1 - INFO - run_stage1 - Class mapping: {'setosa': 0, 'versicolor': 1, 'virginica': 2}
2025-12-20 16:39:20,735 - tasks.task_stage1 - INFO - run_stage1 - Class mapping: {'setosa': 0, 'versicolor': 1, 'virginica': 2}
2025-12-20 16:39:20,737 - iris_classifier.data_loader - INFO - split_data - Splitting data: 75% train, 25% test
2025-12-20 16:39:20,735 - tasks.task_stage1 - INFO - run_stage1 - Class mapping: {'setosa': 0, 'versicolor': 1, 'virginica': 2}
2025-12-20 16:39:20,735 - tasks.task_stage1 - INFO - run_stage1 - Class mapping: {'setosa': 0, 'versicolor': 1, 'virginica': 2}
2025-12-20 16:39:20,738 - iris_classifier.data_loader - INFO - split_data - Splitting data: 75% train, 25% test
2025-12-20 16:39:20,738 - iris_classifier.data_loader - INFO - split_data - Splitting data: 75% train, 25% test
2025-12-20 16:39:20,739 - iris_classifier.data_loader - INFO - split_data - Splitting data: 75% train, 25% test
2025-12-20 16:39:20,740 - iris_classifier.data_loader - INFO - split_data - Splitting data: 75% train, 25% test
2025-12-20 16:39:20,748 - iris_classifier.data_loader - INFO - split_data - Train set: 112 samples
2025-12-20 16:39:20,748 - iris_classifier.data_loader - INFO - split_data - Train set: 112 samples
2025-12-20 16:39:20,748 - iris_classifier.data_loader - INFO - split_data - Train set: 112 samples
2025-12-20 16:39:20,748 - iris_classifier.data_loader - INFO - split_data - Train set: 112 samples
2025-12-20 16:39:20,748 - iris_classifier.data_loader - INFO - split_data - Train set: 112 samples
2025-12-20 16:39:20,752 - iris_classifier.data_loader - INFO - split_data - Test set: 38 samples
2025-12-20 16:39:20,751 - iris_classifier.data_loader - INFO - split_data - Test set: 38 samples
2025-12-20 16:39:20,750 - iris_classifier.data_loader - INFO - split_data - Test set: 38 samples
2025-12-20 16:39:20,754 - iris_classifier.data_loader - INFO - split_data - Train class distribution: [37 37 38]
2025-12-20 16:39:20,753 - iris_classifier.data_loader - INFO - split_data - Test set: 38 samples
2025-12-20 16:39:20,752 - iris_classifier.data_loader - INFO - split_data - Test set: 38 samples
2025-12-20 16:39:20,755 - iris_classifier.data_loader - INFO - split_data - Test class distribution: [13 13 12]
2025-12-20 16:39:20,754 - iris_classifier.data_loader - INFO - split_data - Train class distribution: [37 38 37]
2025-12-20 16:39:20,755 - iris_classifier.data_loader - INFO - split_data - Train class distribution: [38 37 37]
2025-12-20 16:39:20,756 - iris_classifier.preprocessor - INFO - group_classes_stage1 - Grouping classes for Stage 1: [0] vs [1, 2]
2025-12-20 16:39:20,756 - iris_classifier.data_loader - INFO - split_data - Train class distribution: [38 37 37]
2025-12-20 16:39:20,756 - iris_classifier.data_loader - INFO - split_data - Train class distribution: [38 37 37]
2025-12-20 16:39:20,757 - iris_classifier.data_loader - INFO - split_data - Test class distribution: [13 12 13]
2025-12-20 16:39:20,757 - iris_classifier.data_loader - INFO - split_data - Test class distribution: [12 13 13]
2025-12-20 16:39:20,758 - iris_classifier.preprocessor - INFO - group_classes_stage1 - Stage 1 class distribution: [37 75]
2025-12-20 16:39:20,758 - iris_classifier.data_loader - INFO - split_data - Test class distribution: [12 13 13]
2025-12-20 16:39:20,759 - iris_classifier.data_loader - INFO - split_data - Test class distribution: [12 13 13]
2025-12-20 16:39:20,760 - iris_classifier.preprocessor - INFO - group_classes_stage1 - Grouping classes for Stage 1: [0] vs [1, 2]
2025-12-20 16:39:20,759 - iris_classifier.preprocessor - INFO - group_classes_stage1 - Grouping classes for Stage 1: [0] vs [1, 2]
2025-12-20 16:39:20,760 - iris_classifier.preprocessor - INFO - group_classes_stage1 - Grouping classes for Stage 1: [0] vs [1, 2]
2025-12-20 16:39:20,761 - iris_classifier.preprocessor - INFO - group_classes_stage1 - Grouping classes for Stage 1: [0] vs [1, 2]
2025-12-20 16:39:20,761 - iris_classifier.preprocessor - INFO - group_classes_stage1 - Grouping classes for Stage 1: [0] vs [1, 2]
2025-12-20 16:39:20,762 - iris_classifier.preprocessor - INFO - group_classes_stage1 - Stage 1 class distribution: [38 74]
2025-12-20 16:39:20,762 - iris_classifier.preprocessor - INFO - group_classes_stage1 - Stage 1 class distribution: [13 25]
2025-12-20 16:39:20,762 - iris_classifier.preprocessor - INFO - group_classes_stage1 - Stage 1 class distribution: [37 75]
2025-12-20 16:39:20,763 - iris_classifier.preprocessor - INFO - group_classes_stage1 - Stage 1 class distribution: [38 74]
2025-12-20 16:39:20,763 - iris_classifier.preprocessor - INFO - normalize_features - Normalizing features with StandardScaler
2025-12-20 16:39:20,763 - iris_classifier.preprocessor - INFO - group_classes_stage1 - Grouping classes for Stage 1: [0] vs [1, 2]
2025-12-20 16:39:20,764 - iris_classifier.preprocessor - INFO - group_classes_stage1 - Grouping classes for Stage 1: [0] vs [1, 2]
2025-12-20 16:39:20,763 - iris_classifier.preprocessor - INFO - group_classes_stage1 - Stage 1 class distribution: [38 74]
2025-12-20 16:39:20,764 - iris_classifier.preprocessor - INFO - group_classes_stage1 - Grouping classes for Stage 1: [0] vs [1, 2]
2025-12-20 16:39:20,765 - iris_classifier.preprocessor - INFO - group_classes_stage1 - Stage 1 class distribution: [12 26]
2025-12-20 16:39:20,765 - iris_classifier.preprocessor - INFO - group_classes_stage1 - Grouping classes for Stage 1: [0] vs [1, 2]
2025-12-20 16:39:20,765 - iris_classifier.preprocessor - INFO - group_classes_stage1 - Stage 1 class distribution: [12 26]
2025-12-20 16:39:20,766 - iris_classifier.preprocessor - INFO - group_classes_stage1 - Stage 1 class distribution: [13 25]
2025-12-20 16:39:20,766 - iris_classifier.preprocessor - INFO - normalize_features - Normalizing features with StandardScaler
2025-12-20 16:39:20,767 - iris_classifier.preprocessor - INFO - group_classes_stage1 - Stage 1 class distribution: [12 26]
2025-12-20 16:39:20,768 - iris_classifier.preprocessor - INFO - normalize_features - Normalizing features with StandardScaler
2025-12-20 16:39:20,767 - iris_classifier.preprocessor - INFO - normalize_features - Feature scaling complete - Mean: [5.84375    3.08125    3.76428571 1.21964286], Std: [0.77468672 0.43966937 1.73934805 0.76611721]
2025-12-20 16:39:20,768 - iris_classifier.preprocessor - INFO - normalize_features - Normalizing features with StandardScaler
2025-12-20 16:39:20,769 - iris_classifier.preprocessor - INFO - normalize_features - Normalizing features with StandardScaler
2025-12-20 16:39:20,769 - iris_classifier.svm_trainer - INFO - train_svm - Training SVM: kernel=rbf, C=1.0, gamma=scale, class_weight=None
2025-12-20 16:39:20,770 - iris_classifier.svm_trainer - INFO - train_svm - Training samples: 112, Features: 4
2025-12-20 16:39:20,771 - iris_classifier.preprocessor - INFO - normalize_features - Feature scaling complete - Mean: [5.86160714 3.04821429 3.75446429 1.2       ], Std: [0.83657951 0.42215056 1.76720564 0.77309674]
2025-12-20 16:39:20,771 - iris_classifier.preprocessor - INFO - normalize_features - Feature scaling complete - Mean: [5.825      3.05892857 3.73571429 1.19553571], Std: [0.81267855 0.44169996 1.71635292 0.75691908]
2025-12-20 16:39:20,772 - iris_classifier.svm_trainer - INFO - train_svm - Training SVM: kernel=rbf, C=1.0, gamma=scale, class_weight=None
2025-12-20 16:39:20,772 - iris_classifier.preprocessor - INFO - normalize_features - Feature scaling complete - Mean: [5.87767857 3.06160714 3.76517857 1.19285714], Std: [0.84944413 0.43879818 1.7746081  0.76808136]
2025-12-20 16:39:20,772 - iris_classifier.svm_trainer - INFO - train_svm - Training SVM: kernel=rbf, C=1.0, gamma=scale, class_weight=None
2025-12-20 16:39:20,772 - iris_classifier.preprocessor - INFO - normalize_features - Feature scaling complete - Mean: [5.85803571 3.05982143 3.76696429 1.19732143], Std: [0.86660652 0.42813128 1.78857427 0.77407316]
2025-12-20 16:39:20,773 - iris_classifier.svm_trainer - INFO - train_svm - Training samples: 112, Features: 4
2025-12-20 16:39:20,773 - iris_classifier.svm_trainer - INFO - train_svm - Training samples: 112, Features: 4
2025-12-20 16:39:20,773 - iris_classifier.svm_trainer - INFO - train_svm - Training SVM: kernel=rbf, C=1.0, gamma=scale, class_weight=None
2025-12-20 16:39:20,773 - iris_classifier.svm_trainer - INFO - train_svm - Training SVM: kernel=rbf, C=1.0, gamma=scale, class_weight=None
2025-12-20 16:39:20,774 - iris_classifier.svm_trainer - INFO - train_svm - Training samples: 112, Features: 4
2025-12-20 16:39:20,774 - iris_classifier.svm_trainer - INFO - train_svm - Training samples: 112, Features: 4
2025-12-20 16:39:20,776 - iris_classifier.svm_trainer - INFO - train_svm - SVM training completed in 0.004 seconds
2025-12-20 16:39:20,777 - iris_classifier.svm_trainer - INFO - train_svm - SVM training completed in 0.003 seconds
2025-12-20 16:39:20,777 - iris_classifier.svm_trainer - INFO - train_svm - SVM training completed in 0.004 seconds
2025-12-20 16:39:20,778 - iris_classifier.svm_trainer - INFO - train_svm - SVM training completed in 0.004 seconds
2025-12-20 16:39:20,778 - iris_classifier.svm_trainer - INFO - train_svm - Support vectors: [6 8]
2025-12-20 16:39:20,779 - iris_classifier.svm_trainer - INFO - train_svm - SVM training completed in 0.004 seconds
2025-12-20 16:39:20,779 - iris_classifier.svm_trainer - INFO - train_svm - Support vectors: [ 6 10]
2025-12-20 16:39:20,782 - iris_classifier.svm_trainer - INFO - predict_svm - Making predictions on 38 test samples
2025-12-20 16:39:20,781 - iris_classifier.svm_trainer - INFO - train_svm - Support vectors: [ 6 10]
2025-12-20 16:39:20,783 - iris_classifier.svm_trainer - INFO - predict_svm - Making predictions on 38 test samples
2025-12-20 16:39:20,780 - iris_classifier.svm_trainer - INFO - train_svm - Support vectors: [6 9]
2025-12-20 16:39:20,784 - iris_classifier.svm_trainer - INFO - predict_svm - Making predictions on 38 test samples
2025-12-20 16:39:20,784 - iris_classifier.svm_trainer - INFO - predict_svm - Predictions complete: 38 samples
2025-12-20 16:39:20,783 - iris_classifier.svm_trainer - INFO - train_svm - Support vectors: [6 8]
2025-12-20 16:39:20,786 - iris_classifier.svm_trainer - INFO - predict_svm - Predictions complete: 38 samples
2025-12-20 16:39:20,785 - iris_classifier.svm_trainer - INFO - predict_svm - Making predictions on 38 test samples
2025-12-20 16:39:20,789 - iris_classifier.svm_trainer - INFO - predict_svm - Making predictions on 38 test samples
2025-12-20 16:39:20,785 - iris_classifier.svm_trainer - INFO - predict_svm - Predictions complete: 38 samples
2025-12-20 16:39:20,786 - iris_classifier.evaluator - INFO - evaluate_predictions - Evaluating predictions for Stage 1
2025-12-20 16:39:20,791 - iris_classifier.svm_trainer - INFO - predict_svm - Predictions complete: 38 samples
2025-12-20 16:39:20,790 - iris_classifier.evaluator - INFO - evaluate_predictions - Evaluating predictions for Stage 1
2025-12-20 16:39:20,791 - iris_classifier.evaluator - INFO - evaluate_predictions - Evaluating predictions for Stage 1
2025-12-20 16:39:20,791 - iris_classifier.svm_trainer - INFO - predict_svm - Predictions complete: 38 samples
2025-12-20 16:39:20,793 - iris_classifier.evaluator - INFO - evaluate_predictions - Evaluating predictions for Stage 1
2025-12-20 16:39:20,794 - iris_classifier.evaluator - INFO - evaluate_predictions - Evaluating predictions for Stage 1
2025-12-20 16:39:20,808 - iris_classifier.evaluator - INFO - evaluate_predictions - Stage 1 Accuracy: 1.0000
2025-12-20 16:39:20,808 - iris_classifier.evaluator - INFO - evaluate_predictions - Stage 1 Accuracy: 1.0000
2025-12-20 16:39:20,808 - iris_classifier.evaluator - INFO - evaluate_predictions - Stage 1 Accuracy: 1.0000
2025-12-20 16:39:20,808 - iris_classifier.evaluator - INFO - evaluate_predictions - Stage 1 Accuracy: 1.0000
2025-12-20 16:39:20,808 - iris_classifier.evaluator - INFO - evaluate_predictions - Stage 1 Accuracy: 0.9737
2025-12-20 16:39:20,810 - iris_classifier.evaluator - INFO - evaluate_predictions - Stage 1 Precision: 1.0000
2025-12-20 16:39:20,812 - iris_classifier.evaluator - INFO - evaluate_predictions - Stage 1 Precision: 1.0000
2025-12-20 16:39:20,811 - iris_classifier.evaluator - INFO - evaluate_predictions - Stage 1 Precision: 1.0000
2025-12-20 16:39:20,814 - iris_classifier.evaluator - INFO - evaluate_predictions - Stage 1 Recall: 1.0000
2025-12-20 16:39:20,811 - iris_classifier.evaluator - INFO - evaluate_predictions - Stage 1 Precision: 1.0000
2025-12-20 16:39:20,813 - iris_classifier.evaluator - INFO - evaluate_predictions - Stage 1 Precision: 0.9815
2025-12-20 16:39:20,817 - iris_classifier.evaluator - INFO - evaluate_predictions - Stage 1 F1-Score: 1.0000
2025-12-20 16:39:20,815 - iris_classifier.evaluator - INFO - evaluate_predictions - Stage 1 Recall: 1.0000
2025-12-20 16:39:20,815 - iris_classifier.evaluator - INFO - evaluate_predictions - Stage 1 Recall: 1.0000
2025-12-20 16:39:20,819 - iris_classifier.evaluator - INFO - evaluate_predictions - Stage 1 Recall: 0.9583
2025-12-20 16:39:20,818 - iris_classifier.evaluator - INFO - evaluate_predictions - Stage 1 Recall: 1.0000
2025-12-20 16:39:20,820 - iris_classifier.evaluator - INFO - evaluate_predictions - Stage 1 Confusion Matrix:
[[12  0]
 [ 0 26]]
2025-12-20 16:39:20,821 - iris_classifier.evaluator - INFO - evaluate_predictions - Stage 1 F1-Score: 1.0000
2025-12-20 16:39:20,821 - iris_classifier.evaluator - INFO - evaluate_predictions - Stage 1 F1-Score: 1.0000
2025-12-20 16:39:20,823 - iris_classifier.evaluator - INFO - evaluate_predictions - Stage 1 F1-Score: 1.0000
2025-12-20 16:39:20,822 - iris_classifier.evaluator - INFO - evaluate_predictions - Stage 1 F1-Score: 0.9688
2025-12-20 16:39:20,824 - tasks.task_stage1 - INFO - run_stage1 - Stage 1 completed successfully
2025-12-20 16:39:20,824 - iris_classifier.evaluator - INFO - evaluate_predictions - Stage 1 Confusion Matrix:
[[13  0]
 [ 0 25]]
2025-12-20 16:39:20,827 - iris_classifier.evaluator - INFO - evaluate_predictions - Stage 1 Confusion Matrix:
[[12  0]
 [ 0 26]]
2025-12-20 16:39:20,825 - iris_classifier.evaluator - INFO - evaluate_predictions - Stage 1 Confusion Matrix:
[[13  0]
 [ 0 25]]
2025-12-20 16:39:20,828 - iris_classifier.evaluator - INFO - evaluate_predictions - Stage 1 Confusion Matrix:
[[11  1]
 [ 0 26]]
2025-12-20 16:39:20,831 - tasks.task_stage1 - INFO - run_stage1 - Stage 1 completed successfully
2025-12-20 16:39:20,830 - tasks.task_stage1 - INFO - run_stage1 - Stage 1 completed successfully
2025-12-20 16:39:20,829 - tasks.task_stage2 - INFO - run_stage2 - ============================================================
2025-12-20 16:39:20,829 - tasks.task_stage1 - INFO - run_stage1 - Stage 1 completed successfully
2025-12-20 16:39:20,831 - tasks.task_stage1 - INFO - run_stage1 - Stage 1 completed successfully
2025-12-20 16:39:20,832 - tasks.task_stage2 - INFO - run_stage2 - ============================================================
2025-12-20 16:39:20,833 - tasks.task_stage2 - INFO - run_stage2 - ============================================================
2025-12-20 16:39:20,834 - tasks.task_stage2 - INFO - run_stage2 - ITERATION 1 - STAGE 2: Class 1 vs Class 2
2025-12-20 16:39:20,836 - tasks.task_stage2 - INFO - run_stage2 - ITERATION 3 - STAGE 2: Class 1 vs Class 2
2025-12-20 16:39:20,835 - tasks.task_stage2 - INFO - run_stage2 - ============================================================
2025-12-20 16:39:20,837 - tasks.task_stage2 - INFO - run_stage2 - ITERATION 5 - STAGE 2: Class 1 vs Class 2
2025-12-20 16:39:20,834 - tasks.task_stage2 - INFO - run_stage2 - ============================================================
2025-12-20 16:39:20,838 - tasks.task_stage2 - INFO - run_stage2 - ITERATION 4 - STAGE 2: Class 1 vs Class 2
2025-12-20 16:39:20,838 - tasks.task_stage2 - INFO - run_stage2 - ============================================================
2025-12-20 16:39:20,837 - tasks.task_stage2 - INFO - run_stage2 - ============================================================
2025-12-20 16:39:20,837 - tasks.task_stage2 - INFO - run_stage2 - ============================================================
2025-12-20 16:39:20,839 - iris_classifier.data_loader - INFO - load_iris_data - Loading data from: /mnt/c/Users/yair0/AI_continue/Lesson23/Lesson23_SVM/iris.csv
2025-12-20 16:39:20,839 - tasks.task_stage2 - INFO - run_stage2 - ============================================================
2025-12-20 16:39:20,839 - tasks.task_stage2 - INFO - run_stage2 - ITERATION 2 - STAGE 2: Class 1 vs Class 2
2025-12-20 16:39:20,840 - iris_classifier.data_loader - INFO - load_iris_data - Loading data from: /mnt/c/Users/yair0/AI_continue/Lesson23/Lesson23_SVM/iris.csv
2025-12-20 16:39:20,840 - iris_classifier.data_loader - INFO - load_iris_data - Loading data from: /mnt/c/Users/yair0/AI_continue/Lesson23/Lesson23_SVM/iris.csv
2025-12-20 16:39:20,841 - iris_classifier.data_loader - INFO - load_iris_data - Loading data from: /mnt/c/Users/yair0/AI_continue/Lesson23/Lesson23_SVM/iris.csv
2025-12-20 16:39:20,841 - tasks.task_stage2 - INFO - run_stage2 - ============================================================
2025-12-20 16:39:20,844 - iris_classifier.data_loader - INFO - load_iris_data - Loading data from: /mnt/c/Users/yair0/AI_continue/Lesson23/Lesson23_SVM/iris.csv
2025-12-20 16:39:20,850 - iris_classifier.data_loader - INFO - load_iris_data - Data loaded successfully: 150 samples, 5 features
2025-12-20 16:39:20,850 - iris_classifier.data_loader - INFO - load_iris_data - Data loaded successfully: 150 samples, 5 features
2025-12-20 16:39:20,850 - iris_classifier.data_loader - INFO - load_iris_data - Data loaded successfully: 150 samples, 5 features
2025-12-20 16:39:20,850 - iris_classifier.data_loader - INFO - load_iris_data - Data loaded successfully: 150 samples, 5 features
2025-12-20 16:39:20,852 - tasks.task_stage2 - INFO - run_stage2 - Class mapping: {'setosa': 0, 'versicolor': 1, 'virginica': 2}
2025-12-20 16:39:20,853 - iris_classifier.data_loader - INFO - load_iris_data - Data loaded successfully: 150 samples, 5 features
2025-12-20 16:39:20,853 - tasks.task_stage2 - INFO - run_stage2 - Class mapping: {'setosa': 0, 'versicolor': 1, 'virginica': 2}
2025-12-20 16:39:20,853 - tasks.task_stage2 - INFO - run_stage2 - Class mapping: {'setosa': 0, 'versicolor': 1, 'virginica': 2}
2025-12-20 16:39:20,854 - iris_classifier.data_loader - INFO - split_data - Splitting data: 75% train, 25% test
2025-12-20 16:39:20,853 - tasks.task_stage2 - INFO - run_stage2 - Class mapping: {'setosa': 0, 'versicolor': 1, 'virginica': 2}
2025-12-20 16:39:20,855 - iris_classifier.data_loader - INFO - split_data - Splitting data: 75% train, 25% test
2025-12-20 16:39:20,856 - iris_classifier.data_loader - INFO - split_data - Splitting data: 75% train, 25% test
2025-12-20 16:39:20,857 - iris_classifier.data_loader - INFO - split_data - Splitting data: 75% train, 25% test
2025-12-20 16:39:20,855 - tasks.task_stage2 - INFO - run_stage2 - Class mapping: {'setosa': 0, 'versicolor': 1, 'virginica': 2}
2025-12-20 16:39:20,857 - iris_classifier.data_loader - INFO - split_data - Train set: 112 samples
2025-12-20 16:39:20,858 - iris_classifier.data_loader - INFO - split_data - Train set: 112 samples
2025-12-20 16:39:20,858 - iris_classifier.data_loader - INFO - split_data - Test set: 38 samples
2025-12-20 16:39:20,859 - iris_classifier.data_loader - INFO - split_data - Test set: 38 samples
2025-12-20 16:39:20,859 - iris_classifier.data_loader - INFO - split_data - Train set: 112 samples
2025-12-20 16:39:20,858 - iris_classifier.data_loader - INFO - split_data - Splitting data: 75% train, 25% test
2025-12-20 16:39:20,859 - iris_classifier.data_loader - INFO - split_data - Train set: 112 samples
2025-12-20 16:39:20,860 - iris_classifier.data_loader - INFO - split_data - Train class distribution: [38 37 37]
2025-12-20 16:39:20,860 - iris_classifier.data_loader - INFO - split_data - Train class distribution: [37 37 38]
2025-12-20 16:39:20,861 - iris_classifier.data_loader - INFO - split_data - Test set: 38 samples
2025-12-20 16:39:20,860 - iris_classifier.data_loader - INFO - split_data - Test set: 38 samples
2025-12-20 16:39:20,861 - iris_classifier.data_loader - INFO - split_data - Test class distribution: [12 13 13]
2025-12-20 16:39:20,862 - iris_classifier.data_loader - INFO - split_data - Train class distribution: [38 37 37]
2025-12-20 16:39:20,862 - iris_classifier.data_loader - INFO - split_data - Test class distribution: [13 13 12]
2025-12-20 16:39:20,863 - tasks.task_stage2 - INFO - run_stage2 - Training set - Group B samples: 74
2025-12-20 16:39:20,862 - iris_classifier.data_loader - INFO - split_data - Train set: 112 samples
2025-12-20 16:39:20,864 - iris_classifier.data_loader - INFO - split_data - Test class distribution: [12 13 13]
2025-12-20 16:39:20,862 - iris_classifier.data_loader - INFO - split_data - Train class distribution: [38 37 37]
2025-12-20 16:39:20,867 - iris_classifier.data_loader - INFO - split_data - Test set: 38 samples
2025-12-20 16:39:20,867 - tasks.task_stage2 - INFO - run_stage2 - Training set - Class distribution: [ 0 37 37]
2025-12-20 16:39:20,864 - tasks.task_stage2 - INFO - run_stage2 - Training set - Group B samples: 75
2025-12-20 16:39:20,868 - tasks.task_stage2 - INFO - run_stage2 - Training set - Group B samples: 74
2025-12-20 16:39:20,869 - iris_classifier.data_loader - INFO - split_data - Train class distribution: [37 38 37]
2025-12-20 16:39:20,868 - iris_classifier.data_loader - INFO - split_data - Test class distribution: [12 13 13]
2025-12-20 16:39:20,869 - tasks.task_stage2 - INFO - run_stage2 - Test set - Predicted as Group B: 27
2025-12-20 16:39:20,870 - tasks.task_stage2 - INFO - run_stage2 - Training set - Class distribution: [ 0 37 37]
2025-12-20 16:39:20,870 - iris_classifier.data_loader - INFO - split_data - Test class distribution: [13 12 13]
2025-12-20 16:39:20,870 - tasks.task_stage2 - INFO - run_stage2 - Training set - Class distribution: [ 0 37 38]
2025-12-20 16:39:20,871 - tasks.task_stage2 - INFO - run_stage2 - Training set - Group B samples: 74
2025-12-20 16:39:20,871 - tasks.task_stage2 - INFO - run_stage2 - Test set - Actual class distribution: [ 1 13 13]
2025-12-20 16:39:20,872 - tasks.task_stage2 - INFO - run_stage2 - Test set - Predicted as Group B: 26
2025-12-20 16:39:20,872 - tasks.task_stage2 - INFO - run_stage2 - Training set - Group B samples: 75
2025-12-20 16:39:20,873 - iris_classifier.preprocessor - INFO - normalize_features - Normalizing features with StandardScaler
2025-12-20 16:39:20,873 - tasks.task_stage2 - INFO - run_stage2 - Training set - Class distribution: [ 0 37 37]
2025-12-20 16:39:20,873 - tasks.task_stage2 - INFO - run_stage2 - Test set - Actual class distribution: [ 0 13 13]
2025-12-20 16:39:20,872 - tasks.task_stage2 - INFO - run_stage2 - Test set - Predicted as Group B: 25
2025-12-20 16:39:20,874 - tasks.task_stage2 - INFO - run_stage2 - Training set - Class distribution: [ 0 38 37]
2025-12-20 16:39:20,874 - tasks.task_stage2 - INFO - run_stage2 - Test set - Predicted as Group B: 26
2025-12-20 16:39:20,874 - iris_classifier.preprocessor - INFO - normalize_features - Normalizing features with StandardScaler
2025-12-20 16:39:20,875 - tasks.task_stage2 - INFO - run_stage2 - Test set - Actual class distribution: [ 0 13 12]
2025-12-20 16:39:20,875 - tasks.task_stage2 - INFO - run_stage2 - Test set - Predicted as Group B: 25
2025-12-20 16:39:20,875 - iris_classifier.preprocessor - INFO - normalize_features - Feature scaling complete - Mean: [6.30675676 2.87432432 4.94189189 1.69054054], Std: [0.69871138 0.36244694 0.86976337 0.43001223]
2025-12-20 16:39:20,875 - tasks.task_stage2 - INFO - run_stage2 - Test set - Actual class distribution: [ 0 13 13]
2025-12-20 16:39:20,877 - iris_classifier.preprocessor - INFO - normalize_features - Feature scaling complete - Mean: [6.3027027  2.87567568 4.92567568 1.69189189], Std: [0.65243266 0.32458323 0.81804989 0.43019692]
2025-12-20 16:39:20,877 - iris_classifier.preprocessor - INFO - normalize_features - Normalizing features with StandardScaler
2025-12-20 16:39:20,878 - tasks.task_stage2 - INFO - run_stage2 - Test set - Actual class distribution: [ 0 12 13]
2025-12-20 16:39:20,878 - tasks.task_stage2 - INFO - run_stage2 - Features normalized for Stage 2
2025-12-20 16:39:20,879 - iris_classifier.preprocessor - INFO - normalize_features - Normalizing features with StandardScaler
2025-12-20 16:39:20,880 - tasks.task_stage2 - INFO - run_stage2 - Features normalized for Stage 2
2025-12-20 16:39:20,881 - iris_classifier.preprocessor - INFO - normalize_features - Normalizing features with StandardScaler
2025-12-20 16:39:20,882 - iris_classifier.preprocessor - INFO - normalize_features - Feature scaling complete - Mean: [6.24133333 2.90666667 4.904      1.7       ], Std: [0.59331685 0.34344658 0.75761732 0.4150502 ]
2025-12-20 16:39:20,882 - iris_classifier.svm_trainer - INFO - train_svm - Training SVM: kernel=rbf, C=1.0, gamma=scale, class_weight=balanced
2025-12-20 16:39:20,884 - iris_classifier.preprocessor - INFO - normalize_features - Feature scaling complete - Mean: [6.33108108 2.86891892 4.93648649 1.67972973], Std: [0.66290223 0.33888756 0.84334827 0.43339631]
2025-12-20 16:39:20,883 - iris_classifier.svm_trainer - INFO - train_svm - Training SVM: kernel=rbf, C=1.0, gamma=scale, class_weight=balanced
2025-12-20 16:39:20,886 - tasks.task_stage2 - INFO - run_stage2 - Features normalized for Stage 2
2025-12-20 16:39:20,886 - iris_classifier.preprocessor - INFO - normalize_features - Feature scaling complete - Mean: [6.23066667 2.87066667 4.85466667 1.668     ], Std: [0.64228204 0.31865272 0.76998586 0.41734398]
2025-12-20 16:39:20,888 - iris_classifier.svm_trainer - INFO - train_svm - Training samples: 74, Features: 4
2025-12-20 16:39:20,886 - iris_classifier.svm_trainer - INFO - train_svm - Training samples: 74, Features: 4
2025-12-20 16:39:20,889 - iris_classifier.svm_trainer - INFO - train_svm - Training SVM: kernel=rbf, C=1.0, gamma=scale, class_weight=balanced
2025-12-20 16:39:20,889 - tasks.task_stage2 - INFO - run_stage2 - Features normalized for Stage 2
2025-12-20 16:39:20,887 - tasks.task_stage2 - INFO - run_stage2 - Features normalized for Stage 2
2025-12-20 16:39:20,891 - iris_classifier.svm_trainer - INFO - train_svm - Training samples: 75, Features: 4
2025-12-20 16:39:20,892 - iris_classifier.svm_trainer - INFO - train_svm - Training SVM: kernel=rbf, C=1.0, gamma=scale, class_weight=balanced
2025-12-20 16:39:20,893 - iris_classifier.svm_trainer - INFO - train_svm - Training SVM: kernel=rbf, C=1.0, gamma=scale, class_weight=balanced
2025-12-20 16:39:20,893 - iris_classifier.svm_trainer - INFO - train_svm - SVM training completed in 0.003 seconds
2025-12-20 16:39:20,892 - iris_classifier.svm_trainer - INFO - train_svm - SVM training completed in 0.002 seconds
2025-12-20 16:39:20,895 - iris_classifier.svm_trainer - INFO - train_svm - Training samples: 74, Features: 4
2025-12-20 16:39:20,895 - iris_classifier.svm_trainer - INFO - train_svm - Training samples: 75, Features: 4
2025-12-20 16:39:20,896 - iris_classifier.svm_trainer - INFO - train_svm - Support vectors: [14 15]
2025-12-20 16:39:20,896 - iris_classifier.svm_trainer - INFO - train_svm - Support vectors: [15 14]
2025-12-20 16:39:20,896 - iris_classifier.svm_trainer - INFO - train_svm - SVM training completed in 0.002 seconds
2025-12-20 16:39:20,897 - iris_classifier.svm_trainer - INFO - predict_svm - Making predictions on 27 test samples
2025-12-20 16:39:20,897 - iris_classifier.svm_trainer - INFO - predict_svm - Making predictions on 26 test samples
2025-12-20 16:39:20,897 - iris_classifier.svm_trainer - INFO - train_svm - Support vectors: [15 16]
2025-12-20 16:39:20,898 - iris_classifier.svm_trainer - INFO - predict_svm - Predictions complete: 27 samples
2025-12-20 16:39:20,898 - iris_classifier.svm_trainer - INFO - predict_svm - Making predictions on 25 test samples
2025-12-20 16:39:20,898 - iris_classifier.svm_trainer - INFO - predict_svm - Predictions complete: 26 samples
2025-12-20 16:39:20,899 - tasks.task_stage2 - INFO - run_stage2 - Stage 2 predictions distribution: [ 0 15 12]
2025-12-20 16:39:20,899 - iris_classifier.svm_trainer - INFO - train_svm - SVM training completed in 0.002 seconds
2025-12-20 16:39:20,899 - iris_classifier.svm_trainer - INFO - train_svm - SVM training completed in 0.003 seconds
2025-12-20 16:39:20,900 - iris_classifier.svm_trainer - INFO - predict_svm - Predictions complete: 25 samples
2025-12-20 16:39:20,900 - tasks.task_stage2 - INFO - run_stage2 - Stage 2 predictions distribution: [ 0 14 12]
2025-12-20 16:39:20,900 - iris_classifier.evaluator - INFO - evaluate_predictions - Evaluating predictions for Stage 2
2025-12-20 16:39:20,900 - iris_classifier.svm_trainer - INFO - train_svm - Support vectors: [13 13]
2025-12-20 16:39:20,901 - iris_classifier.svm_trainer - INFO - train_svm - Support vectors: [13 14]
2025-12-20 16:39:20,901 - tasks.task_stage2 - INFO - run_stage2 - Stage 2 predictions distribution: [ 0 14 11]
2025-12-20 16:39:20,901 - iris_classifier.evaluator - INFO - evaluate_predictions - Evaluating predictions for Stage 2
2025-12-20 16:39:20,902 - iris_classifier.svm_trainer - INFO - predict_svm - Making predictions on 26 test samples
2025-12-20 16:39:20,902 - iris_classifier.svm_trainer - INFO - predict_svm - Making predictions on 25 test samples
2025-12-20 16:39:20,902 - iris_classifier.evaluator - INFO - evaluate_predictions - Evaluating predictions for Stage 2
2025-12-20 16:39:20,904 - iris_classifier.svm_trainer - INFO - predict_svm - Predictions complete: 26 samples
2025-12-20 16:39:20,904 - iris_classifier.svm_trainer - INFO - predict_svm - Predictions complete: 25 samples
2025-12-20 16:39:20,905 - tasks.task_stage2 - INFO - run_stage2 - Stage 2 predictions distribution: [ 0 13 13]
2025-12-20 16:39:20,905 - tasks.task_stage2 - INFO - run_stage2 - Stage 2 predictions distribution: [ 0 13 12]
2025-12-20 16:39:20,905 - iris_classifier.evaluator - INFO - evaluate_predictions - Evaluating predictions for Stage 2
2025-12-20 16:39:20,905 - iris_classifier.evaluator - INFO - evaluate_predictions - Evaluating predictions for Stage 2
2025-12-20 16:39:20,908 - iris_classifier.evaluator - INFO - evaluate_predictions - Stage 2 Accuracy: 0.9600
2025-12-20 16:39:20,909 - iris_classifier.evaluator - INFO - evaluate_predictions - Stage 2 Accuracy: 0.9615
2025-12-20 16:39:20,909 - iris_classifier.evaluator - INFO - evaluate_predictions - Stage 2 Precision: 0.9643
2025-12-20 16:39:20,910 - iris_classifier.evaluator - INFO - evaluate_predictions - Stage 2 Accuracy: 0.8889
2025-12-20 16:39:20,910 - iris_classifier.evaluator - INFO - evaluate_predictions - Stage 2 Precision: 0.9643
2025-12-20 16:39:20,911 - iris_classifier.evaluator - INFO - evaluate_predictions - Stage 2 Recall: 0.9583
2025-12-20 16:39:20,911 - iris_classifier.evaluator - INFO - evaluate_predictions - Stage 2 Precision: 0.5944
2025-12-20 16:39:20,911 - iris_classifier.evaluator - INFO - evaluate_predictions - Stage 2 Recall: 0.9615
2025-12-20 16:39:20,912 - iris_classifier.evaluator - INFO - evaluate_predictions - Stage 2 F1-Score: 0.9597
2025-12-20 16:39:20,912 - iris_classifier.evaluator - INFO - evaluate_predictions - Stage 2 Recall: 0.6154
2025-12-20 16:39:20,913 - iris_classifier.evaluator - INFO - evaluate_predictions - Stage 2 F1-Score: 0.9615
2025-12-20 16:39:20,913 - iris_classifier.evaluator - INFO - evaluate_predictions - Stage 2 Confusion Matrix:
[[13  0]
 [ 1 11]]
2025-12-20 16:39:20,914 - iris_classifier.evaluator - INFO - evaluate_predictions - Stage 2 F1-Score: 0.6029
2025-12-20 16:39:20,914 - iris_classifier.evaluator - INFO - evaluate_predictions - Stage 2 Accuracy: 0.9600
2025-12-20 16:39:20,914 - iris_classifier.evaluator - INFO - evaluate_predictions - Stage 2 Confusion Matrix:
[[13  0]
 [ 1 12]]
2025-12-20 16:39:20,913 - iris_classifier.evaluator - INFO - evaluate_predictions - Stage 2 Accuracy: 0.9231
2025-12-20 16:39:20,915 - tasks.task_stage2 - INFO - run_stage2 - Stage 2 completed successfully
2025-12-20 16:39:20,916 - iris_classifier.evaluator - INFO - evaluate_predictions - Stage 2 Confusion Matrix:
[[ 0  0  1]
 [ 0 13  0]
 [ 0  2 11]]
2025-12-20 16:39:20,917 - tasks.task_stage2 - INFO - run_stage2 - Stage 2 completed successfully
2025-12-20 16:39:20,916 - iris_classifier.evaluator - INFO - evaluate_predictions - Stage 2 Precision: 0.9615
2025-12-20 16:39:20,918 - iris_classifier.evaluator - INFO - evaluate_predictions - Stage 2 Precision: 0.9231
2025-12-20 16:39:20,919 - tasks.task_stage2 - INFO - run_stage2 - Stage 2 completed successfully
2025-12-20 16:39:20,918 - iris_classifier.evaluator - INFO - combine_stage_predictions - Combining Stage 1 and Stage 2 predictions
2025-12-20 16:39:20,920 - iris_classifier.evaluator - INFO - combine_stage_predictions - Combining Stage 1 and Stage 2 predictions
2025-12-20 16:39:20,920 - iris_classifier.evaluator - INFO - evaluate_predictions - Stage 2 Recall: 0.9615
2025-12-20 16:39:20,921 - iris_classifier.evaluator - INFO - evaluate_predictions - Stage 2 Recall: 0.9231
2025-12-20 16:39:20,922 - iris_classifier.evaluator - INFO - combine_stage_predictions - Combining Stage 1 and Stage 2 predictions
2025-12-20 16:39:20,924 - iris_classifier.evaluator - INFO - combine_stage_predictions - Final prediction distribution: [13 14 11]
2025-12-20 16:39:20,926 - iris_classifier.evaluator - INFO - evaluate_predictions - Stage 2 F1-Score: 0.9600
2025-12-20 16:39:20,925 - iris_classifier.evaluator - INFO - combine_stage_predictions - Final prediction distribution: [12 14 12]
2025-12-20 16:39:20,926 - iris_classifier.evaluator - INFO - evaluate_predictions - Stage 2 F1-Score: 0.9231
2025-12-20 16:39:20,929 - iris_classifier.evaluator - INFO - evaluate_predictions - Stage 2 Confusion Matrix:
[[12  0]
 [ 1 12]]
2025-12-20 16:39:20,928 - iris_classifier.evaluator - INFO - evaluate_predictions - Evaluating predictions for Overall
2025-12-20 16:39:20,927 - iris_classifier.evaluator - INFO - combine_stage_predictions - Final prediction distribution: [11 15 12]
2025-12-20 16:39:20,930 - tasks.task_stage2 - INFO - run_stage2 - Stage 2 completed successfully
2025-12-20 16:39:20,930 - iris_classifier.evaluator - INFO - evaluate_predictions - Stage 2 Confusion Matrix:
[[12  1]
 [ 1 12]]
2025-12-20 16:39:20,929 - iris_classifier.evaluator - INFO - evaluate_predictions - Evaluating predictions for Overall
2025-12-20 16:39:20,932 - iris_classifier.evaluator - INFO - combine_stage_predictions - Combining Stage 1 and Stage 2 predictions
2025-12-20 16:39:20,931 - iris_classifier.evaluator - INFO - evaluate_predictions - Evaluating predictions for Overall
2025-12-20 16:39:20,933 - tasks.task_stage2 - INFO - run_stage2 - Stage 2 completed successfully
2025-12-20 16:39:20,934 - iris_classifier.evaluator - INFO - combine_stage_predictions - Final prediction distribution: [13 13 12]
2025-12-20 16:39:20,934 - iris_classifier.evaluator - INFO - combine_stage_predictions - Combining Stage 1 and Stage 2 predictions
2025-12-20 16:39:20,935 - iris_classifier.evaluator - INFO - evaluate_predictions - Evaluating predictions for Overall
2025-12-20 16:39:20,935 - iris_classifier.evaluator - INFO - combine_stage_predictions - Final prediction distribution: [12 13 13]
2025-12-20 16:39:20,936 - iris_classifier.evaluator - INFO - evaluate_predictions - Evaluating predictions for Overall
2025-12-20 16:39:20,937 - iris_classifier.evaluator - INFO - evaluate_predictions - Overall Accuracy: 0.9737
2025-12-20 16:39:20,937 - iris_classifier.evaluator - INFO - evaluate_predictions - Overall Accuracy: 0.9737
2025-12-20 16:39:20,939 - iris_classifier.evaluator - INFO - evaluate_predictions - Overall Precision: 0.9762
2025-12-20 16:39:20,939 - iris_classifier.evaluator - INFO - evaluate_predictions - Overall Precision: 0.9762
2025-12-20 16:39:20,940 - iris_classifier.evaluator - INFO - evaluate_predictions - Overall Recall: 0.9744
2025-12-20 16:39:20,940 - iris_classifier.evaluator - INFO - evaluate_predictions - Overall Accuracy: 0.9211
2025-12-20 16:39:20,940 - iris_classifier.evaluator - INFO - evaluate_predictions - Overall Recall: 0.9722
2025-12-20 16:39:20,941 - iris_classifier.evaluator - INFO - evaluate_predictions - Overall F1-Score: 0.9743
2025-12-20 16:39:20,941 - iris_classifier.evaluator - INFO - evaluate_predictions - Overall Accuracy: 0.9737
2025-12-20 16:39:20,943 - iris_classifier.evaluator - INFO - evaluate_predictions - Overall F1-Score: 0.9732
2025-12-20 16:39:20,942 - iris_classifier.evaluator - INFO - evaluate_predictions - Overall Precision: 0.9278
2025-12-20 16:39:20,943 - iris_classifier.evaluator - INFO - evaluate_predictions - Overall Confusion Matrix:
[[12  0  0]
 [ 0 13  0]
 [ 0  1 12]]
2025-12-20 16:39:20,944 - iris_classifier.evaluator - INFO - evaluate_predictions - Overall Precision: 0.9744
2025-12-20 16:39:20,944 - iris_classifier.evaluator - INFO - evaluate_predictions - Overall Confusion Matrix:
[[13  0  0]
 [ 0 13  0]
 [ 0  1 11]]
2025-12-20 16:39:20,944 - iris_classifier.evaluator - INFO - evaluate_predictions - Overall Recall: 0.9209
2025-12-20 16:39:20,945 - iris_classifier.evaluator - INFO - evaluate_predictions - Overall Recall: 0.9744
2025-12-20 16:39:20,945 - iris_classifier.iteration_runner - INFO - run_single_iteration - Iteration 5 completed successfully
2025-12-20 16:39:20,946 - iris_classifier.iteration_runner - INFO - run_single_iteration - Iteration 3 completed successfully
2025-12-20 16:39:20,946 - iris_classifier.evaluator - INFO - evaluate_predictions - Overall F1-Score: 0.9217
2025-12-20 16:39:20,947 - iris_classifier.iteration_runner - INFO - run_single_iteration - Overall Accuracy: 0.9737
2025-12-20 16:39:20,945 - iris_classifier.evaluator - INFO - evaluate_predictions - Overall Accuracy: 0.9474
2025-12-20 16:39:20,947 - iris_classifier.evaluator - INFO - evaluate_predictions - Overall F1-Score: 0.9733
2025-12-20 16:39:20,948 - iris_classifier.iteration_runner - INFO - run_single_iteration - Overall Accuracy: 0.9737
2025-12-20 16:39:20,948 - iris_classifier.evaluator - INFO - evaluate_predictions - Overall Confusion Matrix:
[[11  0  1]
 [ 0 13  0]
 [ 0  2 11]]
2025-12-20 16:39:20,949 - iris_classifier.evaluator - INFO - evaluate_predictions - Overall Precision: 0.9487
2025-12-20 16:39:20,950 - iris_classifier.evaluator - INFO - evaluate_predictions - Overall Confusion Matrix:
[[13  0  0]
 [ 0 12  0]
 [ 0  1 12]]
2025-12-20 16:39:20,951 - iris_classifier.iteration_runner - INFO - run_single_iteration - Iteration 4 completed successfully
2025-12-20 16:39:20,951 - iris_classifier.evaluator - INFO - evaluate_predictions - Overall Recall: 0.9487
2025-12-20 16:39:20,952 - iris_classifier.iteration_runner - INFO - run_single_iteration - Iteration 2 completed successfully
2025-12-20 16:39:20,953 - iris_classifier.iteration_runner - INFO - run_single_iteration - Overall Accuracy: 0.9211
2025-12-20 16:39:20,953 - iris_classifier.evaluator - INFO - evaluate_predictions - Overall F1-Score: 0.9487
2025-12-20 16:39:20,954 - iris_classifier.iteration_runner - INFO - run_single_iteration - Overall Accuracy: 0.9737
2025-12-20 16:39:20,955 - iris_classifier.evaluator - INFO - evaluate_predictions - Overall Confusion Matrix:
[[12  0  0]
 [ 0 12  1]
 [ 0  1 12]]
2025-12-20 16:39:20,956 - iris_classifier.iteration_runner - INFO - run_single_iteration - Iteration 1 completed successfully
2025-12-20 16:39:20,958 - iris_classifier.iteration_runner - INFO - run_single_iteration - Overall Accuracy: 0.9474
2025-12-20 16:39:20,967 - iris_classifier.iteration_runner - INFO - run_with_multiprocessing - All iterations completed via multiprocessing
2025-12-20 16:39:20,969 - tasks.task_analysis - INFO - analyze_results - ============================================================
2025-12-20 16:39:20,971 - tasks.task_analysis - INFO - analyze_results - ANALYZING RESULTS FROM ALL ITERATIONS
2025-12-20 16:39:20,973 - tasks.task_analysis - INFO - analyze_results - ============================================================
2025-12-20 16:39:20,975 - iris_classifier.statistics - INFO - aggregate_results - Aggregating results from 5 iterations
2025-12-20 16:39:20,979 - iris_classifier.statistics - INFO - aggregate_results - ============================================================
2025-12-20 16:39:20,981 - iris_classifier.statistics - INFO - aggregate_results - AGGREGATED RESULTS SUMMARY
2025-12-20 16:39:20,984 - iris_classifier.statistics - INFO - aggregate_results - ============================================================
2025-12-20 16:39:20,986 - iris_classifier.statistics - INFO - aggregate_results - 
STAGE1:
2025-12-20 16:39:20,988 - iris_classifier.statistics - INFO - aggregate_results -   Accuracy: 0.9947 ± 0.0105
2025-12-20 16:39:20,990 - iris_classifier.statistics - INFO - aggregate_results -   Range: [0.9737, 1.0000]
2025-12-20 16:39:20,993 - iris_classifier.statistics - INFO - aggregate_results - 
STAGE2:
2025-12-20 16:39:20,995 - iris_classifier.statistics - INFO - aggregate_results -   Accuracy: 0.9387 ± 0.0288
2025-12-20 16:39:20,997 - iris_classifier.statistics - INFO - aggregate_results -   Range: [0.8889, 0.9615]
2025-12-20 16:39:20,999 - iris_classifier.statistics - INFO - aggregate_results - 
OVERALL:
2025-12-20 16:39:21,001 - iris_classifier.statistics - INFO - aggregate_results -   Accuracy: 0.9579 ± 0.0211
2025-12-20 16:39:21,003 - iris_classifier.statistics - INFO - aggregate_results -   Range: [0.9211, 0.9737]
2025-12-20 16:39:21,005 - iris_classifier.statistics - INFO - aggregate_results - ============================================================
2025-12-20 16:39:21,006 - iris_classifier.visualizer - INFO - generate_all_plots - Generating all visualization plots
2025-12-20 16:39:21,008 - iris_classifier.visualizer - INFO - plot_accuracy_distribution - Creating accuracy distribution plot
2025-12-20 16:39:22,665 - iris_classifier.visualizer - INFO - plot_accuracy_distribution - Accuracy distribution plot saved to: /mnt/c/Users/yair0/AI_continue/Lesson23/Lesson23_SVM/results/accuracy_distribution.png
2025-12-20 16:39:22,669 - iris_classifier.visualizer - INFO - plot_confusion_matrix - Creating confusion matrix plot
2025-12-20 16:39:23,652 - iris_classifier.visualizer - INFO - plot_confusion_matrix - Confusion matrix plot saved to: /mnt/c/Users/yair0/AI_continue/Lesson23/Lesson23_SVM/results/confusion_matrix.png
2025-12-20 16:39:23,656 - iris_classifier.visualizer - INFO - plot_metrics_comparison - Creating metrics comparison plot
2025-12-20 16:39:24,488 - iris_classifier.visualizer - INFO - plot_metrics_comparison - Metrics comparison plot saved to: /mnt/c/Users/yair0/AI_continue/Lesson23/Lesson23_SVM/results/metrics_comparison.png
2025-12-20 16:39:24,494 - iris_classifier.visualizer - INFO - generate_all_plots - All plots generated successfully
2025-12-20 16:39:24,497 - tasks.task_analysis - INFO - save_summary - Saving results summary
2025-12-20 16:39:24,519 - tasks.task_analysis - INFO - save_summary - Results summary saved to: /mnt/c/Users/yair0/AI_continue/Lesson23/Lesson23_SVM/results/results_summary.json
2025-12-20 16:39:24,522 - tasks.task_analysis - INFO - analyze_results - Results analysis completed successfully
2025-12-20 16:39:24,525 - __main__ - INFO - main - Total runtime: 3.94 seconds
2025-12-20 16:39:24,527 - iris_classifier.output_formatter - INFO - print_summary - Summary printed to console
2025-12-20 16:39:24,530 - __main__ - INFO - main - Program completed successfully
