2025-12-20 15:54:23,165 - __main__ - INFO - log_config_info - ============================================================
2025-12-20 15:54:23,168 - __main__ - INFO - log_config_info - Iris SVM Classification System Started
2025-12-20 15:54:23,170 - __main__ - INFO - log_config_info - ============================================================
2025-12-20 15:54:23,173 - __main__ - INFO - log_config_info - Configuration: {'train_split': 0.75, 'test_split': 0.25, 'random_state': 42, 'num_iterations': 5, 'svm_kernel': 'rbf', 'svm_c': 10.0, 'svm_gamma': 'auto'}
2025-12-20 15:54:23,176 - __main__ - INFO - log_config_info - Log directory: /mnt/c/Users/yair0/AI_continue/Lesson23/Lesson23_SVM/log
2025-12-20 15:54:23,204 - __main__ - INFO - log_config_info - Log rotation: 20 files × 16MB
2025-12-20 15:54:23,207 - __main__ - INFO - log_config_info - ============================================================
2025-12-20 15:54:23,210 - __main__ - INFO - main - Starting Iris SVM Classification System
2025-12-20 15:54:23,213 - iris_classifier.iteration_runner - INFO - run_with_multiprocessing - Using multiprocessing with 5 workers
2025-12-20 15:54:23,285 - iris_classifier.iteration_runner - INFO - run_single_iteration - 
============================================================
2025-12-20 15:54:23,286 - iris_classifier.iteration_runner - INFO - run_single_iteration - 
============================================================
2025-12-20 15:54:23,286 - iris_classifier.iteration_runner - INFO - run_single_iteration - 
============================================================
2025-12-20 15:54:23,287 - iris_classifier.iteration_runner - INFO - run_single_iteration - 
============================================================
2025-12-20 15:54:23,288 - iris_classifier.iteration_runner - INFO - run_single_iteration - Starting Iteration 1/5
2025-12-20 15:54:23,287 - iris_classifier.iteration_runner - INFO - run_single_iteration - 
============================================================
2025-12-20 15:54:23,291 - iris_classifier.iteration_runner - INFO - run_single_iteration - Starting Iteration 5/5
2025-12-20 15:54:23,289 - iris_classifier.iteration_runner - INFO - run_single_iteration - Starting Iteration 2/5
2025-12-20 15:54:23,290 - iris_classifier.iteration_runner - INFO - run_single_iteration - Starting Iteration 3/5
2025-12-20 15:54:23,293 - iris_classifier.iteration_runner - INFO - run_single_iteration - Starting Iteration 4/5
2025-12-20 15:54:23,294 - iris_classifier.iteration_runner - INFO - run_single_iteration - ============================================================
2025-12-20 15:54:23,292 - iris_classifier.iteration_runner - INFO - run_single_iteration - ============================================================
2025-12-20 15:54:23,296 - iris_classifier.iteration_runner - INFO - run_single_iteration - ============================================================
2025-12-20 15:54:23,294 - iris_classifier.iteration_runner - INFO - run_single_iteration - ============================================================
2025-12-20 15:54:23,295 - iris_classifier.iteration_runner - INFO - run_single_iteration - ============================================================
2025-12-20 15:54:23,297 - tasks.task_stage1 - INFO - run_stage1 - ============================================================
2025-12-20 15:54:23,297 - tasks.task_stage1 - INFO - run_stage1 - ============================================================
2025-12-20 15:54:23,298 - tasks.task_stage1 - INFO - run_stage1 - ============================================================
2025-12-20 15:54:23,300 - tasks.task_stage1 - INFO - run_stage1 - ============================================================
2025-12-20 15:54:23,299 - tasks.task_stage1 - INFO - run_stage1 - ============================================================
2025-12-20 15:54:23,301 - tasks.task_stage1 - INFO - run_stage1 - ITERATION 2 - STAGE 1: Group A vs Group B
2025-12-20 15:54:23,302 - tasks.task_stage1 - INFO - run_stage1 - ITERATION 1 - STAGE 1: Group A vs Group B
2025-12-20 15:54:23,303 - tasks.task_stage1 - INFO - run_stage1 - ITERATION 3 - STAGE 1: Group A vs Group B
2025-12-20 15:54:23,304 - tasks.task_stage1 - INFO - run_stage1 - ITERATION 5 - STAGE 1: Group A vs Group B
2025-12-20 15:54:23,305 - tasks.task_stage1 - INFO - run_stage1 - ============================================================
2025-12-20 15:54:23,304 - tasks.task_stage1 - INFO - run_stage1 - ============================================================
2025-12-20 15:54:23,302 - tasks.task_stage1 - INFO - run_stage1 - ITERATION 4 - STAGE 1: Group A vs Group B
2025-12-20 15:54:23,306 - tasks.task_stage1 - INFO - run_stage1 - ============================================================
2025-12-20 15:54:23,307 - iris_classifier.data_loader - INFO - load_iris_data - Loading data from: /mnt/c/Users/yair0/AI_continue/Lesson23/Lesson23_SVM/iris.csv
2025-12-20 15:54:23,306 - tasks.task_stage1 - INFO - run_stage1 - ============================================================
2025-12-20 15:54:23,308 - iris_classifier.data_loader - INFO - load_iris_data - Loading data from: /mnt/c/Users/yair0/AI_continue/Lesson23/Lesson23_SVM/iris.csv
2025-12-20 15:54:23,308 - tasks.task_stage1 - INFO - run_stage1 - ============================================================
2025-12-20 15:54:23,309 - iris_classifier.data_loader - INFO - load_iris_data - Loading data from: /mnt/c/Users/yair0/AI_continue/Lesson23/Lesson23_SVM/iris.csv
2025-12-20 15:54:23,311 - iris_classifier.data_loader - INFO - load_iris_data - Loading data from: /mnt/c/Users/yair0/AI_continue/Lesson23/Lesson23_SVM/iris.csv
2025-12-20 15:54:23,313 - iris_classifier.data_loader - INFO - load_iris_data - Loading data from: /mnt/c/Users/yair0/AI_continue/Lesson23/Lesson23_SVM/iris.csv
2025-12-20 15:54:23,341 - iris_classifier.data_loader - INFO - load_iris_data - Data loaded successfully: 150 samples, 5 features
2025-12-20 15:54:23,342 - iris_classifier.data_loader - INFO - load_iris_data - Data loaded successfully: 150 samples, 5 features
2025-12-20 15:54:23,341 - iris_classifier.data_loader - INFO - load_iris_data - Data loaded successfully: 150 samples, 5 features
2025-12-20 15:54:23,341 - iris_classifier.data_loader - INFO - load_iris_data - Data loaded successfully: 150 samples, 5 features
2025-12-20 15:54:23,341 - iris_classifier.data_loader - INFO - load_iris_data - Data loaded successfully: 150 samples, 5 features
2025-12-20 15:54:23,350 - tasks.task_stage1 - INFO - run_stage1 - Class mapping: {'setosa': 0, 'versicolor': 1, 'virginica': 2}
2025-12-20 15:54:23,350 - tasks.task_stage1 - INFO - run_stage1 - Class mapping: {'setosa': 0, 'versicolor': 1, 'virginica': 2}
2025-12-20 15:54:23,350 - tasks.task_stage1 - INFO - run_stage1 - Class mapping: {'setosa': 0, 'versicolor': 1, 'virginica': 2}
2025-12-20 15:54:23,350 - tasks.task_stage1 - INFO - run_stage1 - Class mapping: {'setosa': 0, 'versicolor': 1, 'virginica': 2}
2025-12-20 15:54:23,350 - tasks.task_stage1 - INFO - run_stage1 - Class mapping: {'setosa': 0, 'versicolor': 1, 'virginica': 2}
2025-12-20 15:54:23,355 - iris_classifier.data_loader - INFO - split_data - Splitting data: 75% train, 25% test
2025-12-20 15:54:23,353 - iris_classifier.data_loader - INFO - split_data - Splitting data: 75% train, 25% test
2025-12-20 15:54:23,356 - iris_classifier.data_loader - INFO - split_data - Splitting data: 75% train, 25% test
2025-12-20 15:54:23,354 - iris_classifier.data_loader - INFO - split_data - Splitting data: 75% train, 25% test
2025-12-20 15:54:23,355 - iris_classifier.data_loader - INFO - split_data - Splitting data: 75% train, 25% test
2025-12-20 15:54:23,368 - iris_classifier.data_loader - INFO - split_data - Train set: 112 samples
2025-12-20 15:54:23,368 - iris_classifier.data_loader - INFO - split_data - Train set: 112 samples
2025-12-20 15:54:23,368 - iris_classifier.data_loader - INFO - split_data - Train set: 112 samples
2025-12-20 15:54:23,370 - iris_classifier.data_loader - INFO - split_data - Test set: 38 samples
2025-12-20 15:54:23,368 - iris_classifier.data_loader - INFO - split_data - Train set: 112 samples
2025-12-20 15:54:23,367 - iris_classifier.data_loader - INFO - split_data - Train set: 112 samples
2025-12-20 15:54:23,370 - iris_classifier.data_loader - INFO - split_data - Test set: 38 samples
2025-12-20 15:54:23,371 - iris_classifier.data_loader - INFO - split_data - Test set: 38 samples
2025-12-20 15:54:23,371 - iris_classifier.data_loader - INFO - split_data - Train class distribution: [38 37 37]
2025-12-20 15:54:23,371 - iris_classifier.data_loader - INFO - split_data - Test set: 38 samples
2025-12-20 15:54:23,372 - iris_classifier.data_loader - INFO - split_data - Test set: 38 samples
2025-12-20 15:54:23,374 - iris_classifier.data_loader - INFO - split_data - Test class distribution: [12 13 13]
2025-12-20 15:54:23,373 - iris_classifier.data_loader - INFO - split_data - Train class distribution: [38 37 37]
2025-12-20 15:54:23,373 - iris_classifier.data_loader - INFO - split_data - Train class distribution: [37 37 38]
2025-12-20 15:54:23,375 - iris_classifier.data_loader - INFO - split_data - Train class distribution: [38 37 37]
2025-12-20 15:54:23,375 - iris_classifier.preprocessor - INFO - group_classes_stage1 - Grouping classes for Stage 1: [0] vs [1, 2]
2025-12-20 15:54:23,374 - iris_classifier.data_loader - INFO - split_data - Train class distribution: [37 38 37]
2025-12-20 15:54:23,376 - iris_classifier.data_loader - INFO - split_data - Test class distribution: [12 13 13]
2025-12-20 15:54:23,376 - iris_classifier.data_loader - INFO - split_data - Test class distribution: [12 13 13]
2025-12-20 15:54:23,377 - iris_classifier.preprocessor - INFO - group_classes_stage1 - Stage 1 class distribution: [38 74]
2025-12-20 15:54:23,376 - iris_classifier.data_loader - INFO - split_data - Test class distribution: [13 13 12]
2025-12-20 15:54:23,377 - iris_classifier.data_loader - INFO - split_data - Test class distribution: [13 12 13]
2025-12-20 15:54:23,378 - iris_classifier.preprocessor - INFO - group_classes_stage1 - Grouping classes for Stage 1: [0] vs [1, 2]
2025-12-20 15:54:23,377 - iris_classifier.preprocessor - INFO - group_classes_stage1 - Grouping classes for Stage 1: [0] vs [1, 2]
2025-12-20 15:54:23,378 - iris_classifier.preprocessor - INFO - group_classes_stage1 - Grouping classes for Stage 1: [0] vs [1, 2]
2025-12-20 15:54:23,381 - iris_classifier.preprocessor - INFO - group_classes_stage1 - Grouping classes for Stage 1: [0] vs [1, 2]
2025-12-20 15:54:23,382 - iris_classifier.preprocessor - INFO - group_classes_stage1 - Stage 1 class distribution: [37 75]
2025-12-20 15:54:23,378 - iris_classifier.preprocessor - INFO - group_classes_stage1 - Grouping classes for Stage 1: [0] vs [1, 2]
2025-12-20 15:54:23,382 - iris_classifier.preprocessor - INFO - group_classes_stage1 - Stage 1 class distribution: [38 74]
2025-12-20 15:54:23,383 - iris_classifier.preprocessor - INFO - group_classes_stage1 - Stage 1 class distribution: [12 26]
2025-12-20 15:54:23,383 - iris_classifier.preprocessor - INFO - group_classes_stage1 - Grouping classes for Stage 1: [0] vs [1, 2]
2025-12-20 15:54:23,384 - iris_classifier.preprocessor - INFO - group_classes_stage1 - Stage 1 class distribution: [37 75]
2025-12-20 15:54:23,384 - iris_classifier.preprocessor - INFO - group_classes_stage1 - Grouping classes for Stage 1: [0] vs [1, 2]
2025-12-20 15:54:23,384 - iris_classifier.preprocessor - INFO - normalize_features - Normalizing features with StandardScaler
2025-12-20 15:54:23,385 - iris_classifier.preprocessor - INFO - group_classes_stage1 - Stage 1 class distribution: [38 74]
2025-12-20 15:54:23,387 - iris_classifier.preprocessor - INFO - group_classes_stage1 - Stage 1 class distribution: [12 26]
2025-12-20 15:54:23,385 - iris_classifier.preprocessor - INFO - group_classes_stage1 - Stage 1 class distribution: [13 25]
2025-12-20 15:54:23,386 - iris_classifier.preprocessor - INFO - group_classes_stage1 - Grouping classes for Stage 1: [0] vs [1, 2]
2025-12-20 15:54:23,387 - iris_classifier.preprocessor - INFO - group_classes_stage1 - Grouping classes for Stage 1: [0] vs [1, 2]
2025-12-20 15:54:23,390 - iris_classifier.preprocessor - INFO - normalize_features - Feature scaling complete - Mean: [5.87767857 3.06160714 3.76517857 1.19285714], Std: [0.84944413 0.43879818 1.7746081  0.76808136]
2025-12-20 15:54:23,389 - iris_classifier.preprocessor - INFO - normalize_features - Normalizing features with StandardScaler
2025-12-20 15:54:23,388 - iris_classifier.preprocessor - INFO - normalize_features - Normalizing features with StandardScaler
2025-12-20 15:54:23,390 - iris_classifier.preprocessor - INFO - group_classes_stage1 - Stage 1 class distribution: [13 25]
2025-12-20 15:54:23,391 - iris_classifier.svm_trainer - INFO - train_svm - Training SVM: kernel=rbf, C=10.0, gamma=auto
2025-12-20 15:54:23,391 - iris_classifier.preprocessor - INFO - group_classes_stage1 - Stage 1 class distribution: [12 26]
2025-12-20 15:54:23,392 - iris_classifier.preprocessor - INFO - normalize_features - Normalizing features with StandardScaler
2025-12-20 15:54:23,393 - iris_classifier.svm_trainer - INFO - train_svm - Training samples: 112, Features: 4
2025-12-20 15:54:23,393 - iris_classifier.preprocessor - INFO - normalize_features - Normalizing features with StandardScaler
2025-12-20 15:54:23,394 - iris_classifier.preprocessor - INFO - normalize_features - Feature scaling complete - Mean: [5.84375    3.08125    3.76428571 1.21964286], Std: [0.77468672 0.43966937 1.73934805 0.76611721]
2025-12-20 15:54:23,394 - iris_classifier.preprocessor - INFO - normalize_features - Feature scaling complete - Mean: [5.86160714 3.04821429 3.75446429 1.2       ], Std: [0.83657951 0.42215056 1.76720564 0.77309674]
2025-12-20 15:54:23,395 - iris_classifier.svm_trainer - INFO - train_svm - Training SVM: kernel=rbf, C=10.0, gamma=auto
2025-12-20 15:54:23,395 - iris_classifier.svm_trainer - INFO - train_svm - Training SVM: kernel=rbf, C=10.0, gamma=auto
2025-12-20 15:54:23,396 - iris_classifier.preprocessor - INFO - normalize_features - Feature scaling complete - Mean: [5.825      3.05892857 3.73571429 1.19553571], Std: [0.81267855 0.44169996 1.71635292 0.75691908]
2025-12-20 15:54:23,396 - iris_classifier.svm_trainer - INFO - train_svm - Training samples: 112, Features: 4
2025-12-20 15:54:23,397 - iris_classifier.svm_trainer - INFO - train_svm - Training samples: 112, Features: 4
2025-12-20 15:54:23,397 - iris_classifier.preprocessor - INFO - normalize_features - Feature scaling complete - Mean: [5.85803571 3.05982143 3.76696429 1.19732143], Std: [0.86660652 0.42813128 1.78857427 0.77407316]
2025-12-20 15:54:23,397 - iris_classifier.svm_trainer - INFO - train_svm - Training SVM: kernel=rbf, C=10.0, gamma=auto
2025-12-20 15:54:23,399 - iris_classifier.svm_trainer - INFO - train_svm - Training SVM: kernel=rbf, C=10.0, gamma=auto
2025-12-20 15:54:23,400 - iris_classifier.svm_trainer - INFO - train_svm - Training samples: 112, Features: 4
2025-12-20 15:54:23,400 - iris_classifier.svm_trainer - INFO - train_svm - SVM training completed in 0.006 seconds
2025-12-20 15:54:23,401 - iris_classifier.svm_trainer - INFO - train_svm - SVM training completed in 0.003 seconds
2025-12-20 15:54:23,401 - iris_classifier.svm_trainer - INFO - train_svm - SVM training completed in 0.003 seconds
2025-12-20 15:54:23,401 - iris_classifier.svm_trainer - INFO - train_svm - Training samples: 112, Features: 4
2025-12-20 15:54:23,403 - iris_classifier.svm_trainer - INFO - train_svm - Support vectors: [5 8]
2025-12-20 15:54:23,403 - iris_classifier.svm_trainer - INFO - train_svm - Support vectors: [5 8]
2025-12-20 15:54:23,405 - iris_classifier.svm_trainer - INFO - train_svm - SVM training completed in 0.003 seconds
2025-12-20 15:54:23,404 - iris_classifier.svm_trainer - INFO - train_svm - Support vectors: [3 7]
2025-12-20 15:54:23,406 - iris_classifier.svm_trainer - INFO - predict_svm - Making predictions on 38 test samples
2025-12-20 15:54:23,406 - iris_classifier.svm_trainer - INFO - predict_svm - Making predictions on 38 test samples
2025-12-20 15:54:23,407 - iris_classifier.svm_trainer - INFO - train_svm - Support vectors: [ 7 10]
2025-12-20 15:54:23,407 - iris_classifier.svm_trainer - INFO - predict_svm - Making predictions on 38 test samples
2025-12-20 15:54:23,408 - iris_classifier.svm_trainer - INFO - train_svm - SVM training completed in 0.003 seconds
2025-12-20 15:54:23,408 - iris_classifier.svm_trainer - INFO - predict_svm - Predictions complete: 38 samples
2025-12-20 15:54:23,408 - iris_classifier.svm_trainer - INFO - predict_svm - Making predictions on 38 test samples
2025-12-20 15:54:23,410 - iris_classifier.svm_trainer - INFO - predict_svm - Predictions complete: 38 samples
2025-12-20 15:54:23,408 - iris_classifier.svm_trainer - INFO - predict_svm - Predictions complete: 38 samples
2025-12-20 15:54:23,410 - iris_classifier.svm_trainer - INFO - train_svm - Support vectors: [6 8]
2025-12-20 15:54:23,410 - iris_classifier.evaluator - INFO - evaluate_predictions - Evaluating predictions for Stage 1
2025-12-20 15:54:23,411 - iris_classifier.svm_trainer - INFO - predict_svm - Predictions complete: 38 samples
2025-12-20 15:54:23,411 - iris_classifier.evaluator - INFO - evaluate_predictions - Evaluating predictions for Stage 1
2025-12-20 15:54:23,411 - iris_classifier.svm_trainer - INFO - predict_svm - Making predictions on 38 test samples
2025-12-20 15:54:23,411 - iris_classifier.evaluator - INFO - evaluate_predictions - Evaluating predictions for Stage 1
2025-12-20 15:54:23,413 - iris_classifier.evaluator - INFO - evaluate_predictions - Evaluating predictions for Stage 1
2025-12-20 15:54:23,414 - iris_classifier.svm_trainer - INFO - predict_svm - Predictions complete: 38 samples
2025-12-20 15:54:23,416 - iris_classifier.evaluator - INFO - evaluate_predictions - Evaluating predictions for Stage 1
2025-12-20 15:54:23,423 - iris_classifier.evaluator - INFO - evaluate_predictions - Stage 1 Accuracy: 1.0000
2025-12-20 15:54:23,423 - iris_classifier.evaluator - INFO - evaluate_predictions - Stage 1 Accuracy: 1.0000
2025-12-20 15:54:23,423 - iris_classifier.evaluator - INFO - evaluate_predictions - Stage 1 Accuracy: 1.0000
2025-12-20 15:54:23,423 - iris_classifier.evaluator - INFO - evaluate_predictions - Stage 1 Accuracy: 1.0000
2025-12-20 15:54:23,425 - iris_classifier.evaluator - INFO - evaluate_predictions - Stage 1 Precision: 1.0000
2025-12-20 15:54:23,426 - iris_classifier.evaluator - INFO - evaluate_predictions - Stage 1 Precision: 1.0000
2025-12-20 15:54:23,426 - iris_classifier.evaluator - INFO - evaluate_predictions - Stage 1 Precision: 1.0000
2025-12-20 15:54:23,426 - iris_classifier.evaluator - INFO - evaluate_predictions - Stage 1 Precision: 1.0000
2025-12-20 15:54:23,426 - iris_classifier.evaluator - INFO - evaluate_predictions - Stage 1 Recall: 1.0000
2025-12-20 15:54:23,427 - iris_classifier.evaluator - INFO - evaluate_predictions - Stage 1 Recall: 1.0000
2025-12-20 15:54:23,428 - iris_classifier.evaluator - INFO - evaluate_predictions - Stage 1 Recall: 1.0000
2025-12-20 15:54:23,427 - iris_classifier.evaluator - INFO - evaluate_predictions - Stage 1 Recall: 1.0000
2025-12-20 15:54:23,430 - iris_classifier.evaluator - INFO - evaluate_predictions - Stage 1 F1-Score: 1.0000
2025-12-20 15:54:23,428 - iris_classifier.evaluator - INFO - evaluate_predictions - Stage 1 F1-Score: 1.0000
2025-12-20 15:54:23,429 - iris_classifier.evaluator - INFO - evaluate_predictions - Stage 1 F1-Score: 1.0000
2025-12-20 15:54:23,431 - iris_classifier.evaluator - INFO - evaluate_predictions - Stage 1 Confusion Matrix:
[[12  0]
 [ 0 26]]
2025-12-20 15:54:23,428 - iris_classifier.evaluator - INFO - evaluate_predictions - Stage 1 Accuracy: 0.9737
2025-12-20 15:54:23,431 - iris_classifier.evaluator - INFO - evaluate_predictions - Stage 1 F1-Score: 1.0000
2025-12-20 15:54:23,432 - iris_classifier.evaluator - INFO - evaluate_predictions - Stage 1 Confusion Matrix:
[[13  0]
 [ 0 25]]
2025-12-20 15:54:23,434 - iris_classifier.evaluator - INFO - evaluate_predictions - Stage 1 Precision: 0.9815
2025-12-20 15:54:23,432 - iris_classifier.evaluator - INFO - evaluate_predictions - Stage 1 Confusion Matrix:
[[13  0]
 [ 0 25]]
2025-12-20 15:54:23,433 - tasks.task_stage1 - INFO - run_stage1 - Stage 1 completed successfully
2025-12-20 15:54:23,434 - tasks.task_stage1 - INFO - run_stage1 - Stage 1 completed successfully
2025-12-20 15:54:23,435 - iris_classifier.evaluator - INFO - evaluate_predictions - Stage 1 Recall: 0.9583
2025-12-20 15:54:23,434 - iris_classifier.evaluator - INFO - evaluate_predictions - Stage 1 Confusion Matrix:
[[12  0]
 [ 0 26]]
2025-12-20 15:54:23,435 - tasks.task_stage1 - INFO - run_stage1 - Stage 1 completed successfully
2025-12-20 15:54:23,436 - tasks.task_stage2 - INFO - run_stage2 - ============================================================
2025-12-20 15:54:23,436 - tasks.task_stage2 - INFO - run_stage2 - ============================================================
2025-12-20 15:54:23,437 - tasks.task_stage1 - INFO - run_stage1 - Stage 1 completed successfully
2025-12-20 15:54:23,437 - iris_classifier.evaluator - INFO - evaluate_predictions - Stage 1 F1-Score: 0.9688
2025-12-20 15:54:23,438 - tasks.task_stage2 - INFO - run_stage2 - ============================================================
2025-12-20 15:54:23,438 - tasks.task_stage2 - INFO - run_stage2 - ITERATION 1 - STAGE 2: Class 1 vs Class 2
2025-12-20 15:54:23,439 - tasks.task_stage2 - INFO - run_stage2 - ITERATION 2 - STAGE 2: Class 1 vs Class 2
2025-12-20 15:54:23,439 - tasks.task_stage2 - INFO - run_stage2 - ============================================================
2025-12-20 15:54:23,440 - tasks.task_stage2 - INFO - run_stage2 - ITERATION 3 - STAGE 2: Class 1 vs Class 2
2025-12-20 15:54:23,440 - iris_classifier.evaluator - INFO - evaluate_predictions - Stage 1 Confusion Matrix:
[[11  1]
 [ 0 26]]
2025-12-20 15:54:23,441 - tasks.task_stage2 - INFO - run_stage2 - ============================================================
2025-12-20 15:54:23,440 - tasks.task_stage2 - INFO - run_stage2 - ============================================================
2025-12-20 15:54:23,441 - tasks.task_stage1 - INFO - run_stage1 - Stage 1 completed successfully
2025-12-20 15:54:23,441 - tasks.task_stage2 - INFO - run_stage2 - ITERATION 5 - STAGE 2: Class 1 vs Class 2
2025-12-20 15:54:23,442 - iris_classifier.preprocessor - INFO - filter_group_b - Filtered 25 Group B samples for Stage 2
2025-12-20 15:54:23,441 - tasks.task_stage2 - INFO - run_stage2 - ============================================================
2025-12-20 15:54:23,443 - tasks.task_stage2 - INFO - run_stage2 - ============================================================
2025-12-20 15:54:23,443 - tasks.task_stage2 - INFO - run_stage2 - ============================================================
2025-12-20 15:54:23,442 - iris_classifier.preprocessor - INFO - filter_group_b - Filtered 26 Group B samples for Stage 2
2025-12-20 15:54:23,443 - iris_classifier.preprocessor - INFO - filter_group_b - Stage 2 class distribution: [ 0 12 13]
2025-12-20 15:54:23,444 - tasks.task_stage2 - INFO - run_stage2 - ITERATION 4 - STAGE 2: Class 1 vs Class 2
2025-12-20 15:54:23,443 - iris_classifier.preprocessor - INFO - filter_group_b - Filtered 25 Group B samples for Stage 2
2025-12-20 15:54:23,444 - iris_classifier.preprocessor - INFO - filter_group_b - Filtered 26 Group B samples for Stage 2
2025-12-20 15:54:23,444 - iris_classifier.preprocessor - INFO - filter_group_b - Stage 2 class distribution: [ 0 13 13]
2025-12-20 15:54:23,445 - tasks.task_stage2 - INFO - run_stage2 - ============================================================
2025-12-20 15:54:23,444 - iris_classifier.data_loader - INFO - load_iris_data - Loading data from: /mnt/c/Users/yair0/AI_continue/Lesson23/Lesson23_SVM/iris.csv
2025-12-20 15:54:23,445 - iris_classifier.preprocessor - INFO - filter_group_b - Stage 2 class distribution: [ 0 13 12]
2025-12-20 15:54:23,445 - iris_classifier.preprocessor - INFO - filter_group_b - Stage 2 class distribution: [ 0 13 13]
2025-12-20 15:54:23,445 - iris_classifier.data_loader - INFO - load_iris_data - Loading data from: /mnt/c/Users/yair0/AI_continue/Lesson23/Lesson23_SVM/iris.csv
2025-12-20 15:54:23,446 - iris_classifier.preprocessor - INFO - filter_group_b - Filtered 27 Group B samples for Stage 2
2025-12-20 15:54:23,447 - iris_classifier.data_loader - INFO - load_iris_data - Loading data from: /mnt/c/Users/yair0/AI_continue/Lesson23/Lesson23_SVM/iris.csv
2025-12-20 15:54:23,446 - iris_classifier.data_loader - INFO - load_iris_data - Loading data from: /mnt/c/Users/yair0/AI_continue/Lesson23/Lesson23_SVM/iris.csv
2025-12-20 15:54:23,447 - iris_classifier.preprocessor - INFO - filter_group_b - Stage 2 class distribution: [ 1 13 13]
2025-12-20 15:54:23,449 - iris_classifier.data_loader - INFO - load_iris_data - Loading data from: /mnt/c/Users/yair0/AI_continue/Lesson23/Lesson23_SVM/iris.csv
2025-12-20 15:54:23,454 - iris_classifier.data_loader - INFO - load_iris_data - Data loaded successfully: 150 samples, 5 features
2025-12-20 15:54:23,455 - iris_classifier.data_loader - INFO - load_iris_data - Data loaded successfully: 150 samples, 5 features
2025-12-20 15:54:23,454 - iris_classifier.data_loader - INFO - load_iris_data - Data loaded successfully: 150 samples, 5 features
2025-12-20 15:54:23,456 - iris_classifier.data_loader - INFO - load_iris_data - Data loaded successfully: 150 samples, 5 features
2025-12-20 15:54:23,456 - iris_classifier.data_loader - INFO - split_data - Splitting data: 75% train, 25% test
2025-12-20 15:54:23,457 - iris_classifier.data_loader - INFO - split_data - Splitting data: 75% train, 25% test
2025-12-20 15:54:23,457 - iris_classifier.data_loader - INFO - split_data - Splitting data: 75% train, 25% test
2025-12-20 15:54:23,457 - iris_classifier.data_loader - INFO - load_iris_data - Data loaded successfully: 150 samples, 5 features
2025-12-20 15:54:23,458 - iris_classifier.data_loader - INFO - split_data - Splitting data: 75% train, 25% test
2025-12-20 15:54:23,461 - iris_classifier.data_loader - INFO - split_data - Train set: 112 samples
2025-12-20 15:54:23,461 - iris_classifier.data_loader - INFO - split_data - Train set: 112 samples
2025-12-20 15:54:23,462 - iris_classifier.data_loader - INFO - split_data - Train set: 112 samples
2025-12-20 15:54:23,463 - iris_classifier.data_loader - INFO - split_data - Test set: 38 samples
2025-12-20 15:54:23,462 - iris_classifier.data_loader - INFO - split_data - Splitting data: 75% train, 25% test
2025-12-20 15:54:23,463 - iris_classifier.data_loader - INFO - split_data - Train set: 112 samples
2025-12-20 15:54:23,464 - iris_classifier.data_loader - INFO - split_data - Test set: 38 samples
2025-12-20 15:54:23,464 - iris_classifier.data_loader - INFO - split_data - Test set: 38 samples
2025-12-20 15:54:23,465 - iris_classifier.data_loader - INFO - split_data - Train class distribution: [38 37 37]
2025-12-20 15:54:23,466 - iris_classifier.data_loader - INFO - split_data - Test set: 38 samples
2025-12-20 15:54:23,467 - iris_classifier.data_loader - INFO - split_data - Train set: 112 samples
2025-12-20 15:54:23,467 - iris_classifier.data_loader - INFO - split_data - Train class distribution: [37 38 37]
2025-12-20 15:54:23,468 - iris_classifier.data_loader - INFO - split_data - Train class distribution: [37 37 38]
2025-12-20 15:54:23,469 - iris_classifier.data_loader - INFO - split_data - Test class distribution: [12 13 13]
2025-12-20 15:54:23,470 - iris_classifier.data_loader - INFO - split_data - Test set: 38 samples
2025-12-20 15:54:23,470 - iris_classifier.data_loader - INFO - split_data - Test class distribution: [13 12 13]
2025-12-20 15:54:23,469 - iris_classifier.data_loader - INFO - split_data - Train class distribution: [38 37 37]
2025-12-20 15:54:23,471 - iris_classifier.preprocessor - INFO - normalize_features - Normalizing features with StandardScaler
2025-12-20 15:54:23,471 - iris_classifier.data_loader - INFO - split_data - Test class distribution: [13 13 12]
2025-12-20 15:54:23,472 - iris_classifier.data_loader - INFO - split_data - Train class distribution: [38 37 37]
2025-12-20 15:54:23,472 - iris_classifier.preprocessor - INFO - normalize_features - Normalizing features with StandardScaler
2025-12-20 15:54:23,472 - iris_classifier.data_loader - INFO - split_data - Test class distribution: [12 13 13]
2025-12-20 15:54:23,473 - iris_classifier.preprocessor - INFO - normalize_features - Normalizing features with StandardScaler
2025-12-20 15:54:23,473 - iris_classifier.data_loader - INFO - split_data - Test class distribution: [12 13 13]
2025-12-20 15:54:23,473 - iris_classifier.preprocessor - INFO - normalize_features - Feature scaling complete - Mean: [6.3027027  2.87567568 4.92567568 1.69189189], Std: [0.65243266 0.32458323 0.81804989 0.43019692]
2025-12-20 15:54:23,473 - iris_classifier.preprocessor - INFO - normalize_features - Normalizing features with StandardScaler
2025-12-20 15:54:23,474 - iris_classifier.preprocessor - INFO - normalize_features - Normalizing features with StandardScaler
2025-12-20 15:54:23,474 - iris_classifier.svm_trainer - INFO - train_svm - Training SVM: kernel=rbf, C=10.0, gamma=auto
2025-12-20 15:54:23,474 - iris_classifier.preprocessor - INFO - normalize_features - Feature scaling complete - Mean: [6.23066667 2.87066667 4.85466667 1.668     ], Std: [0.64228204 0.31865272 0.76998586 0.41734398]
2025-12-20 15:54:23,475 - iris_classifier.preprocessor - INFO - normalize_features - Feature scaling complete - Mean: [6.24133333 2.90666667 4.904      1.7       ], Std: [0.59331685 0.34344658 0.75761732 0.4150502 ]
2025-12-20 15:54:23,475 - iris_classifier.svm_trainer - INFO - train_svm - Training samples: 74, Features: 4
2025-12-20 15:54:23,475 - iris_classifier.preprocessor - INFO - normalize_features - Feature scaling complete - Mean: [6.33108108 2.86891892 4.93648649 1.67972973], Std: [0.66290223 0.33888756 0.84334827 0.43339631]
2025-12-20 15:54:23,476 - iris_classifier.svm_trainer - INFO - train_svm - Training SVM: kernel=rbf, C=10.0, gamma=auto
2025-12-20 15:54:23,476 - iris_classifier.svm_trainer - INFO - train_svm - Training SVM: kernel=rbf, C=10.0, gamma=auto
2025-12-20 15:54:23,476 - iris_classifier.svm_trainer - INFO - train_svm - Training SVM: kernel=rbf, C=10.0, gamma=auto
2025-12-20 15:54:23,477 - iris_classifier.preprocessor - INFO - normalize_features - Feature scaling complete - Mean: [6.30675676 2.87432432 4.94189189 1.69054054], Std: [0.69871138 0.36244694 0.86976337 0.43001223]
2025-12-20 15:54:23,477 - iris_classifier.svm_trainer - INFO - train_svm - Training samples: 75, Features: 4
2025-12-20 15:54:23,477 - iris_classifier.svm_trainer - INFO - train_svm - Training samples: 75, Features: 4
2025-12-20 15:54:23,477 - iris_classifier.svm_trainer - INFO - train_svm - Training samples: 74, Features: 4
2025-12-20 15:54:23,478 - iris_classifier.svm_trainer - INFO - train_svm - SVM training completed in 0.002 seconds
2025-12-20 15:54:23,478 - iris_classifier.svm_trainer - INFO - train_svm - Training SVM: kernel=rbf, C=10.0, gamma=auto
2025-12-20 15:54:23,479 - iris_classifier.svm_trainer - INFO - train_svm - Support vectors: [ 7 12]
2025-12-20 15:54:23,479 - iris_classifier.svm_trainer - INFO - train_svm - Training samples: 74, Features: 4
2025-12-20 15:54:23,479 - iris_classifier.svm_trainer - INFO - train_svm - SVM training completed in 0.001 seconds
2025-12-20 15:54:23,479 - iris_classifier.svm_trainer - INFO - train_svm - SVM training completed in 0.001 seconds
2025-12-20 15:54:23,480 - iris_classifier.svm_trainer - INFO - train_svm - SVM training completed in 0.001 seconds
2025-12-20 15:54:23,480 - iris_classifier.svm_trainer - INFO - predict_svm - Making predictions on 26 test samples
2025-12-20 15:54:23,481 - iris_classifier.svm_trainer - INFO - train_svm - Support vectors: [ 7 10]
2025-12-20 15:54:23,481 - iris_classifier.svm_trainer - INFO - train_svm - Support vectors: [ 8 12]
2025-12-20 15:54:23,481 - iris_classifier.svm_trainer - INFO - train_svm - Support vectors: [ 6 10]
2025-12-20 15:54:23,482 - iris_classifier.svm_trainer - INFO - train_svm - SVM training completed in 0.002 seconds
2025-12-20 15:54:23,482 - iris_classifier.svm_trainer - INFO - predict_svm - Making predictions on 25 test samples
2025-12-20 15:54:23,482 - iris_classifier.svm_trainer - INFO - predict_svm - Making predictions on 25 test samples
2025-12-20 15:54:23,482 - iris_classifier.svm_trainer - INFO - predict_svm - Predictions complete: 26 samples
2025-12-20 15:54:23,483 - iris_classifier.svm_trainer - INFO - train_svm - Support vectors: [ 7 10]
2025-12-20 15:54:23,483 - iris_classifier.svm_trainer - INFO - predict_svm - Making predictions on 26 test samples
2025-12-20 15:54:23,483 - iris_classifier.svm_trainer - INFO - predict_svm - Predictions complete: 25 samples
2025-12-20 15:54:23,484 - iris_classifier.svm_trainer - INFO - predict_svm - Making predictions on 27 test samples
2025-12-20 15:54:23,484 - iris_classifier.evaluator - INFO - evaluate_predictions - Evaluating predictions for Stage 2
2025-12-20 15:54:23,484 - iris_classifier.svm_trainer - INFO - predict_svm - Predictions complete: 25 samples
2025-12-20 15:54:23,485 - iris_classifier.evaluator - INFO - evaluate_predictions - Evaluating predictions for Stage 2
2025-12-20 15:54:23,485 - iris_classifier.svm_trainer - INFO - predict_svm - Predictions complete: 26 samples
2025-12-20 15:54:23,485 - iris_classifier.evaluator - INFO - evaluate_predictions - Evaluating predictions for Stage 2
2025-12-20 15:54:23,485 - iris_classifier.svm_trainer - INFO - predict_svm - Predictions complete: 27 samples
2025-12-20 15:54:23,486 - iris_classifier.evaluator - INFO - evaluate_predictions - Evaluating predictions for Stage 2
2025-12-20 15:54:23,486 - iris_classifier.evaluator - INFO - evaluate_predictions - Evaluating predictions for Stage 2
2025-12-20 15:54:23,491 - iris_classifier.evaluator - INFO - evaluate_predictions - Stage 2 Accuracy: 0.5600
2025-12-20 15:54:23,492 - iris_classifier.evaluator - INFO - evaluate_predictions - Stage 2 Accuracy: 0.5000
2025-12-20 15:54:23,493 - iris_classifier.evaluator - INFO - evaluate_predictions - Stage 2 Accuracy: 0.5600
2025-12-20 15:54:23,493 - iris_classifier.evaluator - INFO - evaluate_predictions - Stage 2 Precision: 0.2500
2025-12-20 15:54:23,493 - iris_classifier.evaluator - INFO - evaluate_predictions - Stage 2 Precision: 0.7708
2025-12-20 15:54:23,494 - iris_classifier.evaluator - INFO - evaluate_predictions - Stage 2 Precision: 0.7609
2025-12-20 15:54:23,494 - iris_classifier.evaluator - INFO - evaluate_predictions - Stage 2 Recall: 0.5000
2025-12-20 15:54:23,494 - iris_classifier.evaluator - INFO - evaluate_predictions - Stage 2 Accuracy: 0.5000
2025-12-20 15:54:23,494 - iris_classifier.evaluator - INFO - evaluate_predictions - Stage 2 Accuracy: 0.5185
2025-12-20 15:54:23,496 - iris_classifier.evaluator - INFO - evaluate_predictions - Stage 2 F1-Score: 0.3333
2025-12-20 15:54:23,495 - iris_classifier.evaluator - INFO - evaluate_predictions - Stage 2 Recall: 0.5417
2025-12-20 15:54:23,495 - iris_classifier.evaluator - INFO - evaluate_predictions - Stage 2 Recall: 0.5769
2025-12-20 15:54:23,496 - iris_classifier.evaluator - INFO - evaluate_predictions - Stage 2 Precision: 0.2500
2025-12-20 15:54:23,497 - iris_classifier.evaluator - INFO - evaluate_predictions - Stage 2 Precision: 0.3400
2025-12-20 15:54:23,498 - iris_classifier.evaluator - INFO - evaluate_predictions - Stage 2 F1-Score: 0.4762
2025-12-20 15:54:23,497 - iris_classifier.evaluator - INFO - evaluate_predictions - Stage 2 F1-Score: 0.4283
2025-12-20 15:54:23,497 - iris_classifier.evaluator - INFO - evaluate_predictions - Stage 2 Confusion Matrix:
[[ 0 13]
 [ 0 13]]
2025-12-20 15:54:23,499 - iris_classifier.evaluator - INFO - evaluate_predictions - Stage 2 Recall: 0.3590
2025-12-20 15:54:23,498 - iris_classifier.evaluator - INFO - evaluate_predictions - Stage 2 Recall: 0.5000
2025-12-20 15:54:23,500 - iris_classifier.evaluator - INFO - evaluate_predictions - Stage 2 Confusion Matrix:
[[ 1 11]
 [ 0 13]]
2025-12-20 15:54:23,500 - tasks.task_stage2 - INFO - run_stage2 - Stage 2 completed successfully
2025-12-20 15:54:23,499 - iris_classifier.evaluator - INFO - evaluate_predictions - Stage 2 Confusion Matrix:
[[ 2 11]
 [ 0 12]]
2025-12-20 15:54:23,501 - iris_classifier.evaluator - INFO - evaluate_predictions - Stage 2 F1-Score: 0.3333
2025-12-20 15:54:23,501 - iris_classifier.evaluator - INFO - evaluate_predictions - Stage 2 F1-Score: 0.2725
2025-12-20 15:54:23,502 - iris_classifier.evaluator - INFO - combine_stage_predictions - Combining Stage 1 and Stage 2 predictions
2025-12-20 15:54:23,502 - tasks.task_stage2 - INFO - run_stage2 - Stage 2 completed successfully
2025-12-20 15:54:23,503 - tasks.task_stage2 - INFO - run_stage2 - Stage 2 completed successfully
2025-12-20 15:54:23,504 - iris_classifier.evaluator - INFO - combine_stage_predictions - Final prediction distribution: [12  0 26]
2025-12-20 15:54:23,503 - iris_classifier.evaluator - INFO - evaluate_predictions - Stage 2 Confusion Matrix:
[[ 0 13]
 [ 0 13]]
2025-12-20 15:54:23,503 - iris_classifier.evaluator - INFO - evaluate_predictions - Stage 2 Confusion Matrix:
[[ 0  1  0]
 [ 0  1 12]
 [ 0  0 13]]
2025-12-20 15:54:23,504 - iris_classifier.evaluator - INFO - combine_stage_predictions - Combining Stage 1 and Stage 2 predictions
2025-12-20 15:54:23,504 - iris_classifier.evaluator - INFO - combine_stage_predictions - Combining Stage 1 and Stage 2 predictions
2025-12-20 15:54:23,505 - tasks.task_stage2 - INFO - run_stage2 - Stage 2 completed successfully
2025-12-20 15:54:23,505 - tasks.task_stage2 - INFO - run_stage2 - Stage 2 completed successfully
2025-12-20 15:54:23,505 - iris_classifier.evaluator - INFO - evaluate_predictions - Evaluating predictions for Overall
2025-12-20 15:54:23,506 - iris_classifier.evaluator - INFO - combine_stage_predictions - Final prediction distribution: [13  2 23]
2025-12-20 15:54:23,506 - iris_classifier.evaluator - INFO - combine_stage_predictions - Final prediction distribution: [13  1 24]
2025-12-20 15:54:23,508 - iris_classifier.evaluator - INFO - combine_stage_predictions - Combining Stage 1 and Stage 2 predictions
2025-12-20 15:54:23,507 - iris_classifier.evaluator - INFO - combine_stage_predictions - Combining Stage 1 and Stage 2 predictions
2025-12-20 15:54:23,508 - iris_classifier.evaluator - INFO - evaluate_predictions - Evaluating predictions for Overall
2025-12-20 15:54:23,508 - iris_classifier.evaluator - INFO - evaluate_predictions - Evaluating predictions for Overall
2025-12-20 15:54:23,509 - iris_classifier.evaluator - INFO - combine_stage_predictions - Final prediction distribution: [12  0 26]
2025-12-20 15:54:23,509 - iris_classifier.evaluator - INFO - combine_stage_predictions - Final prediction distribution: [11  2 25]
2025-12-20 15:54:23,510 - iris_classifier.evaluator - INFO - evaluate_predictions - Evaluating predictions for Overall
2025-12-20 15:54:23,510 - iris_classifier.evaluator - INFO - evaluate_predictions - Evaluating predictions for Overall
2025-12-20 15:54:23,514 - iris_classifier.evaluator - INFO - evaluate_predictions - Overall Accuracy: 0.6579
2025-12-20 15:54:23,515 - iris_classifier.evaluator - INFO - evaluate_predictions - Overall Precision: 0.5000
2025-12-20 15:54:23,516 - iris_classifier.evaluator - INFO - evaluate_predictions - Overall Accuracy: 0.6579
2025-12-20 15:54:23,516 - iris_classifier.evaluator - INFO - evaluate_predictions - Overall Accuracy: 0.7105
2025-12-20 15:54:23,516 - iris_classifier.evaluator - INFO - evaluate_predictions - Overall Recall: 0.6667
2025-12-20 15:54:23,517 - iris_classifier.evaluator - INFO - evaluate_predictions - Overall Accuracy: 0.7105
2025-12-20 15:54:23,518 - iris_classifier.evaluator - INFO - evaluate_predictions - Overall Precision: 0.6733
2025-12-20 15:54:23,518 - iris_classifier.evaluator - INFO - evaluate_predictions - Overall Precision: 0.8406
2025-12-20 15:54:23,518 - iris_classifier.evaluator - INFO - evaluate_predictions - Overall Accuracy: 0.6579
2025-12-20 15:54:23,519 - iris_classifier.evaluator - INFO - evaluate_predictions - Overall F1-Score: 0.5556
2025-12-20 15:54:23,520 - iris_classifier.evaluator - INFO - evaluate_predictions - Overall Recall: 0.6645
2025-12-20 15:54:23,520 - iris_classifier.evaluator - INFO - evaluate_predictions - Overall Precision: 0.8472
2025-12-20 15:54:23,523 - iris_classifier.evaluator - INFO - evaluate_predictions - Overall Precision: 0.5000
2025-12-20 15:54:23,524 - iris_classifier.evaluator - INFO - evaluate_predictions - Overall Confusion Matrix:
[[12  0  0]
 [ 0  0 13]
 [ 0  0 13]]
2025-12-20 15:54:23,522 - iris_classifier.evaluator - INFO - evaluate_predictions - Overall Recall: 0.7179
2025-12-20 15:54:23,524 - iris_classifier.evaluator - INFO - evaluate_predictions - Overall F1-Score: 0.5914
2025-12-20 15:54:23,525 - iris_classifier.evaluator - INFO - evaluate_predictions - Overall Recall: 0.6944
2025-12-20 15:54:23,525 - iris_classifier.evaluator - INFO - evaluate_predictions - Overall Recall: 0.6667
2025-12-20 15:54:23,525 - iris_classifier.iteration_runner - INFO - run_single_iteration - Iteration 5 completed successfully
2025-12-20 15:54:23,526 - iris_classifier.evaluator - INFO - evaluate_predictions - Overall F1-Score: 0.6508
2025-12-20 15:54:23,527 - iris_classifier.evaluator - INFO - evaluate_predictions - Overall F1-Score: 0.6188
2025-12-20 15:54:23,527 - iris_classifier.evaluator - INFO - evaluate_predictions - Overall Confusion Matrix:
[[11  1  0]
 [ 0  1 12]
 [ 0  0 13]]
2025-12-20 15:54:23,527 - iris_classifier.evaluator - INFO - evaluate_predictions - Overall F1-Score: 0.5556
2025-12-20 15:54:23,527 - iris_classifier.iteration_runner - INFO - run_single_iteration - Overall Accuracy: 0.6579
2025-12-20 15:54:23,528 - iris_classifier.evaluator - INFO - evaluate_predictions - Overall Confusion Matrix:
[[13  0  0]
 [ 0  2 11]
 [ 0  0 12]]
2025-12-20 15:54:23,529 - iris_classifier.evaluator - INFO - evaluate_predictions - Overall Confusion Matrix:
[[12  0  0]
 [ 0  0 13]
 [ 0  0 13]]
2025-12-20 15:54:23,528 - iris_classifier.iteration_runner - INFO - run_single_iteration - Iteration 4 completed successfully
2025-12-20 15:54:23,528 - iris_classifier.evaluator - INFO - evaluate_predictions - Overall Confusion Matrix:
[[13  0  0]
 [ 0  1 11]
 [ 0  0 13]]
2025-12-20 15:54:23,530 - iris_classifier.iteration_runner - INFO - run_single_iteration - Iteration 3 completed successfully
2025-12-20 15:54:23,530 - iris_classifier.iteration_runner - INFO - run_single_iteration - Overall Accuracy: 0.6579
2025-12-20 15:54:23,530 - iris_classifier.iteration_runner - INFO - run_single_iteration - Iteration 1 completed successfully
2025-12-20 15:54:23,531 - iris_classifier.iteration_runner - INFO - run_single_iteration - Iteration 2 completed successfully
2025-12-20 15:54:23,531 - iris_classifier.iteration_runner - INFO - run_single_iteration - Overall Accuracy: 0.7105
2025-12-20 15:54:23,532 - iris_classifier.iteration_runner - INFO - run_single_iteration - Overall Accuracy: 0.6579
2025-12-20 15:54:23,532 - iris_classifier.iteration_runner - INFO - run_single_iteration - Overall Accuracy: 0.7105
2025-12-20 15:54:23,539 - iris_classifier.iteration_runner - INFO - run_with_multiprocessing - All iterations completed via multiprocessing
2025-12-20 15:54:23,541 - tasks.task_analysis - INFO - analyze_results - ============================================================
2025-12-20 15:54:23,543 - tasks.task_analysis - INFO - analyze_results - ANALYZING RESULTS FROM ALL ITERATIONS
2025-12-20 15:54:23,544 - tasks.task_analysis - INFO - analyze_results - ============================================================
2025-12-20 15:54:23,545 - iris_classifier.statistics - INFO - aggregate_results - Aggregating results from 5 iterations
2025-12-20 15:54:23,548 - iris_classifier.statistics - INFO - aggregate_results - ============================================================
2025-12-20 15:54:23,549 - iris_classifier.statistics - INFO - aggregate_results - AGGREGATED RESULTS SUMMARY
2025-12-20 15:54:23,550 - iris_classifier.statistics - INFO - aggregate_results - ============================================================
2025-12-20 15:54:23,551 - iris_classifier.statistics - INFO - aggregate_results - 
STAGE1:
2025-12-20 15:54:23,552 - iris_classifier.statistics - INFO - aggregate_results -   Accuracy: 0.9947 ± 0.0105
2025-12-20 15:54:23,553 - iris_classifier.statistics - INFO - aggregate_results -   Range: [0.9737, 1.0000]
2025-12-20 15:54:23,554 - iris_classifier.statistics - INFO - aggregate_results - 
STAGE2:
2025-12-20 15:54:23,555 - iris_classifier.statistics - INFO - aggregate_results -   Accuracy: 0.5277 ± 0.0272
2025-12-20 15:54:23,557 - iris_classifier.statistics - INFO - aggregate_results -   Range: [0.5000, 0.5600]
2025-12-20 15:54:23,558 - iris_classifier.statistics - INFO - aggregate_results - 
OVERALL:
2025-12-20 15:54:23,559 - iris_classifier.statistics - INFO - aggregate_results -   Accuracy: 0.6789 ± 0.0258
2025-12-20 15:54:23,559 - iris_classifier.statistics - INFO - aggregate_results -   Range: [0.6579, 0.7105]
2025-12-20 15:54:23,560 - iris_classifier.statistics - INFO - aggregate_results - ============================================================
2025-12-20 15:54:23,561 - iris_classifier.visualizer - INFO - generate_all_plots - Generating all visualization plots
2025-12-20 15:54:23,562 - iris_classifier.visualizer - INFO - plot_accuracy_distribution - Creating accuracy distribution plot
2025-12-20 15:54:25,316 - iris_classifier.visualizer - INFO - plot_accuracy_distribution - Accuracy distribution plot saved to: /mnt/c/Users/yair0/AI_continue/Lesson23/Lesson23_SVM/results/accuracy_distribution.png
2025-12-20 15:54:25,319 - iris_classifier.visualizer - INFO - plot_confusion_matrix - Creating confusion matrix plot
2025-12-20 15:54:26,361 - iris_classifier.visualizer - INFO - plot_confusion_matrix - Confusion matrix plot saved to: /mnt/c/Users/yair0/AI_continue/Lesson23/Lesson23_SVM/results/confusion_matrix.png
2025-12-20 15:54:26,369 - iris_classifier.visualizer - INFO - plot_metrics_comparison - Creating metrics comparison plot
2025-12-20 15:54:27,207 - iris_classifier.visualizer - INFO - plot_metrics_comparison - Metrics comparison plot saved to: /mnt/c/Users/yair0/AI_continue/Lesson23/Lesson23_SVM/results/metrics_comparison.png
2025-12-20 15:54:27,221 - iris_classifier.visualizer - INFO - generate_all_plots - All plots generated successfully
2025-12-20 15:54:27,223 - tasks.task_analysis - INFO - save_summary - Saving results summary
2025-12-20 15:54:27,237 - tasks.task_analysis - INFO - save_summary - Results summary saved to: /mnt/c/Users/yair0/AI_continue/Lesson23/Lesson23_SVM/results/results_summary.json
2025-12-20 15:54:27,239 - tasks.task_analysis - INFO - analyze_results - Results analysis completed successfully
2025-12-20 15:54:27,243 - __main__ - INFO - main - Total runtime: 4.03 seconds
2025-12-20 15:54:27,251 - iris_classifier.output_formatter - INFO - print_summary - Summary printed to console
2025-12-20 15:54:27,264 - __main__ - INFO - main - Program completed successfully
