2025-12-20 14:56:22,403 - __main__ - INFO - log_config_info - ============================================================
2025-12-20 14:56:22,405 - __main__ - INFO - log_config_info - Iris SVM Classification System Started
2025-12-20 14:56:22,406 - __main__ - INFO - log_config_info - ============================================================
2025-12-20 14:56:22,408 - __main__ - INFO - log_config_info - Configuration: {'train_split': 0.75, 'test_split': 0.25, 'random_state': 42, 'num_iterations': 5, 'svm_kernel': 'rbf', 'svm_c': 1.0, 'svm_gamma': 'scale'}
2025-12-20 14:56:22,409 - __main__ - INFO - log_config_info - Log directory: /mnt/c/Users/yair0/AI_continue/Lesson23/Lesson23_SVM/log
2025-12-20 14:56:22,414 - __main__ - INFO - log_config_info - Log rotation: 20 files × 16MB
2025-12-20 14:56:22,415 - __main__ - INFO - log_config_info - ============================================================
2025-12-20 14:56:22,416 - __main__ - INFO - main - Starting Iris SVM Classification System
2025-12-20 14:56:22,418 - iris_classifier.iteration_runner - INFO - run_with_multiprocessing - Using multiprocessing with 5 workers
2025-12-20 14:56:22,444 - iris_classifier.iteration_runner - INFO - run_single_iteration - 
============================================================
2025-12-20 14:56:22,445 - iris_classifier.iteration_runner - INFO - run_single_iteration - 
============================================================
2025-12-20 14:56:22,445 - iris_classifier.iteration_runner - INFO - run_single_iteration - 
============================================================
2025-12-20 14:56:22,445 - iris_classifier.iteration_runner - INFO - run_single_iteration - Starting Iteration 1/5
2025-12-20 14:56:22,444 - iris_classifier.iteration_runner - INFO - run_single_iteration - 
============================================================
2025-12-20 14:56:22,444 - iris_classifier.iteration_runner - INFO - run_single_iteration - 
============================================================
2025-12-20 14:56:22,445 - iris_classifier.iteration_runner - INFO - run_single_iteration - Starting Iteration 5/5
2025-12-20 14:56:22,446 - iris_classifier.iteration_runner - INFO - run_single_iteration - Starting Iteration 4/5
2025-12-20 14:56:22,447 - iris_classifier.iteration_runner - INFO - run_single_iteration - Starting Iteration 2/5
2025-12-20 14:56:22,446 - iris_classifier.iteration_runner - INFO - run_single_iteration - Starting Iteration 3/5
2025-12-20 14:56:22,446 - iris_classifier.iteration_runner - INFO - run_single_iteration - ============================================================
2025-12-20 14:56:22,449 - iris_classifier.iteration_runner - INFO - run_single_iteration - ============================================================
2025-12-20 14:56:22,447 - iris_classifier.iteration_runner - INFO - run_single_iteration - ============================================================
2025-12-20 14:56:22,448 - iris_classifier.iteration_runner - INFO - run_single_iteration - ============================================================
2025-12-20 14:56:22,449 - iris_classifier.iteration_runner - INFO - run_single_iteration - ============================================================
2025-12-20 14:56:22,450 - tasks.task_stage1 - INFO - run_stage1 - ============================================================
2025-12-20 14:56:22,450 - tasks.task_stage1 - INFO - run_stage1 - ============================================================
2025-12-20 14:56:22,450 - tasks.task_stage1 - INFO - run_stage1 - ============================================================
2025-12-20 14:56:22,451 - tasks.task_stage1 - INFO - run_stage1 - ============================================================
2025-12-20 14:56:22,450 - tasks.task_stage1 - INFO - run_stage1 - ============================================================
2025-12-20 14:56:22,451 - tasks.task_stage1 - INFO - run_stage1 - ITERATION 1 - STAGE 1: Group A vs Group B
2025-12-20 14:56:22,452 - tasks.task_stage1 - INFO - run_stage1 - ITERATION 2 - STAGE 1: Group A vs Group B
2025-12-20 14:56:22,453 - tasks.task_stage1 - INFO - run_stage1 - ITERATION 5 - STAGE 1: Group A vs Group B
2025-12-20 14:56:22,454 - tasks.task_stage1 - INFO - run_stage1 - ITERATION 4 - STAGE 1: Group A vs Group B
2025-12-20 14:56:22,453 - tasks.task_stage1 - INFO - run_stage1 - ITERATION 3 - STAGE 1: Group A vs Group B
2025-12-20 14:56:22,456 - tasks.task_stage1 - INFO - run_stage1 - ============================================================
2025-12-20 14:56:22,455 - tasks.task_stage1 - INFO - run_stage1 - ============================================================
2025-12-20 14:56:22,455 - tasks.task_stage1 - INFO - run_stage1 - ============================================================
2025-12-20 14:56:22,457 - tasks.task_stage1 - INFO - run_stage1 - ============================================================
2025-12-20 14:56:22,457 - iris_classifier.data_loader - INFO - load_iris_data - Loading data from: /mnt/c/Users/yair0/AI_continue/Lesson23/Lesson23_SVM/iris.csv
2025-12-20 14:56:22,456 - tasks.task_stage1 - INFO - run_stage1 - ============================================================
2025-12-20 14:56:22,458 - iris_classifier.data_loader - INFO - load_iris_data - Loading data from: /mnt/c/Users/yair0/AI_continue/Lesson23/Lesson23_SVM/iris.csv
2025-12-20 14:56:22,458 - iris_classifier.data_loader - INFO - load_iris_data - Loading data from: /mnt/c/Users/yair0/AI_continue/Lesson23/Lesson23_SVM/iris.csv
2025-12-20 14:56:22,458 - iris_classifier.data_loader - INFO - load_iris_data - Loading data from: /mnt/c/Users/yair0/AI_continue/Lesson23/Lesson23_SVM/iris.csv
2025-12-20 14:56:22,459 - iris_classifier.data_loader - INFO - load_iris_data - Loading data from: /mnt/c/Users/yair0/AI_continue/Lesson23/Lesson23_SVM/iris.csv
2025-12-20 14:56:22,497 - iris_classifier.data_loader - INFO - load_iris_data - Data loaded successfully: 150 samples, 5 features
2025-12-20 14:56:22,497 - iris_classifier.data_loader - INFO - load_iris_data - Data loaded successfully: 150 samples, 5 features
2025-12-20 14:56:22,497 - iris_classifier.data_loader - INFO - load_iris_data - Data loaded successfully: 150 samples, 5 features
2025-12-20 14:56:22,496 - iris_classifier.data_loader - INFO - load_iris_data - Data loaded successfully: 150 samples, 5 features
2025-12-20 14:56:22,497 - iris_classifier.data_loader - INFO - load_iris_data - Data loaded successfully: 150 samples, 5 features
2025-12-20 14:56:22,505 - tasks.task_stage1 - INFO - run_stage1 - Class mapping: {'setosa': 0, 'versicolor': 1, 'virginica': 2}
2025-12-20 14:56:22,505 - tasks.task_stage1 - INFO - run_stage1 - Class mapping: {'setosa': 0, 'versicolor': 1, 'virginica': 2}
2025-12-20 14:56:22,505 - tasks.task_stage1 - INFO - run_stage1 - Class mapping: {'setosa': 0, 'versicolor': 1, 'virginica': 2}
2025-12-20 14:56:22,505 - tasks.task_stage1 - INFO - run_stage1 - Class mapping: {'setosa': 0, 'versicolor': 1, 'virginica': 2}
2025-12-20 14:56:22,507 - iris_classifier.data_loader - INFO - split_data - Splitting data: 75% train, 25% test
2025-12-20 14:56:22,505 - tasks.task_stage1 - INFO - run_stage1 - Class mapping: {'setosa': 0, 'versicolor': 1, 'virginica': 2}
2025-12-20 14:56:22,507 - iris_classifier.data_loader - INFO - split_data - Splitting data: 75% train, 25% test
2025-12-20 14:56:22,507 - iris_classifier.data_loader - INFO - split_data - Splitting data: 75% train, 25% test
2025-12-20 14:56:22,506 - iris_classifier.data_loader - INFO - split_data - Splitting data: 75% train, 25% test
2025-12-20 14:56:22,508 - iris_classifier.data_loader - INFO - split_data - Splitting data: 75% train, 25% test
2025-12-20 14:56:22,518 - iris_classifier.data_loader - INFO - split_data - Train set: 112 samples
2025-12-20 14:56:22,518 - iris_classifier.data_loader - INFO - split_data - Train set: 112 samples
2025-12-20 14:56:22,518 - iris_classifier.data_loader - INFO - split_data - Train set: 112 samples
2025-12-20 14:56:22,518 - iris_classifier.data_loader - INFO - split_data - Train set: 112 samples
2025-12-20 14:56:22,519 - iris_classifier.data_loader - INFO - split_data - Test set: 38 samples
2025-12-20 14:56:22,518 - iris_classifier.data_loader - INFO - split_data - Train set: 112 samples
2025-12-20 14:56:22,520 - iris_classifier.data_loader - INFO - split_data - Test set: 38 samples
2025-12-20 14:56:22,519 - iris_classifier.data_loader - INFO - split_data - Test set: 38 samples
2025-12-20 14:56:22,520 - iris_classifier.data_loader - INFO - split_data - Test set: 38 samples
2025-12-20 14:56:22,521 - iris_classifier.data_loader - INFO - split_data - Test set: 38 samples
2025-12-20 14:56:22,521 - iris_classifier.data_loader - INFO - split_data - Train class distribution: [38 37 37]
2025-12-20 14:56:22,522 - iris_classifier.data_loader - INFO - split_data - Train class distribution: [38 37 37]
2025-12-20 14:56:22,523 - iris_classifier.data_loader - INFO - split_data - Train class distribution: [38 37 37]
2025-12-20 14:56:22,523 - iris_classifier.data_loader - INFO - split_data - Train class distribution: [38 37 37]
2025-12-20 14:56:22,524 - iris_classifier.data_loader - INFO - split_data - Train class distribution: [38 37 37]
2025-12-20 14:56:22,524 - iris_classifier.data_loader - INFO - split_data - Test class distribution: [12 13 13]
2025-12-20 14:56:22,523 - iris_classifier.data_loader - INFO - split_data - Test class distribution: [12 13 13]
2025-12-20 14:56:22,525 - iris_classifier.data_loader - INFO - split_data - Test class distribution: [12 13 13]
2025-12-20 14:56:22,525 - iris_classifier.data_loader - INFO - split_data - Test class distribution: [12 13 13]
2025-12-20 14:56:22,525 - iris_classifier.data_loader - INFO - split_data - Test class distribution: [12 13 13]
2025-12-20 14:56:22,526 - iris_classifier.preprocessor - INFO - group_classes_stage1 - Grouping classes for Stage 1: [0] vs [1, 2]
2025-12-20 14:56:22,526 - iris_classifier.preprocessor - INFO - group_classes_stage1 - Grouping classes for Stage 1: [0] vs [1, 2]
2025-12-20 14:56:22,526 - iris_classifier.preprocessor - INFO - group_classes_stage1 - Grouping classes for Stage 1: [0] vs [1, 2]
2025-12-20 14:56:22,528 - iris_classifier.preprocessor - INFO - group_classes_stage1 - Grouping classes for Stage 1: [0] vs [1, 2]
2025-12-20 14:56:22,527 - iris_classifier.preprocessor - INFO - group_classes_stage1 - Grouping classes for Stage 1: [0] vs [1, 2]
2025-12-20 14:56:22,528 - iris_classifier.preprocessor - INFO - group_classes_stage1 - Stage 1 class distribution: [38 74]
2025-12-20 14:56:22,529 - iris_classifier.preprocessor - INFO - group_classes_stage1 - Stage 1 class distribution: [38 74]
2025-12-20 14:56:22,529 - iris_classifier.preprocessor - INFO - group_classes_stage1 - Stage 1 class distribution: [38 74]
2025-12-20 14:56:22,530 - iris_classifier.preprocessor - INFO - group_classes_stage1 - Stage 1 class distribution: [38 74]
2025-12-20 14:56:22,530 - iris_classifier.preprocessor - INFO - group_classes_stage1 - Stage 1 class distribution: [38 74]
2025-12-20 14:56:22,531 - iris_classifier.preprocessor - INFO - group_classes_stage1 - Grouping classes for Stage 1: [0] vs [1, 2]
2025-12-20 14:56:22,530 - iris_classifier.preprocessor - INFO - group_classes_stage1 - Grouping classes for Stage 1: [0] vs [1, 2]
2025-12-20 14:56:22,532 - iris_classifier.preprocessor - INFO - group_classes_stage1 - Grouping classes for Stage 1: [0] vs [1, 2]
2025-12-20 14:56:22,532 - iris_classifier.preprocessor - INFO - group_classes_stage1 - Grouping classes for Stage 1: [0] vs [1, 2]
2025-12-20 14:56:22,531 - iris_classifier.preprocessor - INFO - group_classes_stage1 - Grouping classes for Stage 1: [0] vs [1, 2]
2025-12-20 14:56:22,533 - iris_classifier.preprocessor - INFO - group_classes_stage1 - Stage 1 class distribution: [12 26]
2025-12-20 14:56:22,533 - iris_classifier.preprocessor - INFO - group_classes_stage1 - Stage 1 class distribution: [12 26]
2025-12-20 14:56:22,534 - iris_classifier.preprocessor - INFO - group_classes_stage1 - Stage 1 class distribution: [12 26]
2025-12-20 14:56:22,534 - iris_classifier.preprocessor - INFO - group_classes_stage1 - Stage 1 class distribution: [12 26]
2025-12-20 14:56:22,534 - iris_classifier.preprocessor - INFO - group_classes_stage1 - Stage 1 class distribution: [12 26]
2025-12-20 14:56:22,536 - iris_classifier.preprocessor - INFO - normalize_features - Normalizing features with StandardScaler
2025-12-20 14:56:22,536 - iris_classifier.preprocessor - INFO - normalize_features - Normalizing features with StandardScaler
2025-12-20 14:56:22,535 - iris_classifier.preprocessor - INFO - normalize_features - Normalizing features with StandardScaler
2025-12-20 14:56:22,535 - iris_classifier.preprocessor - INFO - normalize_features - Normalizing features with StandardScaler
2025-12-20 14:56:22,536 - iris_classifier.preprocessor - INFO - normalize_features - Normalizing features with StandardScaler
2025-12-20 14:56:22,539 - iris_classifier.preprocessor - INFO - normalize_features - Feature scaling complete - Mean: [5.87767857 3.06160714 3.76517857 1.19285714], Std: [0.84944413 0.43879818 1.7746081  0.76808136]
2025-12-20 14:56:22,540 - iris_classifier.preprocessor - INFO - normalize_features - Feature scaling complete - Mean: [5.87767857 3.06160714 3.76517857 1.19285714], Std: [0.84944413 0.43879818 1.7746081  0.76808136]
2025-12-20 14:56:22,540 - iris_classifier.preprocessor - INFO - normalize_features - Feature scaling complete - Mean: [5.87767857 3.06160714 3.76517857 1.19285714], Std: [0.84944413 0.43879818 1.7746081  0.76808136]
2025-12-20 14:56:22,541 - iris_classifier.preprocessor - INFO - normalize_features - Feature scaling complete - Mean: [5.87767857 3.06160714 3.76517857 1.19285714], Std: [0.84944413 0.43879818 1.7746081  0.76808136]
2025-12-20 14:56:22,541 - iris_classifier.preprocessor - INFO - normalize_features - Feature scaling complete - Mean: [5.87767857 3.06160714 3.76517857 1.19285714], Std: [0.84944413 0.43879818 1.7746081  0.76808136]
2025-12-20 14:56:22,541 - iris_classifier.svm_trainer - INFO - train_svm - Training SVM: kernel=rbf, C=1.0, gamma=scale
2025-12-20 14:56:22,541 - iris_classifier.svm_trainer - INFO - train_svm - Training SVM: kernel=rbf, C=1.0, gamma=scale
2025-12-20 14:56:22,542 - iris_classifier.svm_trainer - INFO - train_svm - Training SVM: kernel=rbf, C=1.0, gamma=scale
2025-12-20 14:56:22,542 - iris_classifier.svm_trainer - INFO - train_svm - Training SVM: kernel=rbf, C=1.0, gamma=scale
2025-12-20 14:56:22,543 - iris_classifier.svm_trainer - INFO - train_svm - Training SVM: kernel=rbf, C=1.0, gamma=scale
2025-12-20 14:56:22,543 - iris_classifier.svm_trainer - INFO - train_svm - Training samples: 112, Features: 4
2025-12-20 14:56:22,543 - iris_classifier.svm_trainer - INFO - train_svm - Training samples: 112, Features: 4
2025-12-20 14:56:22,543 - iris_classifier.svm_trainer - INFO - train_svm - Training samples: 112, Features: 4
2025-12-20 14:56:22,544 - iris_classifier.svm_trainer - INFO - train_svm - Training samples: 112, Features: 4
2025-12-20 14:56:22,544 - iris_classifier.svm_trainer - INFO - train_svm - Training samples: 112, Features: 4
2025-12-20 14:56:22,551 - iris_classifier.svm_trainer - INFO - train_svm - SVM training completed in 0.007 seconds
2025-12-20 14:56:22,551 - iris_classifier.svm_trainer - INFO - train_svm - SVM training completed in 0.006 seconds
2025-12-20 14:56:22,551 - iris_classifier.svm_trainer - INFO - train_svm - SVM training completed in 0.005 seconds
2025-12-20 14:56:22,551 - iris_classifier.svm_trainer - INFO - train_svm - SVM training completed in 0.006 seconds
2025-12-20 14:56:22,553 - iris_classifier.svm_trainer - INFO - train_svm - Support vectors: [6 8]
2025-12-20 14:56:22,551 - iris_classifier.svm_trainer - INFO - train_svm - SVM training completed in 0.005 seconds
2025-12-20 14:56:22,553 - iris_classifier.svm_trainer - INFO - train_svm - Support vectors: [6 8]
2025-12-20 14:56:22,553 - iris_classifier.svm_trainer - INFO - train_svm - Support vectors: [6 8]
2025-12-20 14:56:22,554 - iris_classifier.svm_trainer - INFO - predict_svm - Making predictions on 38 test samples
2025-12-20 14:56:22,554 - iris_classifier.svm_trainer - INFO - train_svm - Support vectors: [6 8]
2025-12-20 14:56:22,555 - iris_classifier.svm_trainer - INFO - predict_svm - Making predictions on 38 test samples
2025-12-20 14:56:22,555 - iris_classifier.svm_trainer - INFO - predict_svm - Making predictions on 38 test samples
2025-12-20 14:56:22,554 - iris_classifier.svm_trainer - INFO - train_svm - Support vectors: [6 8]
2025-12-20 14:56:22,556 - iris_classifier.svm_trainer - INFO - predict_svm - Making predictions on 38 test samples
2025-12-20 14:56:22,557 - iris_classifier.svm_trainer - INFO - predict_svm - Predictions complete: 38 samples
2025-12-20 14:56:22,556 - iris_classifier.svm_trainer - INFO - predict_svm - Predictions complete: 38 samples
2025-12-20 14:56:22,557 - iris_classifier.svm_trainer - INFO - predict_svm - Making predictions on 38 test samples
2025-12-20 14:56:22,557 - iris_classifier.svm_trainer - INFO - predict_svm - Predictions complete: 38 samples
2025-12-20 14:56:22,558 - iris_classifier.svm_trainer - INFO - predict_svm - Predictions complete: 38 samples
2025-12-20 14:56:22,558 - iris_classifier.evaluator - INFO - evaluate_predictions - Evaluating predictions for Stage 1
2025-12-20 14:56:22,560 - iris_classifier.svm_trainer - INFO - predict_svm - Predictions complete: 38 samples
2025-12-20 14:56:22,559 - iris_classifier.evaluator - INFO - evaluate_predictions - Evaluating predictions for Stage 1
2025-12-20 14:56:22,560 - iris_classifier.evaluator - INFO - evaluate_predictions - Evaluating predictions for Stage 1
2025-12-20 14:56:22,561 - iris_classifier.evaluator - INFO - evaluate_predictions - Evaluating predictions for Stage 1
2025-12-20 14:56:22,561 - iris_classifier.evaluator - INFO - evaluate_predictions - Evaluating predictions for Stage 1
2025-12-20 14:56:22,573 - iris_classifier.evaluator - INFO - evaluate_predictions - Stage 1 Accuracy: 1.0000
2025-12-20 14:56:22,573 - iris_classifier.evaluator - INFO - evaluate_predictions - Stage 1 Accuracy: 1.0000
2025-12-20 14:56:22,574 - iris_classifier.evaluator - INFO - evaluate_predictions - Stage 1 Accuracy: 1.0000
2025-12-20 14:56:22,575 - iris_classifier.evaluator - INFO - evaluate_predictions - Stage 1 Accuracy: 1.0000
2025-12-20 14:56:22,574 - iris_classifier.evaluator - INFO - evaluate_predictions - Stage 1 Accuracy: 1.0000
2025-12-20 14:56:22,575 - iris_classifier.evaluator - INFO - evaluate_predictions - Stage 1 Precision: 1.0000
2025-12-20 14:56:22,575 - iris_classifier.evaluator - INFO - evaluate_predictions - Stage 1 Precision: 1.0000
2025-12-20 14:56:22,577 - iris_classifier.evaluator - INFO - evaluate_predictions - Stage 1 Precision: 1.0000
2025-12-20 14:56:22,577 - iris_classifier.evaluator - INFO - evaluate_predictions - Stage 1 Precision: 1.0000
2025-12-20 14:56:22,576 - iris_classifier.evaluator - INFO - evaluate_predictions - Stage 1 Precision: 1.0000
2025-12-20 14:56:22,578 - iris_classifier.evaluator - INFO - evaluate_predictions - Stage 1 Recall: 1.0000
2025-12-20 14:56:22,579 - iris_classifier.evaluator - INFO - evaluate_predictions - Stage 1 Recall: 1.0000
2025-12-20 14:56:22,579 - iris_classifier.evaluator - INFO - evaluate_predictions - Stage 1 Recall: 1.0000
2025-12-20 14:56:22,578 - iris_classifier.evaluator - INFO - evaluate_predictions - Stage 1 Recall: 1.0000
2025-12-20 14:56:22,580 - iris_classifier.evaluator - INFO - evaluate_predictions - Stage 1 Recall: 1.0000
2025-12-20 14:56:22,580 - iris_classifier.evaluator - INFO - evaluate_predictions - Stage 1 F1-Score: 1.0000
2025-12-20 14:56:22,581 - iris_classifier.evaluator - INFO - evaluate_predictions - Stage 1 F1-Score: 1.0000
2025-12-20 14:56:22,581 - iris_classifier.evaluator - INFO - evaluate_predictions - Stage 1 F1-Score: 1.0000
2025-12-20 14:56:22,582 - iris_classifier.evaluator - INFO - evaluate_predictions - Stage 1 Confusion Matrix:
[[12  0]
 [ 0 26]]
2025-12-20 14:56:22,581 - iris_classifier.evaluator - INFO - evaluate_predictions - Stage 1 F1-Score: 1.0000
2025-12-20 14:56:22,581 - iris_classifier.evaluator - INFO - evaluate_predictions - Stage 1 F1-Score: 1.0000
2025-12-20 14:56:22,582 - iris_classifier.evaluator - INFO - evaluate_predictions - Stage 1 Confusion Matrix:
[[12  0]
 [ 0 26]]
2025-12-20 14:56:22,582 - iris_classifier.evaluator - INFO - evaluate_predictions - Stage 1 Confusion Matrix:
[[12  0]
 [ 0 26]]
2025-12-20 14:56:22,583 - tasks.task_stage1 - INFO - run_stage1 - Stage 1 completed successfully
2025-12-20 14:56:22,583 - tasks.task_stage1 - INFO - run_stage1 - Stage 1 completed successfully
2025-12-20 14:56:22,584 - tasks.task_stage1 - INFO - run_stage1 - Stage 1 completed successfully
2025-12-20 14:56:22,583 - iris_classifier.evaluator - INFO - evaluate_predictions - Stage 1 Confusion Matrix:
[[12  0]
 [ 0 26]]
2025-12-20 14:56:22,583 - iris_classifier.evaluator - INFO - evaluate_predictions - Stage 1 Confusion Matrix:
[[12  0]
 [ 0 26]]
2025-12-20 14:56:22,584 - tasks.task_stage2 - INFO - run_stage2 - ============================================================
2025-12-20 14:56:22,585 - tasks.task_stage2 - INFO - run_stage2 - ============================================================
2025-12-20 14:56:22,585 - tasks.task_stage1 - INFO - run_stage1 - Stage 1 completed successfully
2025-12-20 14:56:22,585 - tasks.task_stage2 - INFO - run_stage2 - ============================================================
2025-12-20 14:56:22,586 - tasks.task_stage2 - INFO - run_stage2 - ITERATION 3 - STAGE 2: Class 1 vs Class 2
2025-12-20 14:56:22,586 - tasks.task_stage2 - INFO - run_stage2 - ITERATION 4 - STAGE 2: Class 1 vs Class 2
2025-12-20 14:56:22,585 - tasks.task_stage1 - INFO - run_stage1 - Stage 1 completed successfully
2025-12-20 14:56:22,587 - tasks.task_stage2 - INFO - run_stage2 - ============================================================
2025-12-20 14:56:22,587 - tasks.task_stage2 - INFO - run_stage2 - ============================================================
2025-12-20 14:56:22,587 - tasks.task_stage2 - INFO - run_stage2 - ITERATION 1 - STAGE 2: Class 1 vs Class 2
2025-12-20 14:56:22,588 - tasks.task_stage2 - INFO - run_stage2 - ============================================================
2025-12-20 14:56:22,589 - tasks.task_stage2 - INFO - run_stage2 - ============================================================
2025-12-20 14:56:22,590 - tasks.task_stage2 - INFO - run_stage2 - ============================================================
2025-12-20 14:56:22,590 - iris_classifier.preprocessor - INFO - filter_group_b - Filtered 26 Group B samples for Stage 2
2025-12-20 14:56:22,589 - tasks.task_stage2 - INFO - run_stage2 - ITERATION 5 - STAGE 2: Class 1 vs Class 2
2025-12-20 14:56:22,591 - tasks.task_stage2 - INFO - run_stage2 - ITERATION 2 - STAGE 2: Class 1 vs Class 2
2025-12-20 14:56:22,591 - iris_classifier.preprocessor - INFO - filter_group_b - Filtered 26 Group B samples for Stage 2
2025-12-20 14:56:22,591 - iris_classifier.preprocessor - INFO - filter_group_b - Filtered 26 Group B samples for Stage 2
2025-12-20 14:56:22,592 - iris_classifier.preprocessor - INFO - filter_group_b - Stage 2 class distribution: [ 0 13 13]
2025-12-20 14:56:22,592 - tasks.task_stage2 - INFO - run_stage2 - ============================================================
2025-12-20 14:56:22,592 - tasks.task_stage2 - INFO - run_stage2 - ============================================================
2025-12-20 14:56:22,593 - iris_classifier.data_loader - INFO - load_iris_data - Loading data from: /mnt/c/Users/yair0/AI_continue/Lesson23/Lesson23_SVM/iris.csv
2025-12-20 14:56:22,593 - iris_classifier.preprocessor - INFO - filter_group_b - Stage 2 class distribution: [ 0 13 13]
2025-12-20 14:56:22,593 - iris_classifier.preprocessor - INFO - filter_group_b - Stage 2 class distribution: [ 0 13 13]
2025-12-20 14:56:22,594 - iris_classifier.preprocessor - INFO - filter_group_b - Filtered 26 Group B samples for Stage 2
2025-12-20 14:56:22,594 - iris_classifier.preprocessor - INFO - filter_group_b - Filtered 26 Group B samples for Stage 2
2025-12-20 14:56:22,595 - iris_classifier.data_loader - INFO - load_iris_data - Loading data from: /mnt/c/Users/yair0/AI_continue/Lesson23/Lesson23_SVM/iris.csv
2025-12-20 14:56:22,595 - iris_classifier.data_loader - INFO - load_iris_data - Loading data from: /mnt/c/Users/yair0/AI_continue/Lesson23/Lesson23_SVM/iris.csv
2025-12-20 14:56:22,595 - iris_classifier.preprocessor - INFO - filter_group_b - Stage 2 class distribution: [ 0 13 13]
2025-12-20 14:56:22,596 - iris_classifier.preprocessor - INFO - filter_group_b - Stage 2 class distribution: [ 0 13 13]
2025-12-20 14:56:22,597 - iris_classifier.data_loader - INFO - load_iris_data - Loading data from: /mnt/c/Users/yair0/AI_continue/Lesson23/Lesson23_SVM/iris.csv
2025-12-20 14:56:22,598 - iris_classifier.data_loader - INFO - load_iris_data - Loading data from: /mnt/c/Users/yair0/AI_continue/Lesson23/Lesson23_SVM/iris.csv
2025-12-20 14:56:22,602 - iris_classifier.data_loader - INFO - load_iris_data - Data loaded successfully: 150 samples, 5 features
2025-12-20 14:56:22,602 - iris_classifier.data_loader - INFO - load_iris_data - Data loaded successfully: 150 samples, 5 features
2025-12-20 14:56:22,602 - iris_classifier.data_loader - INFO - load_iris_data - Data loaded successfully: 150 samples, 5 features
2025-12-20 14:56:22,603 - iris_classifier.data_loader - INFO - load_iris_data - Data loaded successfully: 150 samples, 5 features
2025-12-20 14:56:22,604 - iris_classifier.data_loader - INFO - load_iris_data - Data loaded successfully: 150 samples, 5 features
2025-12-20 14:56:22,605 - iris_classifier.data_loader - INFO - split_data - Splitting data: 75% train, 25% test
2025-12-20 14:56:22,606 - iris_classifier.data_loader - INFO - split_data - Splitting data: 75% train, 25% test
2025-12-20 14:56:22,606 - iris_classifier.data_loader - INFO - split_data - Splitting data: 75% train, 25% test
2025-12-20 14:56:22,606 - iris_classifier.data_loader - INFO - split_data - Splitting data: 75% train, 25% test
2025-12-20 14:56:22,606 - iris_classifier.data_loader - INFO - split_data - Splitting data: 75% train, 25% test
2025-12-20 14:56:22,608 - iris_classifier.data_loader - INFO - split_data - Train set: 112 samples
2025-12-20 14:56:22,608 - iris_classifier.data_loader - INFO - split_data - Train set: 112 samples
2025-12-20 14:56:22,608 - iris_classifier.data_loader - INFO - split_data - Train set: 112 samples
2025-12-20 14:56:22,609 - iris_classifier.data_loader - INFO - split_data - Test set: 38 samples
2025-12-20 14:56:22,609 - iris_classifier.data_loader - INFO - split_data - Train set: 112 samples
2025-12-20 14:56:22,609 - iris_classifier.data_loader - INFO - split_data - Train set: 112 samples
2025-12-20 14:56:22,610 - iris_classifier.data_loader - INFO - split_data - Train class distribution: [38 37 37]
2025-12-20 14:56:22,610 - iris_classifier.data_loader - INFO - split_data - Test set: 38 samples
2025-12-20 14:56:22,610 - iris_classifier.data_loader - INFO - split_data - Test set: 38 samples
2025-12-20 14:56:22,611 - iris_classifier.data_loader - INFO - split_data - Test class distribution: [12 13 13]
2025-12-20 14:56:22,611 - iris_classifier.data_loader - INFO - split_data - Test set: 38 samples
2025-12-20 14:56:22,611 - iris_classifier.data_loader - INFO - split_data - Test set: 38 samples
2025-12-20 14:56:22,612 - iris_classifier.data_loader - INFO - split_data - Train class distribution: [38 37 37]
2025-12-20 14:56:22,611 - iris_classifier.data_loader - INFO - split_data - Train class distribution: [38 37 37]
2025-12-20 14:56:22,612 - iris_classifier.preprocessor - INFO - normalize_features - Normalizing features with StandardScaler
2025-12-20 14:56:22,612 - iris_classifier.data_loader - INFO - split_data - Train class distribution: [38 37 37]
2025-12-20 14:56:22,613 - iris_classifier.data_loader - INFO - split_data - Test class distribution: [12 13 13]
2025-12-20 14:56:22,613 - iris_classifier.data_loader - INFO - split_data - Train class distribution: [38 37 37]
2025-12-20 14:56:22,613 - iris_classifier.data_loader - INFO - split_data - Test class distribution: [12 13 13]
2025-12-20 14:56:22,614 - iris_classifier.data_loader - INFO - split_data - Test class distribution: [12 13 13]
2025-12-20 14:56:22,614 - iris_classifier.preprocessor - INFO - normalize_features - Normalizing features with StandardScaler
2025-12-20 14:56:22,615 - iris_classifier.data_loader - INFO - split_data - Test class distribution: [12 13 13]
2025-12-20 14:56:22,614 - iris_classifier.preprocessor - INFO - normalize_features - Feature scaling complete - Mean: [6.33108108 2.86891892 4.93648649 1.67972973], Std: [0.66290223 0.33888756 0.84334827 0.43339631]
2025-12-20 14:56:22,615 - iris_classifier.preprocessor - INFO - normalize_features - Normalizing features with StandardScaler
2025-12-20 14:56:22,616 - iris_classifier.preprocessor - INFO - normalize_features - Normalizing features with StandardScaler
2025-12-20 14:56:22,617 - iris_classifier.svm_trainer - INFO - train_svm - Training SVM: kernel=rbf, C=1.0, gamma=scale
2025-12-20 14:56:22,616 - iris_classifier.preprocessor - INFO - normalize_features - Normalizing features with StandardScaler
2025-12-20 14:56:22,617 - iris_classifier.preprocessor - INFO - normalize_features - Feature scaling complete - Mean: [6.33108108 2.86891892 4.93648649 1.67972973], Std: [0.66290223 0.33888756 0.84334827 0.43339631]
2025-12-20 14:56:22,618 - iris_classifier.svm_trainer - INFO - train_svm - Training samples: 74, Features: 4
2025-12-20 14:56:22,618 - iris_classifier.preprocessor - INFO - normalize_features - Feature scaling complete - Mean: [6.33108108 2.86891892 4.93648649 1.67972973], Std: [0.66290223 0.33888756 0.84334827 0.43339631]
2025-12-20 14:56:22,618 - iris_classifier.svm_trainer - INFO - train_svm - Training SVM: kernel=rbf, C=1.0, gamma=scale
2025-12-20 14:56:22,618 - iris_classifier.preprocessor - INFO - normalize_features - Feature scaling complete - Mean: [6.33108108 2.86891892 4.93648649 1.67972973], Std: [0.66290223 0.33888756 0.84334827 0.43339631]
2025-12-20 14:56:22,619 - iris_classifier.preprocessor - INFO - normalize_features - Feature scaling complete - Mean: [6.33108108 2.86891892 4.93648649 1.67972973], Std: [0.66290223 0.33888756 0.84334827 0.43339631]
2025-12-20 14:56:22,619 - iris_classifier.svm_trainer - INFO - train_svm - Training samples: 74, Features: 4
2025-12-20 14:56:22,619 - iris_classifier.svm_trainer - INFO - train_svm - Training SVM: kernel=rbf, C=1.0, gamma=scale
2025-12-20 14:56:22,620 - iris_classifier.svm_trainer - INFO - train_svm - Training SVM: kernel=rbf, C=1.0, gamma=scale
2025-12-20 14:56:22,620 - iris_classifier.svm_trainer - INFO - train_svm - SVM training completed in 0.001 seconds
2025-12-20 14:56:22,620 - iris_classifier.svm_trainer - INFO - train_svm - Training SVM: kernel=rbf, C=1.0, gamma=scale
2025-12-20 14:56:22,621 - iris_classifier.svm_trainer - INFO - train_svm - Training samples: 74, Features: 4
2025-12-20 14:56:22,621 - iris_classifier.svm_trainer - INFO - train_svm - Training samples: 74, Features: 4
2025-12-20 14:56:22,622 - iris_classifier.svm_trainer - INFO - train_svm - Support vectors: [13 14]
2025-12-20 14:56:22,622 - iris_classifier.svm_trainer - INFO - train_svm - Training samples: 74, Features: 4
2025-12-20 14:56:22,622 - iris_classifier.svm_trainer - INFO - train_svm - SVM training completed in 0.002 seconds
2025-12-20 14:56:22,623 - iris_classifier.svm_trainer - INFO - predict_svm - Making predictions on 26 test samples
2025-12-20 14:56:22,624 - iris_classifier.svm_trainer - INFO - train_svm - Support vectors: [13 14]
2025-12-20 14:56:22,624 - iris_classifier.svm_trainer - INFO - train_svm - SVM training completed in 0.002 seconds
2025-12-20 14:56:22,624 - iris_classifier.svm_trainer - INFO - predict_svm - Predictions complete: 26 samples
2025-12-20 14:56:22,625 - iris_classifier.svm_trainer - INFO - predict_svm - Making predictions on 26 test samples
2025-12-20 14:56:22,625 - iris_classifier.svm_trainer - INFO - train_svm - SVM training completed in 0.002 seconds
2025-12-20 14:56:22,625 - iris_classifier.svm_trainer - INFO - train_svm - SVM training completed in 0.002 seconds
2025-12-20 14:56:22,625 - iris_classifier.svm_trainer - INFO - train_svm - Support vectors: [13 14]
2025-12-20 14:56:22,626 - iris_classifier.evaluator - INFO - evaluate_predictions - Evaluating predictions for Stage 2
2025-12-20 14:56:22,626 - iris_classifier.svm_trainer - INFO - train_svm - Support vectors: [13 14]
2025-12-20 14:56:22,627 - iris_classifier.svm_trainer - INFO - train_svm - Support vectors: [13 14]
2025-12-20 14:56:22,626 - iris_classifier.svm_trainer - INFO - predict_svm - Predictions complete: 26 samples
2025-12-20 14:56:22,628 - iris_classifier.svm_trainer - INFO - predict_svm - Making predictions on 26 test samples
2025-12-20 14:56:22,627 - iris_classifier.svm_trainer - INFO - predict_svm - Making predictions on 26 test samples
2025-12-20 14:56:22,628 - iris_classifier.svm_trainer - INFO - predict_svm - Making predictions on 26 test samples
2025-12-20 14:56:22,628 - iris_classifier.evaluator - INFO - evaluate_predictions - Evaluating predictions for Stage 2
2025-12-20 14:56:22,629 - iris_classifier.svm_trainer - INFO - predict_svm - Predictions complete: 26 samples
2025-12-20 14:56:22,629 - iris_classifier.svm_trainer - INFO - predict_svm - Predictions complete: 26 samples
2025-12-20 14:56:22,629 - iris_classifier.svm_trainer - INFO - predict_svm - Predictions complete: 26 samples
2025-12-20 14:56:22,630 - iris_classifier.evaluator - INFO - evaluate_predictions - Evaluating predictions for Stage 2
2025-12-20 14:56:22,630 - iris_classifier.evaluator - INFO - evaluate_predictions - Evaluating predictions for Stage 2
2025-12-20 14:56:22,630 - iris_classifier.evaluator - INFO - evaluate_predictions - Evaluating predictions for Stage 2
2025-12-20 14:56:22,632 - iris_classifier.evaluator - INFO - evaluate_predictions - Stage 2 Accuracy: 0.5769
2025-12-20 14:56:22,633 - iris_classifier.evaluator - INFO - evaluate_predictions - Stage 2 Precision: 0.7708
2025-12-20 14:56:22,634 - iris_classifier.evaluator - INFO - evaluate_predictions - Stage 2 Recall: 0.5769
2025-12-20 14:56:22,634 - iris_classifier.evaluator - INFO - evaluate_predictions - Stage 2 Accuracy: 0.5769
2025-12-20 14:56:22,635 - iris_classifier.evaluator - INFO - evaluate_predictions - Stage 2 F1-Score: 0.4847
2025-12-20 14:56:22,635 - iris_classifier.evaluator - INFO - evaluate_predictions - Stage 2 Precision: 0.7708
2025-12-20 14:56:22,636 - iris_classifier.evaluator - INFO - evaluate_predictions - Stage 2 Accuracy: 0.5769
2025-12-20 14:56:22,635 - iris_classifier.evaluator - INFO - evaluate_predictions - Stage 2 Accuracy: 0.5769
2025-12-20 14:56:22,635 - iris_classifier.evaluator - INFO - evaluate_predictions - Stage 2 Accuracy: 0.5769
2025-12-20 14:56:22,636 - iris_classifier.evaluator - INFO - evaluate_predictions - Stage 2 Recall: 0.5769
2025-12-20 14:56:22,637 - iris_classifier.evaluator - INFO - evaluate_predictions - Stage 2 Precision: 0.7708
2025-12-20 14:56:22,636 - iris_classifier.evaluator - INFO - evaluate_predictions - Stage 2 Confusion Matrix:
[[ 2 11]
 [ 0 13]]
2025-12-20 14:56:22,637 - iris_classifier.evaluator - INFO - evaluate_predictions - Stage 2 Precision: 0.7708
2025-12-20 14:56:22,638 - iris_classifier.evaluator - INFO - evaluate_predictions - Stage 2 F1-Score: 0.4847
2025-12-20 14:56:22,637 - iris_classifier.evaluator - INFO - evaluate_predictions - Stage 2 Precision: 0.7708
2025-12-20 14:56:22,638 - iris_classifier.evaluator - INFO - evaluate_predictions - Stage 2 Recall: 0.5769
2025-12-20 14:56:22,638 - tasks.task_stage2 - INFO - run_stage2 - Stage 2 completed successfully
2025-12-20 14:56:22,639 - iris_classifier.evaluator - INFO - evaluate_predictions - Stage 2 Recall: 0.5769
2025-12-20 14:56:22,639 - iris_classifier.evaluator - INFO - evaluate_predictions - Stage 2 Confusion Matrix:
[[ 2 11]
 [ 0 13]]
2025-12-20 14:56:22,639 - iris_classifier.evaluator - INFO - evaluate_predictions - Stage 2 Recall: 0.5769
2025-12-20 14:56:22,640 - iris_classifier.evaluator - INFO - evaluate_predictions - Stage 2 F1-Score: 0.4847
2025-12-20 14:56:22,640 - iris_classifier.evaluator - INFO - combine_stage_predictions - Combining Stage 1 and Stage 2 predictions
2025-12-20 14:56:22,641 - iris_classifier.evaluator - INFO - evaluate_predictions - Stage 2 F1-Score: 0.4847
2025-12-20 14:56:22,641 - tasks.task_stage2 - INFO - run_stage2 - Stage 2 completed successfully
2025-12-20 14:56:22,640 - iris_classifier.evaluator - INFO - evaluate_predictions - Stage 2 F1-Score: 0.4847
2025-12-20 14:56:22,642 - iris_classifier.evaluator - INFO - evaluate_predictions - Stage 2 Confusion Matrix:
[[ 2 11]
 [ 0 13]]
2025-12-20 14:56:22,641 - iris_classifier.evaluator - INFO - evaluate_predictions - Stage 2 Confusion Matrix:
[[ 2 11]
 [ 0 13]]
2025-12-20 14:56:22,642 - iris_classifier.evaluator - INFO - combine_stage_predictions - Final prediction distribution: [12  2 24]
2025-12-20 14:56:22,642 - iris_classifier.evaluator - INFO - combine_stage_predictions - Combining Stage 1 and Stage 2 predictions
2025-12-20 14:56:22,643 - tasks.task_stage2 - INFO - run_stage2 - Stage 2 completed successfully
2025-12-20 14:56:22,643 - iris_classifier.evaluator - INFO - evaluate_predictions - Evaluating predictions for Overall
2025-12-20 14:56:22,643 - iris_classifier.evaluator - INFO - evaluate_predictions - Stage 2 Confusion Matrix:
[[ 2 11]
 [ 0 13]]
2025-12-20 14:56:22,643 - tasks.task_stage2 - INFO - run_stage2 - Stage 2 completed successfully
2025-12-20 14:56:22,643 - iris_classifier.evaluator - INFO - combine_stage_predictions - Final prediction distribution: [12  2 24]
2025-12-20 14:56:22,644 - iris_classifier.evaluator - INFO - combine_stage_predictions - Combining Stage 1 and Stage 2 predictions
2025-12-20 14:56:22,644 - iris_classifier.evaluator - INFO - combine_stage_predictions - Combining Stage 1 and Stage 2 predictions
2025-12-20 14:56:22,644 - tasks.task_stage2 - INFO - run_stage2 - Stage 2 completed successfully
2025-12-20 14:56:22,645 - iris_classifier.evaluator - INFO - evaluate_predictions - Evaluating predictions for Overall
2025-12-20 14:56:22,645 - iris_classifier.evaluator - INFO - combine_stage_predictions - Final prediction distribution: [12  2 24]
2025-12-20 14:56:22,645 - iris_classifier.evaluator - INFO - combine_stage_predictions - Final prediction distribution: [12  2 24]
2025-12-20 14:56:22,645 - iris_classifier.evaluator - INFO - combine_stage_predictions - Combining Stage 1 and Stage 2 predictions
2025-12-20 14:56:22,646 - iris_classifier.evaluator - INFO - evaluate_predictions - Evaluating predictions for Overall
2025-12-20 14:56:22,646 - iris_classifier.evaluator - INFO - evaluate_predictions - Evaluating predictions for Overall
2025-12-20 14:56:22,646 - iris_classifier.evaluator - INFO - combine_stage_predictions - Final prediction distribution: [12  2 24]
2025-12-20 14:56:22,647 - iris_classifier.evaluator - INFO - evaluate_predictions - Evaluating predictions for Overall
2025-12-20 14:56:22,647 - iris_classifier.evaluator - INFO - evaluate_predictions - Overall Accuracy: 0.7105
2025-12-20 14:56:22,648 - iris_classifier.evaluator - INFO - evaluate_predictions - Overall Precision: 0.8472
2025-12-20 14:56:22,649 - iris_classifier.evaluator - INFO - evaluate_predictions - Overall Recall: 0.7179
2025-12-20 14:56:22,649 - iris_classifier.evaluator - INFO - evaluate_predictions - Overall Accuracy: 0.7105
2025-12-20 14:56:22,650 - iris_classifier.evaluator - INFO - evaluate_predictions - Overall F1-Score: 0.6565
2025-12-20 14:56:22,650 - iris_classifier.evaluator - INFO - evaluate_predictions - Overall Accuracy: 0.7105
2025-12-20 14:56:22,650 - iris_classifier.evaluator - INFO - evaluate_predictions - Overall Precision: 0.8472
2025-12-20 14:56:22,651 - iris_classifier.evaluator - INFO - evaluate_predictions - Overall Precision: 0.8472
2025-12-20 14:56:22,651 - iris_classifier.evaluator - INFO - evaluate_predictions - Overall Recall: 0.7179
2025-12-20 14:56:22,651 - iris_classifier.evaluator - INFO - evaluate_predictions - Overall Confusion Matrix:
[[12  0  0]
 [ 0  2 11]
 [ 0  0 13]]
2025-12-20 14:56:22,652 - iris_classifier.evaluator - INFO - evaluate_predictions - Overall Recall: 0.7179
2025-12-20 14:56:22,651 - iris_classifier.evaluator - INFO - evaluate_predictions - Overall Accuracy: 0.7105
2025-12-20 14:56:22,652 - iris_classifier.iteration_runner - INFO - run_single_iteration - Iteration 1 completed successfully
2025-12-20 14:56:22,652 - iris_classifier.evaluator - INFO - evaluate_predictions - Overall F1-Score: 0.6565
2025-12-20 14:56:22,652 - iris_classifier.evaluator - INFO - evaluate_predictions - Overall Accuracy: 0.7105
2025-12-20 14:56:22,653 - iris_classifier.iteration_runner - INFO - run_single_iteration - Overall Accuracy: 0.7105
2025-12-20 14:56:22,653 - iris_classifier.evaluator - INFO - evaluate_predictions - Overall Precision: 0.8472
2025-12-20 14:56:22,652 - iris_classifier.evaluator - INFO - evaluate_predictions - Overall F1-Score: 0.6565
2025-12-20 14:56:22,654 - iris_classifier.evaluator - INFO - evaluate_predictions - Overall Confusion Matrix:
[[12  0  0]
 [ 0  2 11]
 [ 0  0 13]]
2025-12-20 14:56:22,654 - iris_classifier.evaluator - INFO - evaluate_predictions - Overall Precision: 0.8472
2025-12-20 14:56:22,654 - iris_classifier.evaluator - INFO - evaluate_predictions - Overall Recall: 0.7179
2025-12-20 14:56:22,655 - iris_classifier.iteration_runner - INFO - run_single_iteration - Iteration 2 completed successfully
2025-12-20 14:56:22,655 - iris_classifier.evaluator - INFO - evaluate_predictions - Overall Confusion Matrix:
[[12  0  0]
 [ 0  2 11]
 [ 0  0 13]]
2025-12-20 14:56:22,655 - iris_classifier.evaluator - INFO - evaluate_predictions - Overall Recall: 0.7179
2025-12-20 14:56:22,656 - iris_classifier.iteration_runner - INFO - run_single_iteration - Overall Accuracy: 0.7105
2025-12-20 14:56:22,655 - iris_classifier.evaluator - INFO - evaluate_predictions - Overall F1-Score: 0.6565
2025-12-20 14:56:22,656 - iris_classifier.iteration_runner - INFO - run_single_iteration - Iteration 4 completed successfully
2025-12-20 14:56:22,656 - iris_classifier.evaluator - INFO - evaluate_predictions - Overall F1-Score: 0.6565
2025-12-20 14:56:22,657 - iris_classifier.evaluator - INFO - evaluate_predictions - Overall Confusion Matrix:
[[12  0  0]
 [ 0  2 11]
 [ 0  0 13]]
2025-12-20 14:56:22,657 - iris_classifier.iteration_runner - INFO - run_single_iteration - Overall Accuracy: 0.7105
2025-12-20 14:56:22,657 - iris_classifier.evaluator - INFO - evaluate_predictions - Overall Confusion Matrix:
[[12  0  0]
 [ 0  2 11]
 [ 0  0 13]]
2025-12-20 14:56:22,658 - iris_classifier.iteration_runner - INFO - run_single_iteration - Iteration 5 completed successfully
2025-12-20 14:56:22,658 - iris_classifier.iteration_runner - INFO - run_single_iteration - Iteration 3 completed successfully
2025-12-20 14:56:22,659 - iris_classifier.iteration_runner - INFO - run_single_iteration - Overall Accuracy: 0.7105
2025-12-20 14:56:22,659 - iris_classifier.iteration_runner - INFO - run_single_iteration - Overall Accuracy: 0.7105
2025-12-20 14:56:22,665 - iris_classifier.iteration_runner - INFO - run_with_multiprocessing - All iterations completed via multiprocessing
2025-12-20 14:56:22,667 - tasks.task_analysis - INFO - analyze_results - ============================================================
2025-12-20 14:56:22,668 - tasks.task_analysis - INFO - analyze_results - ANALYZING RESULTS FROM ALL ITERATIONS
2025-12-20 14:56:22,669 - tasks.task_analysis - INFO - analyze_results - ============================================================
2025-12-20 14:56:22,670 - iris_classifier.statistics - INFO - aggregate_results - Aggregating results from 5 iterations
2025-12-20 14:56:22,673 - iris_classifier.statistics - INFO - aggregate_results - ============================================================
2025-12-20 14:56:22,674 - iris_classifier.statistics - INFO - aggregate_results - AGGREGATED RESULTS SUMMARY
2025-12-20 14:56:22,675 - iris_classifier.statistics - INFO - aggregate_results - ============================================================
2025-12-20 14:56:22,676 - iris_classifier.statistics - INFO - aggregate_results - 
STAGE1:
2025-12-20 14:56:22,677 - iris_classifier.statistics - INFO - aggregate_results -   Accuracy: 1.0000 ± 0.0000
2025-12-20 14:56:22,678 - iris_classifier.statistics - INFO - aggregate_results -   Range: [1.0000, 1.0000]
2025-12-20 14:56:22,679 - iris_classifier.statistics - INFO - aggregate_results - 
STAGE2:
2025-12-20 14:56:22,679 - iris_classifier.statistics - INFO - aggregate_results -   Accuracy: 0.5769 ± 0.0000
2025-12-20 14:56:22,680 - iris_classifier.statistics - INFO - aggregate_results -   Range: [0.5769, 0.5769]
2025-12-20 14:56:22,681 - iris_classifier.statistics - INFO - aggregate_results - 
OVERALL:
2025-12-20 14:56:22,682 - iris_classifier.statistics - INFO - aggregate_results -   Accuracy: 0.7105 ± 0.0000
2025-12-20 14:56:22,683 - iris_classifier.statistics - INFO - aggregate_results -   Range: [0.7105, 0.7105]
2025-12-20 14:56:22,683 - iris_classifier.statistics - INFO - aggregate_results - ============================================================
2025-12-20 14:56:22,684 - iris_classifier.visualizer - INFO - generate_all_plots - Generating all visualization plots
2025-12-20 14:56:22,685 - iris_classifier.visualizer - INFO - plot_accuracy_distribution - Creating accuracy distribution plot
2025-12-20 14:56:24,472 - iris_classifier.visualizer - INFO - plot_accuracy_distribution - Accuracy distribution plot saved to: /mnt/c/Users/yair0/AI_continue/Lesson23/Lesson23_SVM/results/accuracy_distribution.png
2025-12-20 14:56:24,483 - iris_classifier.visualizer - INFO - plot_confusion_matrix - Creating confusion matrix plot
2025-12-20 14:56:24,992 - iris_classifier.visualizer - INFO - plot_confusion_matrix - Confusion matrix plot saved to: /mnt/c/Users/yair0/AI_continue/Lesson23/Lesson23_SVM/results/confusion_matrix.png
2025-12-20 14:56:24,993 - iris_classifier.visualizer - INFO - plot_metrics_comparison - Creating metrics comparison plot
2025-12-20 14:56:25,293 - iris_classifier.visualizer - INFO - plot_metrics_comparison - Metrics comparison plot saved to: /mnt/c/Users/yair0/AI_continue/Lesson23/Lesson23_SVM/results/metrics_comparison.png
2025-12-20 14:56:25,303 - iris_classifier.visualizer - INFO - generate_all_plots - All plots generated successfully
2025-12-20 14:56:25,305 - tasks.task_analysis - INFO - save_summary - Saving results summary
2025-12-20 14:56:25,316 - tasks.task_analysis - INFO - save_summary - Results summary saved to: /mnt/c/Users/yair0/AI_continue/Lesson23/Lesson23_SVM/results/results_summary.json
2025-12-20 14:56:25,317 - tasks.task_analysis - INFO - analyze_results - Results analysis completed successfully
2025-12-20 14:56:25,318 - __main__ - INFO - main - Total runtime: 2.90 seconds
2025-12-20 14:56:25,319 - iris_classifier.output_formatter - INFO - print_summary - Summary printed to console
2025-12-20 14:56:25,321 - __main__ - INFO - main - Program completed successfully
