2026-04-19 02:28:34 | INFO     | lstm_filter | ============================================================
2026-04-19 02:28:34 | INFO     | lstm_filter | LSTM Signal Filter — starting (seed=42)
2026-04-19 02:28:34 | INFO     | lstm_filter | Frequencies: [1.0, 3.0, 5.0, 7.0] | SR: 1000 Hz | Duration: 10 s
2026-04-19 02:30:44 | INFO     | lstm_filter | ============================================================
2026-04-19 02:30:44 | INFO     | lstm_filter | LSTM Signal Filter — starting (seed=42)
2026-04-19 02:30:44 | INFO     | lstm_filter | Frequencies: [1.0, 3.0, 5.0, 7.0] | SR: 1000 Hz | Duration: 10 s
2026-04-19 02:31:18 | INFO     | lstm_filter | All tasks completed in 33.43 s
2026-04-19 02:31:18 | INFO     | lstm_filter | Plots saved in:       plots/
2026-04-19 02:31:18 | INFO     | lstm_filter | Dataset saved in:     data/dataset.pkl
2026-04-19 02:31:18 | INFO     | lstm_filter | Best model saved in:  checkpoints/best_model.pt
2026-04-19 02:31:18 | INFO     | lstm_filter | ============================================================
2026-04-19 05:12:57 | INFO     | lstm_filter | ============================================================
2026-04-19 05:12:57 | INFO     | lstm_filter | LSTM Signal Filter — starting (seed=42)
2026-04-19 05:12:57 | INFO     | lstm_filter | Frequencies: [1.0, 3.0, 5.0, 7.0] | SR: 1000 Hz | Duration: 10 s
2026-04-19 05:19:45 | INFO     | lstm_filter | ============================================================
2026-04-19 05:19:45 | INFO     | lstm_filter | LSTM Signal Filter — starting (seed=42)
2026-04-19 05:19:45 | INFO     | lstm_filter | Frequencies: [1.0, 3.0, 5.0, 7.0] | SR: 1000 Hz | Duration: 10 s
2026-04-19 05:38:06 | INFO     | lstm_filter | All tasks completed in 1101.37 s
2026-04-19 05:38:06 | INFO     | lstm_filter | Plots saved in:       plots/
2026-04-19 05:38:06 | INFO     | lstm_filter | Dataset saved in:     data/dataset.pkl
2026-04-19 05:38:06 | INFO     | lstm_filter | Best model saved in:  checkpoints/best_model.pt
2026-04-19 05:38:06 | INFO     | lstm_filter | ============================================================
2026-04-19 05:45:45 | INFO     | lstm_filter | ============================================================
2026-04-19 05:45:45 | INFO     | lstm_filter | LSTM Signal Filter -- starting (seed=42)
2026-04-19 05:45:45 | INFO     | lstm_filter | Frequencies: [1.0, 3.0, 5.0, 7.0] | SR: 1000 Hz | Duration: 10 s
2026-04-19 06:31:29 | INFO     | lstm_filter | All tasks completed in 2743.98 s
2026-04-19 06:31:29 | INFO     | lstm_filter | Plots saved in:       plots/
2026-04-19 06:31:29 | INFO     | lstm_filter | Dataset saved in:     data/dataset.pkl
2026-04-19 06:31:29 | INFO     | lstm_filter | Best model saved in:  checkpoints/best_model.pt
2026-04-19 06:31:29 | INFO     | lstm_filter | ============================================================
2026-04-19 14:01:43 | INFO     | lstm_filter | ============================================================
2026-04-19 14:01:43 | INFO     | lstm_filter | LSTM Signal Filter -- starting (seed=42)
2026-04-19 14:01:43 | INFO     | lstm_filter | Frequencies: [1.0, 3.0, 5.0, 7.0] | SR: 1000 Hz | Duration: 10 s
2026-04-19 14:01:43 | INFO     | lstm_filter | Window: 100 samples | Records: 8000 | Epochs: 150
2026-04-19 14:26:10 | INFO     | lstm_filter | All tasks completed in 1466.19 s
2026-04-19 14:26:10 | INFO     | lstm_filter | Plots -> plots/  |  Dataset -> data/  |  Model -> checkpoints/
2026-04-19 14:26:10 | INFO     | lstm_filter | ============================================================
2026-04-19 14:41:07 | INFO     | lstm_filter | ============================================================
2026-04-19 14:41:07 | INFO     | lstm_filter | LSTM Signal Filter -- starting (seed=42)
2026-04-19 14:41:07 | INFO     | lstm_filter | Freqs: [1.0, 3.0, 5.0, 7.0] | SR: 1000 Hz | Duration: 10 s
2026-04-19 14:41:07 | INFO     | lstm_filter | Prefix: 200 samples | Window: 100 samples | Records: 8000 | Epochs: 150
2026-04-19 15:56:03 | INFO     | lstm_filter | All tasks completed in 4495.73 s
2026-04-19 15:56:03 | INFO     | lstm_filter | ============================================================
