2025-12-31 00:07:25 - __main__ - INFO - 
======================================================================
2025-12-31 00:07:25 - __main__ - INFO - Perceptron Gates Neural Network Training - Author: Yair Levi
2025-12-31 00:07:25 - __main__ - INFO - ======================================================================
2025-12-31 00:07:25 - __main__ - INFO - 
Processing 2 gates using multiprocessing...
2025-12-31 00:07:25 - __main__ - INFO - 
============================================================
Processing AND Gate
============================================================
2025-12-31 00:07:25 - __main__ - INFO - 
============================================================
Processing XOR Gate
============================================================
2025-12-31 00:07:25 - __main__ - INFO - Generating dataset...
2025-12-31 00:07:25 - __main__ - INFO - Generating dataset...
2025-12-31 00:07:25 - __main__ - INFO - Creating and training model...
2025-12-31 00:07:25 - __main__ - INFO - Creating and training model...
2025-12-31 00:07:58 - __main__ - INFO - Evaluating model...
2025-12-31 00:07:58 - __main__ - INFO - Saving model...
2025-12-31 00:07:58 - __main__ - INFO - Evaluating model...
2025-12-31 00:07:58 - __main__ - INFO - Creating visualizations...
2025-12-31 00:07:58 - __main__ - INFO - Saving model...
2025-12-31 00:07:58 - __main__ - INFO - Creating visualizations...
2025-12-31 00:08:01 - __main__ - INFO - XOR gate processing complete!
2025-12-31 00:08:01 - __main__ - INFO - AND gate processing complete!
2025-12-31 00:08:01 - __main__ - INFO - 
======================================================================
SUMMARY
======================================================================
2025-12-31 00:08:01 - __main__ - INFO - AND: ✓ SUCCESS - Acc: 25.00%, Loss: 0.0242, Model: /mnt/c/Users/yair0/AI_continue/Lesson27/perceptron_gates/models/and_model.keras
2025-12-31 00:08:01 - __main__ - INFO - XOR: ✓ SUCCESS - Acc: 55.83%, Loss: 0.1544, Model: /mnt/c/Users/yair0/AI_continue/Lesson27/perceptron_gates/models/xor_model.keras
2025-12-31 00:08:01 - __main__ - INFO - ======================================================================
All tasks completed!
======================================================================
2025-12-31 00:22:23 - __main__ - INFO - 
======================================================================
2025-12-31 00:22:23 - __main__ - INFO - Perceptron Gates Neural Network Training - Author: Yair Levi
2025-12-31 00:22:23 - __main__ - INFO - ======================================================================
2025-12-31 00:22:23 - __main__ - INFO - 
Processing 2 gates using multiprocessing...
2025-12-31 00:22:23 - __main__ - INFO - 
============================================================
Processing XOR Gate
============================================================
2025-12-31 00:22:23 - __main__ - INFO - 
============================================================
Processing AND Gate
============================================================
2025-12-31 00:22:23 - __main__ - INFO - Generating dataset...
2025-12-31 00:22:23 - __main__ - INFO - Generating dataset...
2025-12-31 00:22:23 - __main__ - INFO - Creating and training model...
2025-12-31 00:22:23 - __main__ - INFO - Creating and training model...
2025-12-31 00:23:00 - __main__ - INFO - Evaluating model...
2025-12-31 00:23:00 - __main__ - INFO - Saving model...
2025-12-31 00:23:00 - __main__ - INFO - Creating visualizations...
2025-12-31 00:23:01 - __main__ - INFO - Evaluating model...
2025-12-31 00:23:01 - __main__ - INFO - Saving model...
2025-12-31 00:23:01 - __main__ - INFO - Creating visualizations...
2025-12-31 00:23:03 - __main__ - INFO - AND gate processing complete!
2025-12-31 00:23:03 - __main__ - INFO - XOR gate processing complete!
2025-12-31 00:23:03 - __main__ - INFO - 
======================================================================
SUMMARY
======================================================================
2025-12-31 00:23:03 - __main__ - INFO - AND: ✓ SUCCESS - Acc: 25.00%, Loss: 0.0247, Model: /mnt/c/Users/yair0/AI_continue/Lesson27/perceptron_gates/models/and_model.keras
2025-12-31 00:23:03 - __main__ - INFO - XOR: ✓ SUCCESS - Acc: 55.83%, Loss: 0.1177, Model: /mnt/c/Users/yair0/AI_continue/Lesson27/perceptron_gates/models/xor_model.keras
2025-12-31 00:23:03 - __main__ - INFO - ======================================================================
All tasks completed!
======================================================================
2025-12-31 00:24:30 - __main__ - INFO - 
======================================================================
2025-12-31 00:24:30 - __main__ - INFO - Perceptron Gates Neural Network Training - Author: Yair Levi
2025-12-31 00:24:30 - __main__ - INFO - ======================================================================
2025-12-31 00:24:30 - __main__ - INFO - 
Processing 2 gates using multiprocessing...
2025-12-31 00:24:30 - __main__ - INFO - 
============================================================
Processing AND Gate
============================================================
2025-12-31 00:24:30 - __main__ - INFO - 
============================================================
Processing XOR Gate
============================================================
2025-12-31 00:24:30 - __main__ - INFO - Generating dataset...
2025-12-31 00:24:30 - __main__ - INFO - Generating dataset...
2025-12-31 00:24:30 - __main__ - INFO - Creating and training model...
2025-12-31 00:24:30 - __main__ - INFO - Creating and training model...
2025-12-31 00:25:05 - __main__ - INFO - Evaluating model...
2025-12-31 00:25:05 - __main__ - INFO - Saving model...
2025-12-31 00:25:05 - __main__ - INFO - Creating visualizations...
2025-12-31 00:25:06 - __main__ - INFO - Evaluating model...
2025-12-31 00:25:06 - __main__ - INFO - Saving model...
2025-12-31 00:25:06 - __main__ - INFO - Creating visualizations...
2025-12-31 00:25:07 - __main__ - INFO - AND gate processing complete!
2025-12-31 00:25:08 - __main__ - INFO - XOR gate processing complete!
2025-12-31 00:25:09 - __main__ - INFO - 
======================================================================
SUMMARY
======================================================================
2025-12-31 00:25:09 - __main__ - INFO - AND: ✓ SUCCESS - Acc: 25.00%, Loss: 0.0274, Model: /mnt/c/Users/yair0/AI_continue/Lesson27/perceptron_gates/models/and_model.keras
2025-12-31 00:25:09 - __main__ - INFO - XOR: ✓ SUCCESS - Acc: 55.83%, Loss: 0.0504, Model: /mnt/c/Users/yair0/AI_continue/Lesson27/perceptron_gates/models/xor_model.keras
2025-12-31 00:25:09 - __main__ - INFO - ======================================================================
All tasks completed!
======================================================================
2025-12-31 00:40:19 - __main__ - INFO - 
======================================================================
2025-12-31 00:40:19 - __main__ - INFO - Perceptron Gates Neural Network Training - Author: Yair Levi
2025-12-31 00:40:19 - __main__ - INFO - ======================================================================
2025-12-31 00:40:19 - __main__ - INFO - 
Processing 2 gates using multiprocessing...
2025-12-31 00:40:20 - __main__ - INFO - 
============================================================
Processing AND Gate
============================================================
2025-12-31 00:40:20 - __main__ - INFO - 
============================================================
Processing XOR Gate
============================================================
2025-12-31 00:40:20 - __main__ - INFO - Generating dataset...
2025-12-31 00:40:20 - __main__ - INFO - Generating dataset...
2025-12-31 00:40:20 - __main__ - INFO - Creating and training model...
2025-12-31 00:40:20 - __main__ - INFO - Creating and training model...
2025-12-31 00:40:52 - __main__ - INFO - Evaluating model...
2025-12-31 00:40:52 - __main__ - INFO - Saving model...
2025-12-31 00:40:53 - __main__ - INFO - Creating visualizations...
2025-12-31 00:40:53 - __main__ - INFO - Evaluating model...
2025-12-31 00:40:53 - __main__ - INFO - Saving model...
2025-12-31 00:40:54 - __main__ - INFO - Creating visualizations...
2025-12-31 00:40:55 - __main__ - INFO - AND gate processing complete!
2025-12-31 00:40:56 - __main__ - INFO - XOR gate processing complete!
2025-12-31 00:40:56 - __main__ - INFO - 
======================================================================
SUMMARY
======================================================================
2025-12-31 00:40:56 - __main__ - INFO - AND: ✓ SUCCESS - Acc: 50.00%, Loss: 0.0236, Model: /mnt/c/Users/yair0/AI_continue/Lesson27/perceptron_gates/models/and_model.keras
2025-12-31 00:40:56 - __main__ - INFO - XOR: ✓ SUCCESS - Acc: 52.50%, Loss: 0.0951, Model: /mnt/c/Users/yair0/AI_continue/Lesson27/perceptron_gates/models/xor_model.keras
2025-12-31 00:40:56 - __main__ - INFO - ======================================================================
All tasks completed!
======================================================================
