[2026-02-02 22:35:49] [INFO] [video_compression] Logger initialized successfully
[2026-02-02 22:35:49] [INFO] [video_compression] Log file: /mnt/c/Users/yair0/AI_continue/Lesson35_video_processing/Video_processing/log/video_compression.log
[2026-02-02 22:35:49] [INFO] [video_compression] Ring buffer: 20 files x 16MB
[2026-02-02 22:35:50] [INFO] [video_compression] Video Compression Analysis Tool v1.0.0
[2026-02-02 22:35:50] [INFO] [video_compression] Author: Yair Levi
[2026-02-02 22:35:50] [INFO] [video_compression] FFmpeg found at: /usr/bin/ffmpeg
[2026-02-02 22:35:50] [INFO] [video_compression] FFprobe found at: /usr/bin/ffprobe
[2026-02-02 22:35:50] [ERROR] [video_compression] Input file not found: test.mp4
[2026-02-02 22:35:50] [ERROR] [video_compression] Input file not found: test.mp4
[2026-02-02 22:35:50] [INFO] [video_compression] ======================================================================
[2026-02-02 22:35:50] [INFO] [video_compression] TASK 3: TEST VIDEO GENERATION
[2026-02-02 22:35:50] [INFO] [video_compression] ======================================================================
[2026-02-02 22:35:50] [INFO] [video_compression] Starting test video generation
[2026-02-02 22:35:50] [INFO] [video_compression] FFmpeg found at: /usr/bin/ffmpeg
[2026-02-02 22:35:50] [INFO] [video_compression] FFprobe found at: /usr/bin/ffprobe
[2026-02-02 22:35:50] [INFO] [video_compression] Generating 300 frames at 30 fps
[2026-02-02 22:35:54] [INFO] [video_compression] Generated 100/300 frames
[2026-02-02 22:35:58] [INFO] [video_compression] Generated 200/300 frames
[2026-02-02 22:36:02] [INFO] [video_compression] Generated 300/300 frames
[2026-02-02 22:36:02] [INFO] [video_compression] All 300 frames generated
[2026-02-02 22:36:02] [INFO] [video_compression] Encoding video to: /mnt/c/Users/yair0/AI_continue/Lesson35_video_processing/Video_processing/test_video.mp4
[2026-02-02 22:36:05] [INFO] [video_compression] Video encoding complete
[2026-02-02 22:36:05] [INFO] [video_compression] Test video generation complete in 14.74s
[2026-02-02 22:36:05] [INFO] [video_compression] Cleaning up temporary directory: /mnt/c/Users/yair0/AI_continue/Lesson35_video_processing/Video_processing/temp_frames
[2026-02-02 22:36:05] [INFO] [video_compression] Completed 1/3 tasks successfully
[2026-02-02 22:36:05] [WARNING] [video_compression] 2 task(s) failed
[2026-02-02 23:22:44] [INFO] [video_compression] Logger initialized successfully
[2026-02-02 23:22:44] [INFO] [video_compression] Log file: /mnt/c/Users/yair0/AI_continue/Lesson35_video_processing/Video_processing/log/video_compression.log
[2026-02-02 23:22:44] [INFO] [video_compression] Ring buffer: 20 files x 16MB
[2026-02-02 23:22:45] [INFO] [video_compression] Video Compression Analysis Tool v1.0.0
[2026-02-02 23:22:45] [INFO] [video_compression] Author: Yair Levi
[2026-02-02 23:22:45] [INFO] [video_compression] FFmpeg found at: /usr/bin/ffmpeg
[2026-02-02 23:22:45] [INFO] [video_compression] FFprobe found at: /usr/bin/ffprobe
[2026-02-02 23:22:45] [ERROR] [video_compression] Input file not found: test.mp4
[2026-02-02 23:22:45] [ERROR] [video_compression] Input file not found: test.mp4
[2026-02-02 23:22:45] [INFO] [video_compression] ======================================================================
[2026-02-02 23:22:45] [INFO] [video_compression] TASK 3: TEST VIDEO GENERATION
[2026-02-02 23:22:45] [INFO] [video_compression] ======================================================================
[2026-02-02 23:22:45] [INFO] [video_compression] Starting test video generation
[2026-02-02 23:22:45] [INFO] [video_compression] FFmpeg found at: /usr/bin/ffmpeg
[2026-02-02 23:22:45] [INFO] [video_compression] FFprobe found at: /usr/bin/ffprobe
[2026-02-02 23:22:45] [INFO] [video_compression] Generating 300 frames at 30 fps
[2026-02-02 23:22:49] [INFO] [video_compression] Generated 100/300 frames
[2026-02-02 23:22:52] [INFO] [video_compression] Generated 200/300 frames
[2026-02-02 23:22:55] [INFO] [video_compression] Generated 300/300 frames
[2026-02-02 23:22:55] [INFO] [video_compression] All 300 frames generated
[2026-02-02 23:22:55] [INFO] [video_compression] Encoding video to: /mnt/c/Users/yair0/AI_continue/Lesson35_video_processing/Video_processing/test_video.mp4
[2026-02-02 23:22:58] [INFO] [video_compression] Video encoding complete
[2026-02-02 23:22:58] [INFO] [video_compression] Test video generation complete in 12.97s
[2026-02-02 23:22:58] [INFO] [video_compression] Cleaning up temporary directory: /mnt/c/Users/yair0/AI_continue/Lesson35_video_processing/Video_processing/temp_frames
[2026-02-02 23:22:58] [INFO] [video_compression] Completed 1/3 tasks successfully
[2026-02-02 23:22:58] [WARNING] [video_compression] 2 task(s) failed
